[ 2016-06-15T13:56:39+08:00 ] 0.0.0.0 /shop/
INFO: [ app_begin ] --START--
INFO: ReadHtmlCache Behavior ::run [ RunTime:0.001759s ]
INFO: [ app_begin ] --END-- [ RunTime:0.002322s ]
SQL: SHOW COLUMNS FROM `user` [ RunTime:0.004956s ]
SQL: SELECT `user_status` FROM `user` WHERE ( `loginkey` = '15168365220' ) LIMIT 1   [ RunTime:0.000391s ]
INFO: [ view_parse ] --START--
INFO: ParseTemplate Behavior ::run [ RunTime:0.008893s ]
INFO: [ view_parse ] --END-- [ RunTime:0.008988s ]
INFO: [ view_filter ] --START--
INFO: ContentReplace Behavior ::run [ RunTime:0.000647s ]
INFO: TokenBuild Behavior ::run [ RunTime:0.000722s ]
INFO: WriteHtmlCache Behavior ::run [ RunTime:0.000587s ]
INFO: ShowRuntime Behavior ::run [ RunTime:0.000703s ]
INFO: [ view_filter ] --END-- [ RunTime:0.002815s ]
INFO: [ view_end ] --START--
INFO: ShowPageTrace Behavior ::run [ RunTime:0.000959s ]
INFO: [ view_end ] --END-- [ RunTime:0.001007s ]

[ 2016-06-15T13:56:39+08:00 ] 0.0.0.0 /shop/Index/hotRecommend
INFO: [ route_check ] --START--
INFO: CheckRoute Behavior ::run [ RunTime:0.001256s ]
INFO: [ route_check ] --END-- [ RunTime:0.001337s ]
INFO: [ app_begin ] --START--
INFO: ReadHtmlCache Behavior ::run [ RunTime:0.000510s ]
INFO: [ app_begin ] --END-- [ RunTime:0.000558s ]
SQL: SHOW COLUMNS FROM `goods` [ RunTime:0.004709s ]
SQL: SELECT * FROM `goods` WHERE ( goods_status = 1 )  [ RunTime:0.000503s ]

[ 2016-06-15T13:56:41+08:00 ] 0.0.0.0 /shop/Tpl/Public/js/maps/swiper.jquery.min.js.map
INFO: [ route_check ] --START--
INFO: CheckRoute Behavior ::run [ RunTime:0.000557s ]
INFO: [ route_check ] --END-- [ RunTime:0.000632s ]
INFO: [ app_begin ] --START--
INFO: ReadHtmlCache Behavior ::run [ RunTime:0.000393s ]
INFO: [ app_begin ] --END-- [ RunTime:0.000443s ]
ERR: 无法加载模块:Tpl

[ 2016-06-15T13:56:43+08:00 ] 0.0.0.0 /shop/Display/personal.Tpl
INFO: [ route_check ] --START--
INFO: CheckRoute Behavior ::run [ RunTime:0.000818s ]
INFO: [ route_check ] --END-- [ RunTime:0.000945s ]
INFO: [ app_begin ] --START--
INFO: ReadHtmlCache Behavior ::run [ RunTime:0.000547s ]
INFO: [ app_begin ] --END-- [ RunTime:0.000614s ]
INFO: [ view_parse ] --START--
INFO: ParseTemplate Behavior ::run [ RunTime:0.010162s ]
INFO: [ view_parse ] --END-- [ RunTime:0.010267s ]
INFO: [ view_filter ] --START--
INFO: ContentReplace Behavior ::run [ RunTime:0.000644s ]
INFO: TokenBuild Behavior ::run [ RunTime:0.000616s ]
INFO: WriteHtmlCache Behavior ::run [ RunTime:0.000502s ]
INFO: ShowRuntime Behavior ::run [ RunTime:0.000637s ]
INFO: [ view_filter ] --END-- [ RunTime:0.002585s ]
INFO: [ view_end ] --START--
INFO: ShowPageTrace Behavior ::run [ RunTime:0.000711s ]
INFO: [ view_end ] --END-- [ RunTime:0.000780s ]

[ 2016-06-15T13:56:43+08:00 ] 0.0.0.0 /shop/Tpl/Public/js/maps/swiper.jquery.min.js.map
INFO: [ route_check ] --START--
INFO: CheckRoute Behavior ::run [ RunTime:0.000647s ]
INFO: [ route_check ] --END-- [ RunTime:0.000730s ]
INFO: [ app_begin ] --START--
INFO: ReadHtmlCache Behavior ::run [ RunTime:0.000421s ]
INFO: [ app_begin ] --END-- [ RunTime:0.000477s ]
ERR: 无法加载模块:Tpl

[ 2016-06-15T13:56:43+08:00 ] 0.0.0.0 /shop/Personal/userMessage
INFO: [ route_check ] --START--
INFO: CheckRoute Behavior ::run [ RunTime:0.000787s ]
INFO: [ route_check ] --END-- [ RunTime:0.000881s ]
INFO: [ app_begin ] --START--
INFO: ReadHtmlCache Behavior ::run [ RunTime:0.000413s ]
INFO: [ app_begin ] --END-- [ RunTime:0.000459s ]
SQL: SHOW COLUMNS FROM `user` [ RunTime:0.003046s ]
SQL: SELECT * FROM `user` WHERE ( `loginkey` = '15168365220' )  [ RunTime:0.000672s ]

[ 2016-06-15T13:56:45+08:00 ] 0.0.0.0 /shop/Display/shoppingcart
INFO: [ route_check ] --START--
INFO: CheckRoute Behavior ::run [ RunTime:0.000558s ]
INFO: [ route_check ] --END-- [ RunTime:0.000635s ]
INFO: [ app_begin ] --START--
INFO: ReadHtmlCache Behavior ::run [ RunTime:0.000399s ]
INFO: [ app_begin ] --END-- [ RunTime:0.000450s ]
INFO: [ view_parse ] --START--
INFO: ParseTemplate Behavior ::run [ RunTime:0.007306s ]
INFO: [ view_parse ] --END-- [ RunTime:0.007436s ]
INFO: [ view_filter ] --START--
INFO: ContentReplace Behavior ::run [ RunTime:0.000510s ]
INFO: TokenBuild Behavior ::run [ RunTime:0.000330s ]
INFO: WriteHtmlCache Behavior ::run [ RunTime:0.000239s ]
INFO: ShowRuntime Behavior ::run [ RunTime:0.000357s ]
INFO: [ view_filter ] --END-- [ RunTime:0.001589s ]
INFO: [ view_end ] --START--
INFO: ShowPageTrace Behavior ::run [ RunTime:0.000478s ]
INFO: [ view_end ] --END-- [ RunTime:0.000542s ]

[ 2016-06-15T13:56:45+08:00 ] 0.0.0.0 /shop/Tpl/Public/js/maps/swiper.jquery.min.js.map
INFO: [ route_check ] --START--
INFO: CheckRoute Behavior ::run [ RunTime:0.000698s ]
INFO: [ route_check ] --END-- [ RunTime:0.000808s ]
INFO: [ app_begin ] --START--
INFO: ReadHtmlCache Behavior ::run [ RunTime:0.000427s ]
INFO: [ app_begin ] --END-- [ RunTime:0.000482s ]
ERR: 无法加载模块:Tpl

[ 2016-06-15T13:56:45+08:00 ] 0.0.0.0 /shop/ShoppingCart/getShoppingcart
INFO: [ route_check ] --START--
INFO: CheckRoute Behavior ::run [ RunTime:0.000837s ]
INFO: [ route_check ] --END-- [ RunTime:0.000917s ]
INFO: [ app_begin ] --START--
INFO: ReadHtmlCache Behavior ::run [ RunTime:0.000511s ]
INFO: [ app_begin ] --END-- [ RunTime:0.000558s ]
SQL: SHOW COLUMNS FROM `shoppingcart` [ RunTime:0.005581s ]
SQL: SELECT * FROM `shoppingcart` WHERE ( `loginkey` = '15168365220' )  [ RunTime:0.000261s ]
NOTIC: [2] Invalid argument supplied for foreach() C:\programs\phpstudy\WWW\shop\Lib\Action\ShoppingCartAction.class.php 第 19 行.
SQL: SELECT * FROM `shoppingcart` WHERE ( `loginkey` = '15168365220' )  [ RunTime:0.000210s ]
NOTIC: [2] Invalid argument supplied for foreach() C:\programs\phpstudy\WWW\shop\Lib\Action\ShoppingCartAction.class.php 第 114 行.

[ 2016-06-15T13:56:45+08:00 ] 0.0.0.0 /shop/Display/goodslist
INFO: [ route_check ] --START--
INFO: CheckRoute Behavior ::run [ RunTime:0.000725s ]
INFO: [ route_check ] --END-- [ RunTime:0.000818s ]
INFO: [ app_begin ] --START--
INFO: ReadHtmlCache Behavior ::run [ RunTime:0.000704s ]
INFO: [ app_begin ] --END-- [ RunTime:0.000790s ]
INFO: [ view_parse ] --START--
INFO: ParseTemplate Behavior ::run [ RunTime:0.010031s ]
INFO: [ view_parse ] --END-- [ RunTime:0.010125s ]
INFO: [ view_filter ] --START--
INFO: ContentReplace Behavior ::run [ RunTime:0.000480s ]
INFO: TokenBuild Behavior ::run [ RunTime:0.000408s ]
INFO: WriteHtmlCache Behavior ::run [ RunTime:0.000333s ]
INFO: ShowRuntime Behavior ::run [ RunTime:0.000448s ]
INFO: [ view_filter ] --END-- [ RunTime:0.001799s ]
INFO: [ view_end ] --START--
INFO: ShowPageTrace Behavior ::run [ RunTime:0.000610s ]
INFO: [ view_end ] --END-- [ RunTime:0.000668s ]

[ 2016-06-15T13:56:46+08:00 ] 0.0.0.0 /shop/Tpl/Public/js/maps/swiper.jquery.min.js.map
INFO: [ route_check ] --START--
INFO: CheckRoute Behavior ::run [ RunTime:0.000739s ]
INFO: [ route_check ] --END-- [ RunTime:0.000834s ]
INFO: [ app_begin ] --START--
INFO: ReadHtmlCache Behavior ::run [ RunTime:0.000429s ]
INFO: [ app_begin ] --END-- [ RunTime:0.000481s ]
ERR: 无法加载模块:Tpl

[ 2016-06-15T13:56:46+08:00 ] 0.0.0.0 /shop/Goods/getGoodsType
INFO: [ route_check ] --START--
INFO: CheckRoute Behavior ::run [ RunTime:0.000575s ]
INFO: [ route_check ] --END-- [ RunTime:0.000651s ]
INFO: [ app_begin ] --START--
INFO: ReadHtmlCache Behavior ::run [ RunTime:0.000420s ]
INFO: [ app_begin ] --END-- [ RunTime:0.000465s ]
SQL: SHOW COLUMNS FROM `assortment` [ RunTime:0.005328s ]
SQL: SELECT * FROM `assortment` ORDER BY goods_type  [ RunTime:0.000671s ]

[ 2016-06-15T13:56:46+08:00 ] 0.0.0.0 /shop/Goods/getGoods
INFO: [ route_check ] --START--
INFO: CheckRoute Behavior ::run [ RunTime:0.000844s ]
INFO: [ route_check ] --END-- [ RunTime:0.000928s ]
INFO: [ app_begin ] --START--
INFO: ReadHtmlCache Behavior ::run [ RunTime:0.000497s ]
INFO: [ app_begin ] --END-- [ RunTime:0.000550s ]
SQL: SHOW COLUMNS FROM `assortment` [ RunTime:0.005339s ]
SQL: SELECT * FROM `assortment` ORDER BY goods_type LIMIT 1   [ RunTime:0.000223s ]
SQL: SHOW COLUMNS FROM `goods` [ RunTime:0.002698s ]
SQL: SELECT * FROM `goods` WHERE ( `goods_type` = 1 )  [ RunTime:0.000282s ]

[ 2016-06-15T13:56:51+08:00 ] 0.0.0.0 /shop/Display/managesys
INFO: [ route_check ] --START--
INFO: CheckRoute Behavior ::run [ RunTime:0.000778s ]
INFO: [ route_check ] --END-- [ RunTime:0.000854s ]
INFO: [ app_begin ] --START--
INFO: ReadHtmlCache Behavior ::run [ RunTime:0.000495s ]
INFO: [ app_begin ] --END-- [ RunTime:0.000548s ]
INFO: [ view_parse ] --START--
INFO: ParseTemplate Behavior ::run [ RunTime:0.007225s ]
INFO: [ view_parse ] --END-- [ RunTime:0.007300s ]
INFO: [ view_filter ] --START--
INFO: ContentReplace Behavior ::run [ RunTime:0.000454s ]
INFO: TokenBuild Behavior ::run [ RunTime:0.000394s ]
INFO: WriteHtmlCache Behavior ::run [ RunTime:0.000323s ]
INFO: ShowRuntime Behavior ::run [ RunTime:0.000456s ]
INFO: [ view_filter ] --END-- [ RunTime:0.001762s ]
INFO: [ view_end ] --START--
INFO: ShowPageTrace Behavior ::run [ RunTime:0.000522s ]
INFO: [ view_end ] --END-- [ RunTime:0.000570s ]

[ 2016-06-15T13:56:51+08:00 ] 0.0.0.0 /shop/Tpl/Public/js/managelogin.js
INFO: [ route_check ] --START--
INFO: CheckRoute Behavior ::run [ RunTime:0.000649s ]
INFO: [ route_check ] --END-- [ RunTime:0.000728s ]
INFO: [ app_begin ] --START--
INFO: ReadHtmlCache Behavior ::run [ RunTime:0.000394s ]
INFO: [ app_begin ] --END-- [ RunTime:0.000442s ]
ERR: 无法加载模块:Tpl

[ 2016-06-15T13:57:01+08:00 ] 0.0.0.0 /shop/Managesys/login
INFO: [ route_check ] --START--
INFO: CheckRoute Behavior ::run [ RunTime:0.000776s ]
INFO: [ route_check ] --END-- [ RunTime:0.000849s ]
INFO: [ app_begin ] --START--
INFO: ReadHtmlCache Behavior ::run [ RunTime:0.000471s ]
INFO: [ app_begin ] --END-- [ RunTime:0.000517s ]
NOTIC: [2] Missing argument 1 for I(), called in C:\programs\phpstudy\WWW\shop\Lib\Action\ManagesysAction.class.php on line 5 and defined C:\programs\phpstudy\WWW\ThinkPHP\Common\common.php 第 71 行.
NOTIC: [8] Undefined variable: name C:\programs\phpstudy\WWW\ThinkPHP\Common\common.php 第 72 行.
SQL: SHOW COLUMNS FROM `manageuser` [ RunTime:0.004145s ]
SQL: SELECT * FROM `manageuser` WHERE ( `username` = 'admin' ) AND ( `password` = 'admin' ) LIMIT 1   [ RunTime:0.000253s ]

[ 2016-06-15T13:57:01+08:00 ] 0.0.0.0 /shop/Display/manageindex
INFO: [ route_check ] --START--
INFO: CheckRoute Behavior ::run [ RunTime:0.000572s ]
INFO: [ route_check ] --END-- [ RunTime:0.000651s ]
INFO: [ app_begin ] --START--
INFO: ReadHtmlCache Behavior ::run [ RunTime:0.000397s ]
INFO: [ app_begin ] --END-- [ RunTime:0.000447s ]
INFO: [ view_parse ] --START--
INFO: ParseTemplate Behavior ::run [ RunTime:0.005823s ]
INFO: [ view_parse ] --END-- [ RunTime:0.005888s ]
INFO: [ view_filter ] --START--
INFO: ContentReplace Behavior ::run [ RunTime:0.000421s ]
INFO: TokenBuild Behavior ::run [ RunTime:0.000393s ]
INFO: WriteHtmlCache Behavior ::run [ RunTime:0.000334s ]
INFO: ShowRuntime Behavior ::run [ RunTime:0.000437s ]
INFO: [ view_filter ] --END-- [ RunTime:0.001718s ]
INFO: [ view_end ] --START--
INFO: ShowPageTrace Behavior ::run [ RunTime:0.000539s ]
INFO: [ view_end ] --END-- [ RunTime:0.000587s ]

[ 2016-06-15T13:57:01+08:00 ] 0.0.0.0 /shop/Display/goodsmanage
INFO: [ route_check ] --START--
INFO: CheckRoute Behavior ::run [ RunTime:0.000578s ]
INFO: [ route_check ] --END-- [ RunTime:0.000692s ]
INFO: [ app_begin ] --START--
INFO: ReadHtmlCache Behavior ::run [ RunTime:0.000394s ]
INFO: [ app_begin ] --END-- [ RunTime:0.000443s ]
INFO: [ view_parse ] --START--
INFO: ParseTemplate Behavior ::run [ RunTime:0.009535s ]
INFO: [ view_parse ] --END-- [ RunTime:0.009744s ]
INFO: [ view_filter ] --START--
INFO: ContentReplace Behavior ::run [ RunTime:0.000708s ]
INFO: TokenBuild Behavior ::run [ RunTime:0.000477s ]
INFO: WriteHtmlCache Behavior ::run [ RunTime:0.000369s ]
INFO: ShowRuntime Behavior ::run [ RunTime:0.000611s ]
INFO: [ view_filter ] --END-- [ RunTime:0.002369s ]
INFO: [ view_end ] --START--
INFO: ShowPageTrace Behavior ::run [ RunTime:0.000564s ]
INFO: [ view_end ] --END-- [ RunTime:0.000649s ]

[ 2016-06-15T13:57:01+08:00 ] 0.0.0.0 /shop/Goods/getGoodsType
INFO: [ route_check ] --START--
INFO: CheckRoute Behavior ::run [ RunTime:0.000578s ]
INFO: [ route_check ] --END-- [ RunTime:0.000659s ]
INFO: [ app_begin ] --START--
INFO: ReadHtmlCache Behavior ::run [ RunTime:0.000400s ]
INFO: [ app_begin ] --END-- [ RunTime:0.000448s ]
SQL: SHOW COLUMNS FROM `assortment` [ RunTime:0.004113s ]
SQL: SELECT * FROM `assortment` ORDER BY goods_type  [ RunTime:0.000277s ]

[ 2016-06-15T13:57:01+08:00 ] 0.0.0.0 /shop/Managesys/getGoods
INFO: [ route_check ] --START--
INFO: CheckRoute Behavior ::run [ RunTime:0.000560s ]
INFO: [ route_check ] --END-- [ RunTime:0.000629s ]
INFO: [ app_begin ] --START--
INFO: ReadHtmlCache Behavior ::run [ RunTime:0.000426s ]
INFO: [ app_begin ] --END-- [ RunTime:0.000472s ]
SQL: SHOW COLUMNS FROM `goods` [ RunTime:0.003138s ]
SQL: SELECT * FROM `goods` WHERE ( `goods_type` = 1 )  [ RunTime:0.000344s ]

[ 2016-06-15T13:57:03+08:00 ] 0.0.0.0 /shop/Managesys/getGoods
INFO: [ route_check ] --START--
INFO: CheckRoute Behavior ::run [ RunTime:0.000727s ]
INFO: [ route_check ] --END-- [ RunTime:0.000809s ]
INFO: [ app_begin ] --START--
INFO: ReadHtmlCache Behavior ::run [ RunTime:0.000551s ]
INFO: [ app_begin ] --END-- [ RunTime:0.000610s ]
SQL: SHOW COLUMNS FROM `goods` [ RunTime:0.005098s ]
SQL: SELECT * FROM `goods` WHERE ( `goods_type` = 2 )  [ RunTime:0.000355s ]

[ 2016-06-15T13:57:05+08:00 ] 0.0.0.0 /shop/Managesys/getGoods
INFO: [ route_check ] --START--
INFO: CheckRoute Behavior ::run [ RunTime:0.000546s ]
INFO: [ route_check ] --END-- [ RunTime:0.000613s ]
INFO: [ app_begin ] --START--
INFO: ReadHtmlCache Behavior ::run [ RunTime:0.000397s ]
INFO: [ app_begin ] --END-- [ RunTime:0.000442s ]
SQL: SHOW COLUMNS FROM `goods` [ RunTime:0.004609s ]
SQL: SELECT * FROM `goods` WHERE ( `goods_type` = 1 )  [ RunTime:0.000228s ]

[ 2016-06-15T13:57:23+08:00 ] 0.0.0.0 /shop/Managesys/getGoods
INFO: [ route_check ] --START--
INFO: CheckRoute Behavior ::run [ RunTime:0.000728s ]
INFO: [ route_check ] --END-- [ RunTime:0.000828s ]
INFO: [ app_begin ] --START--
INFO: ReadHtmlCache Behavior ::run [ RunTime:0.000523s ]
INFO: [ app_begin ] --END-- [ RunTime:0.000582s ]
SQL: SHOW COLUMNS FROM `goods` [ RunTime:0.004686s ]
SQL: SELECT * FROM `goods` WHERE ( `goods_type` = 1 )  [ RunTime:0.000303s ]

[ 2016-06-15T14:00:40+08:00 ] 0.0.0.0 /shop/Managesys/getGoods
INFO: [ route_check ] --START--
INFO: CheckRoute Behavior ::run [ RunTime:0.001006s ]
INFO: [ route_check ] --END-- [ RunTime:0.001092s ]
INFO: [ app_begin ] --START--
INFO: ReadHtmlCache Behavior ::run [ RunTime:0.000493s ]
INFO: [ app_begin ] --END-- [ RunTime:0.000537s ]
SQL: SHOW COLUMNS FROM `goods` [ RunTime:0.004476s ]
SQL: SELECT * FROM `goods` WHERE ( `goods_type` = 2 )  [ RunTime:0.000293s ]

[ 2016-06-15T14:00:41+08:00 ] 0.0.0.0 /shop/Managesys/getGoods
INFO: [ route_check ] --START--
INFO: CheckRoute Behavior ::run [ RunTime:0.000738s ]
INFO: [ route_check ] --END-- [ RunTime:0.000828s ]
INFO: [ app_begin ] --START--
INFO: ReadHtmlCache Behavior ::run [ RunTime:0.000552s ]
INFO: [ app_begin ] --END-- [ RunTime:0.000612s ]
SQL: SHOW COLUMNS FROM `goods` [ RunTime:0.005081s ]
SQL: SELECT * FROM `goods` WHERE ( `goods_type` = 1 )  [ RunTime:0.000360s ]

[ 2016-06-15T14:24:02+08:00 ] 0.0.0.0 /shop/Managesys/getGoods
INFO: [ route_check ] --START--
INFO: CheckRoute Behavior ::run [ RunTime:0.001005s ]
INFO: [ route_check ] --END-- [ RunTime:0.001134s ]
INFO: [ app_begin ] --START--
INFO: ReadHtmlCache Behavior ::run [ RunTime:0.000552s ]
INFO: [ app_begin ] --END-- [ RunTime:0.000637s ]
SQL: SHOW COLUMNS FROM `goods` [ RunTime:0.004862s ]
SQL: SELECT * FROM `goods` WHERE ( `goods_type` = 2 )  [ RunTime:0.000312s ]

[ 2016-06-15T14:24:03+08:00 ] 0.0.0.0 /shop/Managesys/getGoods
INFO: [ route_check ] --START--
INFO: CheckRoute Behavior ::run [ RunTime:0.000620s ]
INFO: [ route_check ] --END-- [ RunTime:0.000714s ]
INFO: [ app_begin ] --START--
INFO: ReadHtmlCache Behavior ::run [ RunTime:0.000430s ]
INFO: [ app_begin ] --END-- [ RunTime:0.000478s ]
SQL: SHOW COLUMNS FROM `goods` [ RunTime:0.002623s ]
SQL: SELECT * FROM `goods` WHERE ( `goods_type` = 3 )  [ RunTime:0.000253s ]

[ 2016-06-15T14:24:04+08:00 ] 0.0.0.0 /shop/Managesys/getGoods
INFO: [ route_check ] --START--
INFO: CheckRoute Behavior ::run [ RunTime:0.000877s ]
INFO: [ route_check ] --END-- [ RunTime:0.000994s ]
INFO: [ app_begin ] --START--
INFO: ReadHtmlCache Behavior ::run [ RunTime:0.000630s ]
INFO: [ app_begin ] --END-- [ RunTime:0.000706s ]
SQL: SHOW COLUMNS FROM `goods` [ RunTime:0.002553s ]
SQL: SELECT * FROM `goods` WHERE ( `goods_type` = 2 )  [ RunTime:0.000222s ]

[ 2016-06-15T14:24:04+08:00 ] 0.0.0.0 /shop/Managesys/getGoods
INFO: [ route_check ] --START--
INFO: CheckRoute Behavior ::run [ RunTime:0.000563s ]
INFO: [ route_check ] --END-- [ RunTime:0.000641s ]
INFO: [ app_begin ] --START--
INFO: ReadHtmlCache Behavior ::run [ RunTime:0.000395s ]
INFO: [ app_begin ] --END-- [ RunTime:0.000440s ]
SQL: SHOW COLUMNS FROM `goods` [ RunTime:0.004584s ]
SQL: SELECT * FROM `goods` WHERE ( `goods_type` = 1 )  [ RunTime:0.000287s ]

[ 2016-06-15T14:24:22+08:00 ] 0.0.0.0 /shop/Managesys/getGoods
INFO: [ route_check ] --START--
INFO: CheckRoute Behavior ::run [ RunTime:0.000583s ]
INFO: [ route_check ] --END-- [ RunTime:0.000656s ]
INFO: [ app_begin ] --START--
INFO: ReadHtmlCache Behavior ::run [ RunTime:0.000429s ]
INFO: [ app_begin ] --END-- [ RunTime:0.000481s ]
SQL: SHOW COLUMNS FROM `goods` [ RunTime:0.004436s ]
SQL: SELECT * FROM `goods` WHERE ( `goods_type` = 2 )  [ RunTime:0.000234s ]

[ 2016-06-15T14:24:23+08:00 ] 0.0.0.0 /shop/Managesys/getGoods
INFO: [ route_check ] --START--
INFO: CheckRoute Behavior ::run [ RunTime:0.000563s ]
INFO: [ route_check ] --END-- [ RunTime:0.000636s ]
INFO: [ app_begin ] --START--
INFO: ReadHtmlCache Behavior ::run [ RunTime:0.000411s ]
INFO: [ app_begin ] --END-- [ RunTime:0.000457s ]
SQL: SHOW COLUMNS FROM `goods` [ RunTime:0.004292s ]
SQL: SELECT * FROM `goods` WHERE ( `goods_type` = 1 )  [ RunTime:0.000312s ]

[ 2016-06-15T16:11:39+08:00 ] 0.0.0.0 /shop/Display/goodsmanage
INFO: [ route_check ] --START--
INFO: CheckRoute Behavior ::run [ RunTime:0.000793s ]
INFO: [ route_check ] --END-- [ RunTime:0.000868s ]
INFO: [ app_begin ] --START--
INFO: ReadHtmlCache Behavior ::run [ RunTime:0.000507s ]
INFO: [ app_begin ] --END-- [ RunTime:0.000557s ]
INFO: [ view_parse ] --START--
INFO: ParseTemplate Behavior ::run [ RunTime:0.009464s ]
INFO: [ view_parse ] --END-- [ RunTime:0.009535s ]
INFO: [ view_filter ] --START--
INFO: ContentReplace Behavior ::run [ RunTime:0.000525s ]
INFO: TokenBuild Behavior ::run [ RunTime:0.000422s ]
INFO: WriteHtmlCache Behavior ::run [ RunTime:0.000328s ]
INFO: ShowRuntime Behavior ::run [ RunTime:0.000467s ]
INFO: [ view_filter ] --END-- [ RunTime:0.001871s ]
INFO: [ view_end ] --START--
INFO: ShowPageTrace Behavior ::run [ RunTime:0.000543s ]
INFO: [ view_end ] --END-- [ RunTime:0.000591s ]

[ 2016-06-15T16:11:39+08:00 ] 0.0.0.0 /shop/Goods/getGoodsType
INFO: [ route_check ] --START--
INFO: CheckRoute Behavior ::run [ RunTime:0.000585s ]
INFO: [ route_check ] --END-- [ RunTime:0.000666s ]
INFO: [ app_begin ] --START--
INFO: ReadHtmlCache Behavior ::run [ RunTime:0.000437s ]
INFO: [ app_begin ] --END-- [ RunTime:0.000488s ]
SQL: SHOW COLUMNS FROM `assortment` [ RunTime:0.005610s ]
SQL: SELECT * FROM `assortment` ORDER BY goods_type  [ RunTime:0.000291s ]

[ 2016-06-15T16:11:39+08:00 ] 0.0.0.0 /shop/Managesys/getGoods
INFO: [ route_check ] --START--
INFO: CheckRoute Behavior ::run [ RunTime:0.001174s ]
INFO: [ route_check ] --END-- [ RunTime:0.001263s ]
INFO: [ app_begin ] --START--
INFO: ReadHtmlCache Behavior ::run [ RunTime:0.000507s ]
INFO: [ app_begin ] --END-- [ RunTime:0.000563s ]
SQL: SHOW COLUMNS FROM `goods` [ RunTime:0.003336s ]
SQL: SELECT * FROM `goods` WHERE ( `goods_type` = 1 )  [ RunTime:0.000313s ]

[ 2016-06-15T16:11:57+08:00 ] 0.0.0.0 /shop/Display/manageindex
INFO: [ route_check ] --START--
INFO: CheckRoute Behavior ::run [ RunTime:0.000620s ]
INFO: [ route_check ] --END-- [ RunTime:0.000707s ]
INFO: [ app_begin ] --START--
INFO: ReadHtmlCache Behavior ::run [ RunTime:0.000424s ]
INFO: [ app_begin ] --END-- [ RunTime:0.000474s ]
INFO: [ view_parse ] --START--
INFO: ParseTemplate Behavior ::run [ RunTime:0.015856s ]
INFO: [ view_parse ] --END-- [ RunTime:0.016042s ]
INFO: [ view_filter ] --START--
INFO: ContentReplace Behavior ::run [ RunTime:0.001233s ]
INFO: TokenBuild Behavior ::run [ RunTime:0.001060s ]
INFO: WriteHtmlCache Behavior ::run [ RunTime:0.000919s ]
INFO: ShowRuntime Behavior ::run [ RunTime:0.001410s ]
INFO: [ view_filter ] --END-- [ RunTime:0.004978s ]
INFO: [ view_end ] --START--
INFO: ShowPageTrace Behavior ::run [ RunTime:0.001584s ]
INFO: [ view_end ] --END-- [ RunTime:0.001724s ]

[ 2016-06-15T16:11:58+08:00 ] 0.0.0.0 /shop/Display/goodsmanage
INFO: [ route_check ] --START--
INFO: CheckRoute Behavior ::run [ RunTime:0.001001s ]
INFO: [ route_check ] --END-- [ RunTime:0.001082s ]
INFO: [ app_begin ] --START--
INFO: ReadHtmlCache Behavior ::run [ RunTime:0.000554s ]
INFO: [ app_begin ] --END-- [ RunTime:0.000605s ]
INFO: [ view_parse ] --START--
INFO: ParseTemplate Behavior ::run [ RunTime:0.009320s ]
INFO: [ view_parse ] --END-- [ RunTime:0.009394s ]
INFO: [ view_filter ] --START--
INFO: ContentReplace Behavior ::run [ RunTime:0.000524s ]
INFO: TokenBuild Behavior ::run [ RunTime:0.000465s ]
INFO: WriteHtmlCache Behavior ::run [ RunTime:0.000444s ]
INFO: ShowRuntime Behavior ::run [ RunTime:0.000570s ]
INFO: [ view_filter ] --END-- [ RunTime:0.002158s ]
INFO: [ view_end ] --START--
INFO: ShowPageTrace Behavior ::run [ RunTime:0.000723s ]
INFO: [ view_end ] --END-- [ RunTime:0.000781s ]

[ 2016-06-15T16:11:58+08:00 ] 0.0.0.0 /shop/Goods/getGoodsType
INFO: [ route_check ] --START--
INFO: CheckRoute Behavior ::run [ RunTime:0.000624s ]
INFO: [ route_check ] --END-- [ RunTime:0.000700s ]
INFO: [ app_begin ] --START--
INFO: ReadHtmlCache Behavior ::run [ RunTime:0.000456s ]
INFO: [ app_begin ] --END-- [ RunTime:0.000509s ]
SQL: SHOW COLUMNS FROM `assortment` [ RunTime:0.003463s ]
SQL: SELECT * FROM `assortment` ORDER BY goods_type  [ RunTime:0.000309s ]

[ 2016-06-15T16:11:58+08:00 ] 0.0.0.0 /shop/Managesys/getGoods
INFO: [ route_check ] --START--
INFO: CheckRoute Behavior ::run [ RunTime:0.000590s ]
INFO: [ route_check ] --END-- [ RunTime:0.000680s ]
INFO: [ app_begin ] --START--
INFO: ReadHtmlCache Behavior ::run [ RunTime:0.000407s ]
INFO: [ app_begin ] --END-- [ RunTime:0.000454s ]
SQL: SHOW COLUMNS FROM `goods` [ RunTime:0.003975s ]
SQL: SELECT * FROM `goods` WHERE ( `goods_type` = 1 )  [ RunTime:0.000430s ]

[ 2016-06-15T16:12:02+08:00 ] 0.0.0.0 /shop/Display/goodsmanage
INFO: [ route_check ] --START--
INFO: CheckRoute Behavior ::run [ RunTime:0.000749s ]
INFO: [ route_check ] --END-- [ RunTime:0.000848s ]
INFO: [ app_begin ] --START--
INFO: ReadHtmlCache Behavior ::run [ RunTime:0.000539s ]
INFO: [ app_begin ] --END-- [ RunTime:0.000608s ]
INFO: [ view_parse ] --START--
INFO: ParseTemplate Behavior ::run [ RunTime:0.009333s ]
INFO: [ view_parse ] --END-- [ RunTime:0.009423s ]
INFO: [ view_filter ] --START--
INFO: ContentReplace Behavior ::run [ RunTime:0.000414s ]
INFO: TokenBuild Behavior ::run [ RunTime:0.000319s ]
INFO: WriteHtmlCache Behavior ::run [ RunTime:0.000239s ]
INFO: ShowRuntime Behavior ::run [ RunTime:0.000381s ]
INFO: [ view_filter ] --END-- [ RunTime:0.001485s ]
INFO: [ view_end ] --START--
INFO: ShowPageTrace Behavior ::run [ RunTime:0.000454s ]
INFO: [ view_end ] --END-- [ RunTime:0.000503s ]

[ 2016-06-15T16:12:02+08:00 ] 0.0.0.0 /shop/Goods/getGoodsType
INFO: [ route_check ] --START--
INFO: CheckRoute Behavior ::run [ RunTime:0.000581s ]
INFO: [ route_check ] --END-- [ RunTime:0.000662s ]
INFO: [ app_begin ] --START--
INFO: ReadHtmlCache Behavior ::run [ RunTime:0.000419s ]
INFO: [ app_begin ] --END-- [ RunTime:0.000469s ]
SQL: SHOW COLUMNS FROM `assortment` [ RunTime:0.005245s ]
SQL: SELECT * FROM `assortment` ORDER BY goods_type  [ RunTime:0.000251s ]

[ 2016-06-15T16:12:02+08:00 ] 0.0.0.0 /shop/Managesys/getGoods
INFO: [ route_check ] --START--
INFO: CheckRoute Behavior ::run [ RunTime:0.000583s ]
INFO: [ route_check ] --END-- [ RunTime:0.000661s ]
INFO: [ app_begin ] --START--
INFO: ReadHtmlCache Behavior ::run [ RunTime:0.000445s ]
INFO: [ app_begin ] --END-- [ RunTime:0.000492s ]
SQL: SHOW COLUMNS FROM `goods` [ RunTime:0.002918s ]
SQL: SELECT * FROM `goods` WHERE ( `goods_type` = 1 )  [ RunTime:0.000322s ]

[ 2016-06-15T16:32:59+08:00 ] 0.0.0.0 /shop/Display/manageindex
INFO: [ route_check ] --START--
INFO: CheckRoute Behavior ::run [ RunTime:0.001436s ]
INFO: [ route_check ] --END-- [ RunTime:0.001574s ]
INFO: [ app_begin ] --START--
INFO: ReadHtmlCache Behavior ::run [ RunTime:0.000851s ]
INFO: [ app_begin ] --END-- [ RunTime:0.000967s ]
INFO: [ view_parse ] --START--
INFO: ParseTemplate Behavior ::run [ RunTime:0.006109s ]
INFO: [ view_parse ] --END-- [ RunTime:0.006200s ]
INFO: [ view_filter ] --START--
INFO: ContentReplace Behavior ::run [ RunTime:0.000448s ]
INFO: TokenBuild Behavior ::run [ RunTime:0.000401s ]
INFO: WriteHtmlCache Behavior ::run [ RunTime:0.000322s ]
INFO: ShowRuntime Behavior ::run [ RunTime:0.000454s ]
INFO: [ view_filter ] --END-- [ RunTime:0.001758s ]
INFO: [ view_end ] --START--
INFO: ShowPageTrace Behavior ::run [ RunTime:0.000630s ]
INFO: [ view_end ] --END-- [ RunTime:0.000687s ]

[ 2016-06-15T16:32:59+08:00 ] 0.0.0.0 /shop/Display/goodsmanage
INFO: [ route_check ] --START--
INFO: CheckRoute Behavior ::run [ RunTime:0.000895s ]
INFO: [ route_check ] --END-- [ RunTime:0.000989s ]
INFO: [ app_begin ] --START--
INFO: ReadHtmlCache Behavior ::run [ RunTime:0.000516s ]
INFO: [ app_begin ] --END-- [ RunTime:0.000573s ]
INFO: [ view_parse ] --START--
INFO: ParseTemplate Behavior ::run [ RunTime:0.008942s ]
INFO: [ view_parse ] --END-- [ RunTime:0.009055s ]
INFO: [ view_filter ] --START--
INFO: ContentReplace Behavior ::run [ RunTime:0.000703s ]
INFO: TokenBuild Behavior ::run [ RunTime:0.000531s ]
INFO: WriteHtmlCache Behavior ::run [ RunTime:0.000519s ]
INFO: ShowRuntime Behavior ::run [ RunTime:0.000664s ]
INFO: [ view_filter ] --END-- [ RunTime:0.002660s ]
INFO: [ view_end ] --START--
INFO: ShowPageTrace Behavior ::run [ RunTime:0.000667s ]
INFO: [ view_end ] --END-- [ RunTime:0.000743s ]

[ 2016-06-15T16:32:59+08:00 ] 0.0.0.0 /shop/Goods/getGoodsType
INFO: [ route_check ] --START--
INFO: CheckRoute Behavior ::run [ RunTime:0.000593s ]
INFO: [ route_check ] --END-- [ RunTime:0.000667s ]
INFO: [ app_begin ] --START--
INFO: ReadHtmlCache Behavior ::run [ RunTime:0.000409s ]
INFO: [ app_begin ] --END-- [ RunTime:0.000464s ]
SQL: SHOW COLUMNS FROM `assortment` [ RunTime:0.003717s ]
SQL: SELECT * FROM `assortment` ORDER BY goods_type  [ RunTime:0.000222s ]

[ 2016-06-15T16:32:59+08:00 ] 0.0.0.0 /shop/Managesys/getGoods
INFO: [ route_check ] --START--
INFO: CheckRoute Behavior ::run [ RunTime:0.000809s ]
INFO: [ route_check ] --END-- [ RunTime:0.000886s ]
INFO: [ app_begin ] --START--
INFO: ReadHtmlCache Behavior ::run [ RunTime:0.000774s ]
INFO: [ app_begin ] --END-- [ RunTime:0.000866s ]
SQL: SHOW COLUMNS FROM `goods` [ RunTime:0.004774s ]
SQL: SELECT * FROM `goods` WHERE ( `goods_type` = 1 )  [ RunTime:0.000636s ]

[ 2016-06-15T16:45:03+08:00 ] 0.0.0.0 /shop/Managesys/getGoods
INFO: [ route_check ] --START--
INFO: CheckRoute Behavior ::run [ RunTime:0.000839s ]
INFO: [ route_check ] --END-- [ RunTime:0.000915s ]
INFO: [ app_begin ] --START--
INFO: ReadHtmlCache Behavior ::run [ RunTime:0.000546s ]
INFO: [ app_begin ] --END-- [ RunTime:0.000606s ]
SQL: SHOW COLUMNS FROM `goods` [ RunTime:0.005045s ]
SQL: SELECT * FROM `goods` WHERE ( `goods_type` = 1 )  [ RunTime:0.000316s ]

[ 2016-06-15T18:57:19+08:00 ] 0.0.0.0 /shop/
INFO: [ app_begin ] --START--
INFO: ReadHtmlCache Behavior ::run [ RunTime:0.001132s ]
INFO: [ app_begin ] --END-- [ RunTime:0.001215s ]
SQL: SHOW COLUMNS FROM `user` [ RunTime:0.002490s ]
SQL: SELECT `user_status` FROM `user` WHERE ( `loginkey` = '15168365220' ) LIMIT 1   [ RunTime:0.000244s ]
INFO: [ view_parse ] --START--
INFO: ParseTemplate Behavior ::run [ RunTime:0.008719s ]
INFO: [ view_parse ] --END-- [ RunTime:0.008799s ]
INFO: [ view_filter ] --START--
INFO: ContentReplace Behavior ::run [ RunTime:0.000736s ]
INFO: TokenBuild Behavior ::run [ RunTime:0.000709s ]
INFO: WriteHtmlCache Behavior ::run [ RunTime:0.000601s ]
INFO: ShowRuntime Behavior ::run [ RunTime:0.000718s ]
INFO: [ view_filter ] --END-- [ RunTime:0.002908s ]
INFO: [ view_end ] --START--
INFO: ShowPageTrace Behavior ::run [ RunTime:0.000814s ]
INFO: [ view_end ] --END-- [ RunTime:0.000906s ]

[ 2016-06-15T18:57:19+08:00 ] 0.0.0.0 /shop/Index/hotRecommend
INFO: [ route_check ] --START--
INFO: CheckRoute Behavior ::run [ RunTime:0.001205s ]
INFO: [ route_check ] --END-- [ RunTime:0.001287s ]
INFO: [ app_begin ] --START--
INFO: ReadHtmlCache Behavior ::run [ RunTime:0.000544s ]
INFO: [ app_begin ] --END-- [ RunTime:0.000592s ]
SQL: SHOW COLUMNS FROM `goods` [ RunTime:0.002768s ]
SQL: SELECT * FROM `goods` WHERE ( goods_status = 1 )  [ RunTime:0.000293s ]

[ 2016-06-15T18:57:23+08:00 ] 0.0.0.0 /shop/Tpl/Public/js/maps/swiper.jquery.min.js.map
INFO: [ route_check ] --START--
INFO: CheckRoute Behavior ::run [ RunTime:0.000905s ]
INFO: [ route_check ] --END-- [ RunTime:0.001049s ]
INFO: [ app_begin ] --START--
INFO: ReadHtmlCache Behavior ::run [ RunTime:0.000574s ]
INFO: [ app_begin ] --END-- [ RunTime:0.000649s ]
ERR: 无法加载模块:Tpl

[ 2016-06-15T22:38:55+08:00 ] 0.0.0.0 /shop/Display/managesys
INFO: [ route_check ] --START--
INFO: CheckRoute Behavior ::run [ RunTime:0.000829s ]
INFO: [ route_check ] --END-- [ RunTime:0.000916s ]
INFO: [ app_begin ] --START--
INFO: ReadHtmlCache Behavior ::run [ RunTime:0.000520s ]
INFO: [ app_begin ] --END-- [ RunTime:0.000573s ]
INFO: [ view_parse ] --START--
INFO: ParseTemplate Behavior ::run [ RunTime:0.008134s ]
INFO: [ view_parse ] --END-- [ RunTime:0.008228s ]
INFO: [ view_filter ] --START--
INFO: ContentReplace Behavior ::run [ RunTime:0.000604s ]
INFO: TokenBuild Behavior ::run [ RunTime:0.000409s ]
INFO: WriteHtmlCache Behavior ::run [ RunTime:0.000323s ]
INFO: ShowRuntime Behavior ::run [ RunTime:0.000449s ]
INFO: [ view_filter ] --END-- [ RunTime:0.001921s ]
INFO: [ view_end ] --START--
INFO: ShowPageTrace Behavior ::run [ RunTime:0.000526s ]
INFO: [ view_end ] --END-- [ RunTime:0.000573s ]

[ 2016-06-15T22:38:55+08:00 ] 0.0.0.0 /shop/Tpl/Public/js/managelogin.js
INFO: [ route_check ] --START--
INFO: CheckRoute Behavior ::run [ RunTime:0.000832s ]
INFO: [ route_check ] --END-- [ RunTime:0.000924s ]
INFO: [ app_begin ] --START--
INFO: ReadHtmlCache Behavior ::run [ RunTime:0.000692s ]
INFO: [ app_begin ] --END-- [ RunTime:0.000785s ]
ERR: 无法加载模块:Tpl

[ 2016-06-15T22:39:05+08:00 ] 0.0.0.0 /shop/Managesys/login
INFO: [ route_check ] --START--
INFO: CheckRoute Behavior ::run [ RunTime:0.001070s ]
INFO: [ route_check ] --END-- [ RunTime:0.001184s ]
INFO: [ app_begin ] --START--
INFO: ReadHtmlCache Behavior ::run [ RunTime:0.000648s ]
INFO: [ app_begin ] --END-- [ RunTime:0.000715s ]
NOTIC: [2] Missing argument 1 for I(), called in C:\programs\phpstudy\WWW\shop\Lib\Action\ManagesysAction.class.php on line 5 and defined C:\programs\phpstudy\WWW\ThinkPHP\Common\common.php 第 71 行.
NOTIC: [8] Undefined variable: name C:\programs\phpstudy\WWW\ThinkPHP\Common\common.php 第 72 行.
SQL: SHOW COLUMNS FROM `manageuser` [ RunTime:0.003968s ]
SQL: SELECT * FROM `manageuser` WHERE ( `username` = 'admin' ) AND ( `password` = 'admin' ) LIMIT 1   [ RunTime:0.000338s ]

[ 2016-06-15T22:39:05+08:00 ] 0.0.0.0 /shop/Display/manageindex
INFO: [ route_check ] --START--
INFO: CheckRoute Behavior ::run [ RunTime:0.000770s ]
INFO: [ route_check ] --END-- [ RunTime:0.000874s ]
INFO: [ app_begin ] --START--
INFO: ReadHtmlCache Behavior ::run [ RunTime:0.000494s ]
INFO: [ app_begin ] --END-- [ RunTime:0.000552s ]
INFO: [ view_parse ] --START--
INFO: ParseTemplate Behavior ::run [ RunTime:0.006482s ]
INFO: [ view_parse ] --END-- [ RunTime:0.006566s ]
INFO: [ view_filter ] --START--
INFO: ContentReplace Behavior ::run [ RunTime:0.000620s ]
INFO: TokenBuild Behavior ::run [ RunTime:0.000568s ]
INFO: WriteHtmlCache Behavior ::run [ RunTime:0.000343s ]
INFO: ShowRuntime Behavior ::run [ RunTime:0.000443s ]
INFO: [ view_filter ] --END-- [ RunTime:0.002140s ]
INFO: [ view_end ] --START--
INFO: ShowPageTrace Behavior ::run [ RunTime:0.000770s ]
INFO: [ view_end ] --END-- [ RunTime:0.000873s ]

[ 2016-06-15T22:39:05+08:00 ] 0.0.0.0 /shop/Display/goodsmanage
INFO: [ route_check ] --START--
INFO: CheckRoute Behavior ::run [ RunTime:0.000573s ]
INFO: [ route_check ] --END-- [ RunTime:0.000655s ]
INFO: [ app_begin ] --START--
INFO: ReadHtmlCache Behavior ::run [ RunTime:0.000413s ]
INFO: [ app_begin ] --END-- [ RunTime:0.000475s ]
INFO: [ view_parse ] --START--
INFO: ParseTemplate Behavior ::run [ RunTime:0.008586s ]
INFO: [ view_parse ] --END-- [ RunTime:0.008661s ]
INFO: [ view_filter ] --START--
INFO: ContentReplace Behavior ::run [ RunTime:0.000428s ]
INFO: TokenBuild Behavior ::run [ RunTime:0.000336s ]
INFO: WriteHtmlCache Behavior ::run [ RunTime:0.000238s ]
INFO: ShowRuntime Behavior ::run [ RunTime:0.000418s ]
INFO: [ view_filter ] --END-- [ RunTime:0.001558s ]
INFO: [ view_end ] --START--
INFO: ShowPageTrace Behavior ::run [ RunTime:0.000848s ]
INFO: [ view_end ] --END-- [ RunTime:0.000972s ]

[ 2016-06-15T22:39:05+08:00 ] 0.0.0.0 /shop/Goods/getGoodsType
INFO: [ route_check ] --START--
INFO: CheckRoute Behavior ::run [ RunTime:0.000861s ]
INFO: [ route_check ] --END-- [ RunTime:0.001020s ]
INFO: [ app_begin ] --START--
INFO: ReadHtmlCache Behavior ::run [ RunTime:0.000610s ]
INFO: [ app_begin ] --END-- [ RunTime:0.000698s ]
SQL: SHOW COLUMNS FROM `assortment` [ RunTime:0.003256s ]
SQL: SELECT * FROM `assortment` ORDER BY goods_type  [ RunTime:0.000250s ]

[ 2016-06-15T22:39:05+08:00 ] 0.0.0.0 /shop/Managesys/getGoods
INFO: [ route_check ] --START--
INFO: CheckRoute Behavior ::run [ RunTime:0.001342s ]
INFO: [ route_check ] --END-- [ RunTime:0.001480s ]
INFO: [ app_begin ] --START--
INFO: ReadHtmlCache Behavior ::run [ RunTime:0.000793s ]
INFO: [ app_begin ] --END-- [ RunTime:0.000873s ]
SQL: SHOW COLUMNS FROM `goods` [ RunTime:0.003331s ]
SQL: SELECT * FROM `goods` WHERE ( `goods_type` = 1 )  [ RunTime:0.000275s ]

[ 2016-06-15T23:50:15+08:00 ] 0.0.0.0 /shop/
INFO: [ app_begin ] --START--
INFO: ReadHtmlCache Behavior ::run [ RunTime:0.000641s ]
INFO: [ app_begin ] --END-- [ RunTime:0.000716s ]
SQL: SHOW COLUMNS FROM `user` [ RunTime:0.003366s ]
SQL: SELECT `user_status` FROM `user` WHERE ( `loginkey` = '15168365220' ) LIMIT 1   [ RunTime:0.000277s ]
INFO: [ view_parse ] --START--
INFO: ParseTemplate Behavior ::run [ RunTime:0.006482s ]
INFO: [ view_parse ] --END-- [ RunTime:0.006566s ]
INFO: [ view_filter ] --START--
INFO: ContentReplace Behavior ::run [ RunTime:0.000452s ]
INFO: TokenBuild Behavior ::run [ RunTime:0.000393s ]
INFO: WriteHtmlCache Behavior ::run [ RunTime:0.000330s ]
INFO: ShowRuntime Behavior ::run [ RunTime:0.000433s ]
INFO: [ view_filter ] --END-- [ RunTime:0.001738s ]
INFO: [ view_end ] --START--
INFO: ShowPageTrace Behavior ::run [ RunTime:0.000571s ]
INFO: [ view_end ] --END-- [ RunTime:0.000658s ]

[ 2016-06-15T23:50:16+08:00 ] 0.0.0.0 /shop/Index/hotRecommend
INFO: [ route_check ] --START--
INFO: CheckRoute Behavior ::run [ RunTime:0.001066s ]
INFO: [ route_check ] --END-- [ RunTime:0.001183s ]
INFO: [ app_begin ] --START--
INFO: ReadHtmlCache Behavior ::run [ RunTime:0.000654s ]
INFO: [ app_begin ] --END-- [ RunTime:0.000729s ]
SQL: SHOW COLUMNS FROM `goods` [ RunTime:0.003488s ]
SQL: SELECT * FROM `goods` WHERE ( goods_status = 1 )  [ RunTime:0.000394s ]

[ 2016-06-15T23:50:18+08:00 ] 0.0.0.0 /shop/Tpl/Public/js/maps/swiper.jquery.min.js.map
INFO: [ route_check ] --START--
INFO: CheckRoute Behavior ::run [ RunTime:0.000588s ]
INFO: [ route_check ] --END-- [ RunTime:0.000671s ]
INFO: [ app_begin ] --START--
INFO: ReadHtmlCache Behavior ::run [ RunTime:0.000423s ]
INFO: [ app_begin ] --END-- [ RunTime:0.000473s ]
ERR: 无法加载模块:Tpl

[ 2016-06-15T23:59:21+08:00 ] 0.0.0.0 /shop/
INFO: [ app_begin ] --START--
INFO: ReadHtmlCache Behavior ::run [ RunTime:0.001532s ]
INFO: [ app_begin ] --END-- [ RunTime:0.002593s ]
SQL: SHOW COLUMNS FROM `user` [ RunTime:0.005126s ]
SQL: SELECT `user_status` FROM `user` WHERE ( `loginkey` = '15168365220' ) LIMIT 1   [ RunTime:0.000325s ]
INFO: [ view_parse ] --START--
INFO: ParseTemplate Behavior ::run [ RunTime:0.009342s ]
INFO: [ view_parse ] --END-- [ RunTime:0.009414s ]
INFO: [ view_filter ] --START--
INFO: ContentReplace Behavior ::run [ RunTime:0.000716s ]
INFO: TokenBuild Behavior ::run [ RunTime:0.000688s ]
INFO: WriteHtmlCache Behavior ::run [ RunTime:0.000588s ]
INFO: ShowRuntime Behavior ::run [ RunTime:0.000686s ]
INFO: [ view_filter ] --END-- [ RunTime:0.002829s ]
INFO: [ view_end ] --START--
INFO: ShowPageTrace Behavior ::run [ RunTime:0.000893s ]
INFO: [ view_end ] --END-- [ RunTime:0.000961s ]

[ 2016-06-15T23:59:21+08:00 ] 0.0.0.0 /shop/Index/hotRecommend
INFO: [ route_check ] --START--
INFO: CheckRoute Behavior ::run [ RunTime:0.001358s ]
INFO: [ route_check ] --END-- [ RunTime:0.001486s ]
INFO: [ app_begin ] --START--
INFO: ReadHtmlCache Behavior ::run [ RunTime:0.000570s ]
INFO: [ app_begin ] --END-- [ RunTime:0.000633s ]
SQL: SHOW COLUMNS FROM `goods` [ RunTime:0.004666s ]
SQL: SELECT * FROM `goods` WHERE ( goods_status = 1 )  [ RunTime:0.000644s ]

[ 2016-06-15T23:59:23+08:00 ] 0.0.0.0 /shop/Tpl/Public/js/maps/swiper.jquery.min.js.map
INFO: [ route_check ] --START--
INFO: CheckRoute Behavior ::run [ RunTime:0.000590s ]
INFO: [ route_check ] --END-- [ RunTime:0.000668s ]
INFO: [ app_begin ] --START--
INFO: ReadHtmlCache Behavior ::run [ RunTime:0.000412s ]
INFO: [ app_begin ] --END-- [ RunTime:0.000462s ]
ERR: 无法加载模块:Tpl

[ 2016-06-15T23:59:58+08:00 ] 0.0.0.0 /shop/Display/goodsDetail?goods_id=2015010808785737
INFO: [ route_check ] --START--
INFO: CheckRoute Behavior ::run [ RunTime:0.000705s ]
INFO: [ route_check ] --END-- [ RunTime:0.000798s ]
INFO: [ app_begin ] --START--
INFO: ReadHtmlCache Behavior ::run [ RunTime:0.000602s ]
INFO: [ app_begin ] --END-- [ RunTime:0.000677s ]
INFO: [ view_parse ] --START--
INFO: ParseTemplate Behavior ::run [ RunTime:0.006426s ]
INFO: [ view_parse ] --END-- [ RunTime:0.006501s ]
INFO: [ view_filter ] --START--
INFO: ContentReplace Behavior ::run [ RunTime:0.000402s ]
INFO: TokenBuild Behavior ::run [ RunTime:0.000320s ]
INFO: WriteHtmlCache Behavior ::run [ RunTime:0.000249s ]
INFO: ShowRuntime Behavior ::run [ RunTime:0.000380s ]
INFO: [ view_filter ] --END-- [ RunTime:0.001476s ]
INFO: [ view_end ] --START--
INFO: ShowPageTrace Behavior ::run [ RunTime:0.000439s ]
INFO: [ view_end ] --END-- [ RunTime:0.000482s ]

[ 2016-06-15T23:59:58+08:00 ] 0.0.0.0 /shop/Tpl/Public/js/maps/swiper.jquery.min.js.map
INFO: [ route_check ] --START--
INFO: CheckRoute Behavior ::run [ RunTime:0.000693s ]
INFO: [ route_check ] --END-- [ RunTime:0.000800s ]
INFO: [ app_begin ] --START--
INFO: ReadHtmlCache Behavior ::run [ RunTime:0.000498s ]
INFO: [ app_begin ] --END-- [ RunTime:0.000572s ]
ERR: 无法加载模块:Tpl

[ 2016-06-15T23:59:58+08:00 ] 0.0.0.0 /shop/Goods/goodsDetail
INFO: [ route_check ] --START--
INFO: CheckRoute Behavior ::run [ RunTime:0.000587s ]
INFO: [ route_check ] --END-- [ RunTime:0.000671s ]
INFO: [ app_begin ] --START--
INFO: ReadHtmlCache Behavior ::run [ RunTime:0.000418s ]
INFO: [ app_begin ] --END-- [ RunTime:0.000468s ]
SQL: SHOW COLUMNS FROM `goods` [ RunTime:0.002874s ]
SQL: SELECT * FROM `goods` WHERE ( `goods_id` = '2015010808785737' )  [ RunTime:0.000272s ]

