[ 2016-05-18T15:45:19+08:00 ] 0.0.0.0 /shop/
INFO: [ app_begin ] --START--
INFO: ReadHtmlCache Behavior ::run [ RunTime:0.001465s ]
INFO: [ app_begin ] --END-- [ RunTime:0.003350s ]
INFO: [ view_parse ] --START--
INFO: ParseTemplate Behavior ::run [ RunTime:0.008805s ]
INFO: [ view_parse ] --END-- [ RunTime:0.008907s ]
INFO: [ view_filter ] --START--
NOTIC: [8] Use of undefined constant APP_TMPL_PATH - assumed 'APP_TMPL_PATH' C:\programs\phpstudy\WWW\ThinkPHP\Lib\Behavior\ContentReplaceBehavior.class.php 第 40 行.
NOTIC: [8] Use of undefined constant APP_TMPL_PATH - assumed 'APP_TMPL_PATH' C:\programs\phpstudy\WWW\ThinkPHP\Lib\Behavior\ContentReplaceBehavior.class.php 第 47 行.
INFO: ContentReplace Behavior ::run [ RunTime:0.000976s ]
INFO: TokenBuild Behavior ::run [ RunTime:0.000885s ]
INFO: WriteHtmlCache Behavior ::run [ RunTime:0.000827s ]
INFO: ShowRuntime Behavior ::run [ RunTime:0.000997s ]
INFO: [ view_filter ] --END-- [ RunTime:0.003881s ]
INFO: [ view_end ] --START--
INFO: ShowPageTrace Behavior ::run [ RunTime:0.001247s ]
INFO: [ view_end ] --END-- [ RunTime:0.001325s ]

[ 2016-05-18T15:50:10+08:00 ] 0.0.0.0 /shop/
INFO: [ app_begin ] --START--
INFO: ReadHtmlCache Behavior ::run [ RunTime:0.000627s ]
INFO: [ app_begin ] --END-- [ RunTime:0.000699s ]

[ 2016-05-18T15:50:51+08:00 ] 0.0.0.0 /shop/
INFO: [ app_begin ] --START--
INFO: ReadHtmlCache Behavior ::run [ RunTime:0.000426s ]
INFO: [ app_begin ] --END-- [ RunTime:0.000506s ]

[ 2016-05-18T15:50:51+08:00 ] 0.0.0.0 /shop/
INFO: [ app_begin ] --START--
INFO: ReadHtmlCache Behavior ::run [ RunTime:0.000415s ]
INFO: [ app_begin ] --END-- [ RunTime:0.000523s ]

[ 2016-05-18T15:50:52+08:00 ] 0.0.0.0 /shop/
INFO: [ app_begin ] --START--
INFO: ReadHtmlCache Behavior ::run [ RunTime:0.000446s ]
INFO: [ app_begin ] --END-- [ RunTime:0.000536s ]

[ 2016-05-18T15:50:52+08:00 ] 0.0.0.0 /shop/
INFO: [ app_begin ] --START--
INFO: ReadHtmlCache Behavior ::run [ RunTime:0.000437s ]
INFO: [ app_begin ] --END-- [ RunTime:0.000530s ]

[ 2016-05-18T15:50:52+08:00 ] 0.0.0.0 /shop/
INFO: [ app_begin ] --START--
INFO: ReadHtmlCache Behavior ::run [ RunTime:0.000414s ]
INFO: [ app_begin ] --END-- [ RunTime:0.000488s ]

[ 2016-05-18T15:50:52+08:00 ] 0.0.0.0 /shop/
INFO: [ app_begin ] --START--
INFO: ReadHtmlCache Behavior ::run [ RunTime:0.000423s ]
INFO: [ app_begin ] --END-- [ RunTime:0.000496s ]

[ 2016-05-18T15:50:53+08:00 ] 0.0.0.0 /shop/
INFO: [ app_begin ] --START--
INFO: ReadHtmlCache Behavior ::run [ RunTime:0.000413s ]
INFO: [ app_begin ] --END-- [ RunTime:0.000482s ]

[ 2016-05-18T15:50:53+08:00 ] 0.0.0.0 /shop/
INFO: [ app_begin ] --START--
INFO: ReadHtmlCache Behavior ::run [ RunTime:0.000397s ]
INFO: [ app_begin ] --END-- [ RunTime:0.000464s ]

[ 2016-05-18T15:50:53+08:00 ] 0.0.0.0 /shop/
INFO: [ app_begin ] --START--
INFO: ReadHtmlCache Behavior ::run [ RunTime:0.000409s ]
INFO: [ app_begin ] --END-- [ RunTime:0.000479s ]

[ 2016-05-18T15:50:53+08:00 ] 0.0.0.0 /shop/
INFO: [ app_begin ] --START--
INFO: ReadHtmlCache Behavior ::run [ RunTime:0.000414s ]
INFO: [ app_begin ] --END-- [ RunTime:0.000495s ]

[ 2016-05-18T15:51:04+08:00 ] 0.0.0.0 /shop/
INFO: [ app_begin ] --START--
INFO: ReadHtmlCache Behavior ::run [ RunTime:0.000487s ]
INFO: [ app_begin ] --END-- [ RunTime:0.000581s ]
ERR: 模板不存在[./Tpl/Index/index.Tpl]

[ 2016-05-18T15:51:20+08:00 ] 0.0.0.0 /shop/
INFO: [ app_begin ] --START--
INFO: ReadHtmlCache Behavior ::run [ RunTime:0.000865s ]
INFO: [ app_begin ] --END-- [ RunTime:0.000990s ]
ERR: 模板不存在[./Tpl/Index/index.Tpl]

[ 2016-05-18T15:51:21+08:00 ] 0.0.0.0 /shop/
INFO: [ app_begin ] --START--
INFO: ReadHtmlCache Behavior ::run [ RunTime:0.000694s ]
INFO: [ app_begin ] --END-- [ RunTime:0.000809s ]
ERR: 模板不存在[./Tpl/Index/index.Tpl]

[ 2016-05-18T15:51:21+08:00 ] 0.0.0.0 /shop/
INFO: [ app_begin ] --START--
INFO: ReadHtmlCache Behavior ::run [ RunTime:0.001086s ]
INFO: [ app_begin ] --END-- [ RunTime:0.001268s ]
ERR: 模板不存在[./Tpl/Index/index.Tpl]

[ 2016-05-18T15:51:21+08:00 ] 0.0.0.0 /shop/
INFO: [ app_begin ] --START--
INFO: ReadHtmlCache Behavior ::run [ RunTime:0.000639s ]
INFO: [ app_begin ] --END-- [ RunTime:0.000753s ]
ERR: 模板不存在[./Tpl/Index/index.Tpl]

[ 2016-05-18T15:51:22+08:00 ] 0.0.0.0 /shop/
INFO: [ app_begin ] --START--
INFO: ReadHtmlCache Behavior ::run [ RunTime:0.000961s ]
INFO: [ app_begin ] --END-- [ RunTime:0.001111s ]
ERR: 模板不存在[./Tpl/Index/index.Tpl]

[ 2016-05-18T15:51:22+08:00 ] 0.0.0.0 /shop/
INFO: [ app_begin ] --START--
INFO: ReadHtmlCache Behavior ::run [ RunTime:0.000466s ]
INFO: [ app_begin ] --END-- [ RunTime:0.000558s ]
ERR: 模板不存在[./Tpl/Index/index.Tpl]

[ 2016-05-18T15:51:22+08:00 ] 0.0.0.0 /shop/
INFO: [ app_begin ] --START--
INFO: ReadHtmlCache Behavior ::run [ RunTime:0.000427s ]
INFO: [ app_begin ] --END-- [ RunTime:0.000496s ]
ERR: 模板不存在[./Tpl/Index/index.Tpl]

[ 2016-05-18T15:51:22+08:00 ] 0.0.0.0 /shop/
INFO: [ app_begin ] --START--
INFO: ReadHtmlCache Behavior ::run [ RunTime:0.000414s ]
INFO: [ app_begin ] --END-- [ RunTime:0.000487s ]
ERR: 模板不存在[./Tpl/Index/index.Tpl]

[ 2016-05-18T15:51:22+08:00 ] 0.0.0.0 /shop/
INFO: [ app_begin ] --START--
INFO: ReadHtmlCache Behavior ::run [ RunTime:0.000419s ]
INFO: [ app_begin ] --END-- [ RunTime:0.000494s ]
ERR: 模板不存在[./Tpl/Index/index.Tpl]

[ 2016-05-18T15:51:23+08:00 ] 0.0.0.0 /shop/
INFO: [ app_begin ] --START--
INFO: ReadHtmlCache Behavior ::run [ RunTime:0.000416s ]
INFO: [ app_begin ] --END-- [ RunTime:0.000500s ]
ERR: 模板不存在[./Tpl/Index/index.Tpl]

[ 2016-05-18T15:52:24+08:00 ] 0.0.0.0 /shop/
INFO: [ app_begin ] --START--
INFO: ReadHtmlCache Behavior ::run [ RunTime:0.000633s ]
INFO: [ app_begin ] --END-- [ RunTime:0.000707s ]
ERR: 模板不存在[./Tpl/Index/index.Tpl]

[ 2016-05-18T15:52:54+08:00 ] 0.0.0.0 /shop/
INFO: [ app_begin ] --START--
INFO: ReadHtmlCache Behavior ::run [ RunTime:0.000543s ]
INFO: [ app_begin ] --END-- [ RunTime:0.000638s ]
INFO: [ view_parse ] --START--
INFO: ParseTemplate Behavior ::run [ RunTime:0.007148s ]
INFO: [ view_parse ] --END-- [ RunTime:0.007243s ]
INFO: [ view_filter ] --START--
INFO: ContentReplace Behavior ::run [ RunTime:0.000557s ]
INFO: TokenBuild Behavior ::run [ RunTime:0.000546s ]
INFO: WriteHtmlCache Behavior ::run [ RunTime:0.000559s ]
INFO: ShowRuntime Behavior ::run [ RunTime:0.000612s ]
INFO: [ view_filter ] --END-- [ RunTime:0.002469s ]
INFO: [ view_end ] --START--
INFO: ShowPageTrace Behavior ::run [ RunTime:0.000714s ]
INFO: [ view_end ] --END-- [ RunTime:0.000775s ]

[ 2016-05-18T16:26:57+08:00 ] 0.0.0.0 /shop/
INFO: [ app_begin ] --START--
INFO: ReadHtmlCache Behavior ::run [ RunTime:0.000654s ]
INFO: [ app_begin ] --END-- [ RunTime:0.000735s ]
INFO: [ view_parse ] --START--
NOTIC: [8] Undefined variable: public C:\programs\phpstudy\WWW\shop\Runtime\Cache\aa29d93579c5cfaae80acb1b903e84de.php 第 6 行.
INFO: ParseTemplate Behavior ::run [ RunTime:0.006094s ]
INFO: [ view_parse ] --END-- [ RunTime:0.006156s ]
INFO: [ view_filter ] --START--
INFO: ContentReplace Behavior ::run [ RunTime:0.000439s ]
INFO: TokenBuild Behavior ::run [ RunTime:0.000428s ]
INFO: WriteHtmlCache Behavior ::run [ RunTime:0.000351s ]
INFO: ShowRuntime Behavior ::run [ RunTime:0.000459s ]
INFO: [ view_filter ] --END-- [ RunTime:0.001813s ]
INFO: [ view_end ] --START--
INFO: ShowPageTrace Behavior ::run [ RunTime:0.000542s ]
INFO: [ view_end ] --END-- [ RunTime:0.000588s ]

[ 2016-05-18T16:31:31+08:00 ] 0.0.0.0 /shop/
INFO: [ app_begin ] --START--
INFO: ReadHtmlCache Behavior ::run [ RunTime:0.000651s ]
INFO: [ app_begin ] --END-- [ RunTime:0.000731s ]
INFO: [ view_parse ] --START--
NOTIC: [8] Undefined variable: public C:\programs\phpstudy\WWW\shop\Runtime\Cache\aa29d93579c5cfaae80acb1b903e84de.php 第 6 行.
INFO: ParseTemplate Behavior ::run [ RunTime:0.007184s ]
INFO: [ view_parse ] --END-- [ RunTime:0.007248s ]
INFO: [ view_filter ] --START--
INFO: ContentReplace Behavior ::run [ RunTime:0.000426s ]
INFO: TokenBuild Behavior ::run [ RunTime:0.000415s ]
INFO: WriteHtmlCache Behavior ::run [ RunTime:0.000341s ]
INFO: ShowRuntime Behavior ::run [ RunTime:0.000447s ]
INFO: [ view_filter ] --END-- [ RunTime:0.001765s ]
INFO: [ view_end ] --START--
INFO: ShowPageTrace Behavior ::run [ RunTime:0.000538s ]
INFO: [ view_end ] --END-- [ RunTime:0.000582s ]

[ 2016-05-18T16:31:31+08:00 ] 0.0.0.0 /shop/
INFO: [ app_begin ] --START--
INFO: ReadHtmlCache Behavior ::run [ RunTime:0.000462s ]
INFO: [ app_begin ] --END-- [ RunTime:0.000531s ]
INFO: [ view_parse ] --START--
NOTIC: [8] Undefined variable: public C:\programs\phpstudy\WWW\shop\Runtime\Cache\aa29d93579c5cfaae80acb1b903e84de.php 第 6 行.
INFO: ParseTemplate Behavior ::run [ RunTime:0.004808s ]
INFO: [ view_parse ] --END-- [ RunTime:0.004869s ]
INFO: [ view_filter ] --START--
INFO: ContentReplace Behavior ::run [ RunTime:0.000331s ]
INFO: TokenBuild Behavior ::run [ RunTime:0.000320s ]
INFO: WriteHtmlCache Behavior ::run [ RunTime:0.000248s ]
INFO: ShowRuntime Behavior ::run [ RunTime:0.000357s ]
INFO: [ view_filter ] --END-- [ RunTime:0.001387s ]
INFO: [ view_end ] --START--
INFO: ShowPageTrace Behavior ::run [ RunTime:0.000440s ]
INFO: [ view_end ] --END-- [ RunTime:0.000484s ]

[ 2016-05-18T16:31:31+08:00 ] 0.0.0.0 /shop/
INFO: [ app_begin ] --START--
INFO: ReadHtmlCache Behavior ::run [ RunTime:0.000403s ]
INFO: [ app_begin ] --END-- [ RunTime:0.000471s ]
INFO: [ view_parse ] --START--
NOTIC: [8] Undefined variable: public C:\programs\phpstudy\WWW\shop\Runtime\Cache\aa29d93579c5cfaae80acb1b903e84de.php 第 6 行.
INFO: ParseTemplate Behavior ::run [ RunTime:0.004613s ]
INFO: [ view_parse ] --END-- [ RunTime:0.004679s ]
INFO: [ view_filter ] --START--
INFO: ContentReplace Behavior ::run [ RunTime:0.000457s ]
INFO: TokenBuild Behavior ::run [ RunTime:0.000468s ]
INFO: WriteHtmlCache Behavior ::run [ RunTime:0.000375s ]
INFO: ShowRuntime Behavior ::run [ RunTime:0.000682s ]
INFO: [ view_filter ] --END-- [ RunTime:0.002210s ]
INFO: [ view_end ] --START--
INFO: ShowPageTrace Behavior ::run [ RunTime:0.000680s ]
INFO: [ view_end ] --END-- [ RunTime:0.000737s ]

[ 2016-05-18T16:31:32+08:00 ] 0.0.0.0 /shop/
INFO: [ app_begin ] --START--
INFO: ReadHtmlCache Behavior ::run [ RunTime:0.000449s ]
INFO: [ app_begin ] --END-- [ RunTime:0.000531s ]
INFO: [ view_parse ] --START--
NOTIC: [8] Undefined variable: public C:\programs\phpstudy\WWW\shop\Runtime\Cache\aa29d93579c5cfaae80acb1b903e84de.php 第 6 行.
INFO: ParseTemplate Behavior ::run [ RunTime:0.004861s ]
INFO: [ view_parse ] --END-- [ RunTime:0.004953s ]
INFO: [ view_filter ] --START--
INFO: ContentReplace Behavior ::run [ RunTime:0.000350s ]
INFO: TokenBuild Behavior ::run [ RunTime:0.000347s ]
INFO: WriteHtmlCache Behavior ::run [ RunTime:0.000269s ]
INFO: ShowRuntime Behavior ::run [ RunTime:0.000359s ]
INFO: [ view_filter ] --END-- [ RunTime:0.001473s ]
INFO: [ view_end ] --START--
INFO: ShowPageTrace Behavior ::run [ RunTime:0.000449s ]
INFO: [ view_end ] --END-- [ RunTime:0.000493s ]

[ 2016-05-18T16:31:32+08:00 ] 0.0.0.0 /shop/
INFO: [ app_begin ] --START--
INFO: ReadHtmlCache Behavior ::run [ RunTime:0.000422s ]
INFO: [ app_begin ] --END-- [ RunTime:0.000493s ]
INFO: [ view_parse ] --START--
NOTIC: [8] Undefined variable: public C:\programs\phpstudy\WWW\shop\Runtime\Cache\aa29d93579c5cfaae80acb1b903e84de.php 第 6 行.
INFO: ParseTemplate Behavior ::run [ RunTime:0.005737s ]
INFO: [ view_parse ] --END-- [ RunTime:0.005797s ]
INFO: [ view_filter ] --START--
INFO: ContentReplace Behavior ::run [ RunTime:0.000331s ]
INFO: TokenBuild Behavior ::run [ RunTime:0.000319s ]
INFO: WriteHtmlCache Behavior ::run [ RunTime:0.000248s ]
INFO: ShowRuntime Behavior ::run [ RunTime:0.000359s ]
INFO: [ view_filter ] --END-- [ RunTime:0.001384s ]
INFO: [ view_end ] --START--
INFO: ShowPageTrace Behavior ::run [ RunTime:0.000444s ]
INFO: [ view_end ] --END-- [ RunTime:0.000488s ]

[ 2016-05-18T16:31:32+08:00 ] 0.0.0.0 /shop/
INFO: [ app_begin ] --START--
INFO: ReadHtmlCache Behavior ::run [ RunTime:0.000420s ]
INFO: [ app_begin ] --END-- [ RunTime:0.000495s ]
INFO: [ view_parse ] --START--
NOTIC: [8] Undefined variable: public C:\programs\phpstudy\WWW\shop\Runtime\Cache\aa29d93579c5cfaae80acb1b903e84de.php 第 6 行.
INFO: ParseTemplate Behavior ::run [ RunTime:0.004539s ]
INFO: [ view_parse ] --END-- [ RunTime:0.004608s ]
INFO: [ view_filter ] --START--
INFO: ContentReplace Behavior ::run [ RunTime:0.000349s ]
INFO: TokenBuild Behavior ::run [ RunTime:0.000331s ]
INFO: WriteHtmlCache Behavior ::run [ RunTime:0.000265s ]
INFO: ShowRuntime Behavior ::run [ RunTime:0.000514s ]
INFO: [ view_filter ] --END-- [ RunTime:0.001611s ]
INFO: [ view_end ] --START--
INFO: ShowPageTrace Behavior ::run [ RunTime:0.000616s ]
INFO: [ view_end ] --END-- [ RunTime:0.000691s ]

[ 2016-05-18T16:31:32+08:00 ] 0.0.0.0 /shop/
INFO: [ app_begin ] --START--
INFO: ReadHtmlCache Behavior ::run [ RunTime:0.000458s ]
INFO: [ app_begin ] --END-- [ RunTime:0.000538s ]
INFO: [ view_parse ] --START--
NOTIC: [8] Undefined variable: public C:\programs\phpstudy\WWW\shop\Runtime\Cache\aa29d93579c5cfaae80acb1b903e84de.php 第 6 行.
INFO: ParseTemplate Behavior ::run [ RunTime:0.004574s ]
INFO: [ view_parse ] --END-- [ RunTime:0.004629s ]
INFO: [ view_filter ] --START--
INFO: ContentReplace Behavior ::run [ RunTime:0.000328s ]
INFO: TokenBuild Behavior ::run [ RunTime:0.000314s ]
INFO: WriteHtmlCache Behavior ::run [ RunTime:0.000255s ]
INFO: ShowRuntime Behavior ::run [ RunTime:0.000361s ]
INFO: [ view_filter ] --END-- [ RunTime:0.001385s ]
INFO: [ view_end ] --START--
INFO: ShowPageTrace Behavior ::run [ RunTime:0.000446s ]
INFO: [ view_end ] --END-- [ RunTime:0.000490s ]

[ 2016-05-18T16:31:32+08:00 ] 0.0.0.0 /shop/
INFO: [ app_begin ] --START--
INFO: ReadHtmlCache Behavior ::run [ RunTime:0.000416s ]
INFO: [ app_begin ] --END-- [ RunTime:0.000492s ]
INFO: [ view_parse ] --START--
NOTIC: [8] Undefined variable: public C:\programs\phpstudy\WWW\shop\Runtime\Cache\aa29d93579c5cfaae80acb1b903e84de.php 第 6 行.
INFO: ParseTemplate Behavior ::run [ RunTime:0.005015s ]
INFO: [ view_parse ] --END-- [ RunTime:0.005073s ]
INFO: [ view_filter ] --START--
INFO: ContentReplace Behavior ::run [ RunTime:0.000338s ]
INFO: TokenBuild Behavior ::run [ RunTime:0.000321s ]
INFO: WriteHtmlCache Behavior ::run [ RunTime:0.000252s ]
INFO: ShowRuntime Behavior ::run [ RunTime:0.000359s ]
INFO: [ view_filter ] --END-- [ RunTime:0.001399s ]
INFO: [ view_end ] --START--
INFO: ShowPageTrace Behavior ::run [ RunTime:0.000446s ]
INFO: [ view_end ] --END-- [ RunTime:0.000489s ]

[ 2016-05-18T16:32:36+08:00 ] 0.0.0.0 /shop/
INFO: [ app_begin ] --START--
INFO: ReadHtmlCache Behavior ::run [ RunTime:0.000602s ]
INFO: [ app_begin ] --END-- [ RunTime:0.000681s ]
INFO: [ view_parse ] --START--
NOTIC: [8] Undefined variable: public C:\programs\phpstudy\WWW\shop\Runtime\Cache\aa29d93579c5cfaae80acb1b903e84de.php 第 6 行.
INFO: ParseTemplate Behavior ::run [ RunTime:0.005480s ]
INFO: [ view_parse ] --END-- [ RunTime:0.005545s ]
INFO: [ view_filter ] --START--
INFO: ContentReplace Behavior ::run [ RunTime:0.000517s ]
INFO: TokenBuild Behavior ::run [ RunTime:0.000449s ]
INFO: WriteHtmlCache Behavior ::run [ RunTime:0.000354s ]
INFO: ShowRuntime Behavior ::run [ RunTime:0.000494s ]
INFO: [ view_filter ] --END-- [ RunTime:0.001988s ]
INFO: [ view_end ] --START--
INFO: ShowPageTrace Behavior ::run [ RunTime:0.000539s ]
INFO: [ view_end ] --END-- [ RunTime:0.000585s ]

[ 2016-05-18T16:32:36+08:00 ] 0.0.0.0 /shop/
INFO: [ app_begin ] --START--
INFO: ReadHtmlCache Behavior ::run [ RunTime:0.000411s ]
INFO: [ app_begin ] --END-- [ RunTime:0.000483s ]
INFO: [ view_parse ] --START--
NOTIC: [8] Undefined variable: public C:\programs\phpstudy\WWW\shop\Runtime\Cache\aa29d93579c5cfaae80acb1b903e84de.php 第 6 行.
INFO: ParseTemplate Behavior ::run [ RunTime:0.004803s ]
INFO: [ view_parse ] --END-- [ RunTime:0.004874s ]
INFO: [ view_filter ] --START--
INFO: ContentReplace Behavior ::run [ RunTime:0.000471s ]
INFO: TokenBuild Behavior ::run [ RunTime:0.000507s ]
INFO: WriteHtmlCache Behavior ::run [ RunTime:0.000245s ]
INFO: ShowRuntime Behavior ::run [ RunTime:0.000353s ]
INFO: [ view_filter ] --END-- [ RunTime:0.001725s ]
INFO: [ view_end ] --START--
INFO: ShowPageTrace Behavior ::run [ RunTime:0.000452s ]
INFO: [ view_end ] --END-- [ RunTime:0.000499s ]

[ 2016-05-18T16:32:36+08:00 ] 0.0.0.0 /shop/
INFO: [ app_begin ] --START--
INFO: ReadHtmlCache Behavior ::run [ RunTime:0.000614s ]
INFO: [ app_begin ] --END-- [ RunTime:0.000720s ]
INFO: [ view_parse ] --START--
NOTIC: [8] Undefined variable: public C:\programs\phpstudy\WWW\shop\Runtime\Cache\aa29d93579c5cfaae80acb1b903e84de.php 第 6 行.
INFO: ParseTemplate Behavior ::run [ RunTime:0.004762s ]
INFO: [ view_parse ] --END-- [ RunTime:0.004834s ]
INFO: [ view_filter ] --START--
INFO: ContentReplace Behavior ::run [ RunTime:0.000316s ]
INFO: TokenBuild Behavior ::run [ RunTime:0.000317s ]
INFO: WriteHtmlCache Behavior ::run [ RunTime:0.000244s ]
INFO: ShowRuntime Behavior ::run [ RunTime:0.000354s ]
INFO: [ view_filter ] --END-- [ RunTime:0.001356s ]
INFO: [ view_end ] --START--
INFO: ShowPageTrace Behavior ::run [ RunTime:0.000448s ]
INFO: [ view_end ] --END-- [ RunTime:0.000492s ]

[ 2016-05-18T16:32:36+08:00 ] 0.0.0.0 /shop/
INFO: [ app_begin ] --START--
INFO: ReadHtmlCache Behavior ::run [ RunTime:0.000437s ]
INFO: [ app_begin ] --END-- [ RunTime:0.000514s ]
INFO: [ view_parse ] --START--
NOTIC: [8] Undefined variable: public C:\programs\phpstudy\WWW\shop\Runtime\Cache\aa29d93579c5cfaae80acb1b903e84de.php 第 6 行.
INFO: ParseTemplate Behavior ::run [ RunTime:0.007013s ]
INFO: [ view_parse ] --END-- [ RunTime:0.007083s ]
INFO: [ view_filter ] --START--
INFO: ContentReplace Behavior ::run [ RunTime:0.000318s ]
INFO: TokenBuild Behavior ::run [ RunTime:0.000311s ]
INFO: WriteHtmlCache Behavior ::run [ RunTime:0.000244s ]
INFO: ShowRuntime Behavior ::run [ RunTime:0.000351s ]
INFO: [ view_filter ] --END-- [ RunTime:0.001353s ]
INFO: [ view_end ] --START--
INFO: ShowPageTrace Behavior ::run [ RunTime:0.000448s ]
INFO: [ view_end ] --END-- [ RunTime:0.000492s ]

[ 2016-05-18T16:32:57+08:00 ] 0.0.0.0 /shop/
INFO: [ app_begin ] --START--
INFO: ReadHtmlCache Behavior ::run [ RunTime:0.000677s ]
INFO: [ app_begin ] --END-- [ RunTime:0.000759s ]
INFO: [ view_parse ] --START--
NOTIC: [8] Undefined variable: public C:\programs\phpstudy\WWW\shop\Runtime\Cache\aa29d93579c5cfaae80acb1b903e84de.php 第 6 行.
INFO: ParseTemplate Behavior ::run [ RunTime:0.005231s ]
INFO: [ view_parse ] --END-- [ RunTime:0.005284s ]
INFO: [ view_filter ] --START--
INFO: ContentReplace Behavior ::run [ RunTime:0.000399s ]
INFO: TokenBuild Behavior ::run [ RunTime:0.000388s ]
INFO: WriteHtmlCache Behavior ::run [ RunTime:0.000327s ]
INFO: ShowRuntime Behavior ::run [ RunTime:0.000433s ]
INFO: [ view_filter ] --END-- [ RunTime:0.001677s ]
INFO: [ view_end ] --START--
INFO: ShowPageTrace Behavior ::run [ RunTime:0.000513s ]
INFO: [ view_end ] --END-- [ RunTime:0.000558s ]

[ 2016-05-18T16:32:57+08:00 ] 0.0.0.0 /shop/
INFO: [ app_begin ] --START--
INFO: ReadHtmlCache Behavior ::run [ RunTime:0.000412s ]
INFO: [ app_begin ] --END-- [ RunTime:0.000484s ]
INFO: [ view_parse ] --START--
NOTIC: [8] Undefined variable: public C:\programs\phpstudy\WWW\shop\Runtime\Cache\aa29d93579c5cfaae80acb1b903e84de.php 第 6 行.
INFO: ParseTemplate Behavior ::run [ RunTime:0.004517s ]
INFO: [ view_parse ] --END-- [ RunTime:0.004573s ]
INFO: [ view_filter ] --START--
INFO: ContentReplace Behavior ::run [ RunTime:0.000320s ]
INFO: TokenBuild Behavior ::run [ RunTime:0.000320s ]
INFO: WriteHtmlCache Behavior ::run [ RunTime:0.000252s ]
INFO: ShowRuntime Behavior ::run [ RunTime:0.000360s ]
INFO: [ view_filter ] --END-- [ RunTime:0.001379s ]
INFO: [ view_end ] --START--
INFO: ShowPageTrace Behavior ::run [ RunTime:0.000437s ]
INFO: [ view_end ] --END-- [ RunTime:0.000481s ]

[ 2016-05-18T16:32:57+08:00 ] 0.0.0.0 /shop/
INFO: [ app_begin ] --START--
INFO: ReadHtmlCache Behavior ::run [ RunTime:0.000417s ]
INFO: [ app_begin ] --END-- [ RunTime:0.000491s ]
INFO: [ view_parse ] --START--
NOTIC: [8] Undefined variable: public C:\programs\phpstudy\WWW\shop\Runtime\Cache\aa29d93579c5cfaae80acb1b903e84de.php 第 6 行.
INFO: ParseTemplate Behavior ::run [ RunTime:0.004670s ]
INFO: [ view_parse ] --END-- [ RunTime:0.004727s ]
INFO: [ view_filter ] --START--
INFO: ContentReplace Behavior ::run [ RunTime:0.000328s ]
INFO: TokenBuild Behavior ::run [ RunTime:0.000357s ]
INFO: WriteHtmlCache Behavior ::run [ RunTime:0.000309s ]
INFO: ShowRuntime Behavior ::run [ RunTime:0.000395s ]
INFO: [ view_filter ] --END-- [ RunTime:0.001533s ]
INFO: [ view_end ] --START--
INFO: ShowPageTrace Behavior ::run [ RunTime:0.000488s ]
INFO: [ view_end ] --END-- [ RunTime:0.000538s ]

[ 2016-05-18T16:32:58+08:00 ] 0.0.0.0 /shop/
INFO: [ app_begin ] --START--
INFO: ReadHtmlCache Behavior ::run [ RunTime:0.000439s ]
INFO: [ app_begin ] --END-- [ RunTime:0.000550s ]
INFO: [ view_parse ] --START--
NOTIC: [8] Undefined variable: public C:\programs\phpstudy\WWW\shop\Runtime\Cache\aa29d93579c5cfaae80acb1b903e84de.php 第 6 行.
INFO: ParseTemplate Behavior ::run [ RunTime:0.004711s ]
INFO: [ view_parse ] --END-- [ RunTime:0.004780s ]
INFO: [ view_filter ] --START--
INFO: ContentReplace Behavior ::run [ RunTime:0.000328s ]
INFO: TokenBuild Behavior ::run [ RunTime:0.000324s ]
INFO: WriteHtmlCache Behavior ::run [ RunTime:0.000249s ]
INFO: ShowRuntime Behavior ::run [ RunTime:0.000354s ]
INFO: [ view_filter ] --END-- [ RunTime:0.001383s ]
INFO: [ view_end ] --START--
INFO: ShowPageTrace Behavior ::run [ RunTime:0.000442s ]
INFO: [ view_end ] --END-- [ RunTime:0.000494s ]

[ 2016-05-18T16:32:58+08:00 ] 0.0.0.0 /shop/
INFO: [ app_begin ] --START--
INFO: ReadHtmlCache Behavior ::run [ RunTime:0.000410s ]
INFO: [ app_begin ] --END-- [ RunTime:0.000483s ]
INFO: [ view_parse ] --START--
NOTIC: [8] Undefined variable: public C:\programs\phpstudy\WWW\shop\Runtime\Cache\aa29d93579c5cfaae80acb1b903e84de.php 第 6 行.
INFO: ParseTemplate Behavior ::run [ RunTime:0.004531s ]
INFO: [ view_parse ] --END-- [ RunTime:0.004588s ]
INFO: [ view_filter ] --START--
INFO: ContentReplace Behavior ::run [ RunTime:0.000362s ]
INFO: TokenBuild Behavior ::run [ RunTime:0.000348s ]
INFO: WriteHtmlCache Behavior ::run [ RunTime:0.000251s ]
INFO: ShowRuntime Behavior ::run [ RunTime:0.000350s ]
INFO: [ view_filter ] --END-- [ RunTime:0.001448s ]
INFO: [ view_end ] --START--
INFO: ShowPageTrace Behavior ::run [ RunTime:0.000451s ]
INFO: [ view_end ] --END-- [ RunTime:0.000496s ]

[ 2016-05-18T16:41:48+08:00 ] 0.0.0.0 /shop/
INFO: [ app_begin ] --START--
INFO: ReadHtmlCache Behavior ::run [ RunTime:0.000942s ]
INFO: [ app_begin ] --END-- [ RunTime:0.001052s ]
INFO: [ view_parse ] --START--
INFO: ParseTemplate Behavior ::run [ RunTime:0.007865s ]
INFO: [ view_parse ] --END-- [ RunTime:0.007959s ]
INFO: [ view_filter ] --START--
INFO: ContentReplace Behavior ::run [ RunTime:0.000478s ]
INFO: TokenBuild Behavior ::run [ RunTime:0.000602s ]
INFO: WriteHtmlCache Behavior ::run [ RunTime:0.000388s ]
INFO: ShowRuntime Behavior ::run [ RunTime:0.000476s ]
INFO: [ view_filter ] --END-- [ RunTime:0.002103s ]
INFO: [ view_end ] --START--
INFO: ShowPageTrace Behavior ::run [ RunTime:0.000544s ]
INFO: [ view_end ] --END-- [ RunTime:0.000588s ]

[ 2016-05-18T16:41:49+08:00 ] 0.0.0.0 /shop/
INFO: [ app_begin ] --START--
INFO: ReadHtmlCache Behavior ::run [ RunTime:0.000416s ]
INFO: [ app_begin ] --END-- [ RunTime:0.000490s ]
INFO: [ view_parse ] --START--
INFO: ParseTemplate Behavior ::run [ RunTime:0.004427s ]
INFO: [ view_parse ] --END-- [ RunTime:0.004494s ]
INFO: [ view_filter ] --START--
INFO: ContentReplace Behavior ::run [ RunTime:0.000320s ]
INFO: TokenBuild Behavior ::run [ RunTime:0.000316s ]
INFO: WriteHtmlCache Behavior ::run [ RunTime:0.000250s ]
INFO: ShowRuntime Behavior ::run [ RunTime:0.000353s ]
INFO: [ view_filter ] --END-- [ RunTime:0.001366s ]
INFO: [ view_end ] --START--
INFO: ShowPageTrace Behavior ::run [ RunTime:0.000439s ]
INFO: [ view_end ] --END-- [ RunTime:0.000485s ]

[ 2016-05-18T16:41:49+08:00 ] 0.0.0.0 /shop/
INFO: [ app_begin ] --START--
INFO: ReadHtmlCache Behavior ::run [ RunTime:0.000436s ]
INFO: [ app_begin ] --END-- [ RunTime:0.000514s ]
INFO: [ view_parse ] --START--
INFO: ParseTemplate Behavior ::run [ RunTime:0.004482s ]
INFO: [ view_parse ] --END-- [ RunTime:0.004550s ]
INFO: [ view_filter ] --START--
INFO: ContentReplace Behavior ::run [ RunTime:0.000317s ]
INFO: TokenBuild Behavior ::run [ RunTime:0.000319s ]
INFO: WriteHtmlCache Behavior ::run [ RunTime:0.000252s ]
INFO: ShowRuntime Behavior ::run [ RunTime:0.000353s ]
INFO: [ view_filter ] --END-- [ RunTime:0.001366s ]
INFO: [ view_end ] --START--
INFO: ShowPageTrace Behavior ::run [ RunTime:0.000445s ]
INFO: [ view_end ] --END-- [ RunTime:0.000490s ]

[ 2016-05-18T16:41:49+08:00 ] 0.0.0.0 /shop/
INFO: [ app_begin ] --START--
INFO: ReadHtmlCache Behavior ::run [ RunTime:0.000428s ]
INFO: [ app_begin ] --END-- [ RunTime:0.000506s ]
INFO: [ view_parse ] --START--
INFO: ParseTemplate Behavior ::run [ RunTime:0.006719s ]
INFO: [ view_parse ] --END-- [ RunTime:0.006798s ]
INFO: [ view_filter ] --START--
INFO: ContentReplace Behavior ::run [ RunTime:0.000327s ]
INFO: TokenBuild Behavior ::run [ RunTime:0.000385s ]
INFO: WriteHtmlCache Behavior ::run [ RunTime:0.000250s ]
INFO: ShowRuntime Behavior ::run [ RunTime:0.000381s ]
INFO: [ view_filter ] --END-- [ RunTime:0.001472s ]
INFO: [ view_end ] --START--
INFO: ShowPageTrace Behavior ::run [ RunTime:0.000442s ]
INFO: [ view_end ] --END-- [ RunTime:0.000486s ]

[ 2016-05-18T16:41:49+08:00 ] 0.0.0.0 /shop/
INFO: [ app_begin ] --START--
INFO: ReadHtmlCache Behavior ::run [ RunTime:0.000412s ]
INFO: [ app_begin ] --END-- [ RunTime:0.000484s ]
INFO: [ view_parse ] --START--
INFO: ParseTemplate Behavior ::run [ RunTime:0.004617s ]
INFO: [ view_parse ] --END-- [ RunTime:0.004685s ]
INFO: [ view_filter ] --START--
INFO: ContentReplace Behavior ::run [ RunTime:0.000375s ]
INFO: TokenBuild Behavior ::run [ RunTime:0.000317s ]
INFO: WriteHtmlCache Behavior ::run [ RunTime:0.000246s ]
INFO: ShowRuntime Behavior ::run [ RunTime:0.000352s ]
INFO: [ view_filter ] --END-- [ RunTime:0.001417s ]
INFO: [ view_end ] --START--
INFO: ShowPageTrace Behavior ::run [ RunTime:0.000444s ]
INFO: [ view_end ] --END-- [ RunTime:0.000489s ]

[ 2016-05-18T16:42:36+08:00 ] 0.0.0.0 /shop/
INFO: [ app_begin ] --START--
INFO: ReadHtmlCache Behavior ::run [ RunTime:0.000681s ]
INFO: [ app_begin ] --END-- [ RunTime:0.000764s ]
INFO: [ view_parse ] --START--
INFO: ParseTemplate Behavior ::run [ RunTime:0.005165s ]
INFO: [ view_parse ] --END-- [ RunTime:0.005241s ]
INFO: [ view_filter ] --START--
INFO: ContentReplace Behavior ::run [ RunTime:0.000387s ]
INFO: TokenBuild Behavior ::run [ RunTime:0.000392s ]
INFO: WriteHtmlCache Behavior ::run [ RunTime:0.000324s ]
INFO: ShowRuntime Behavior ::run [ RunTime:0.000430s ]
INFO: [ view_filter ] --END-- [ RunTime:0.001661s ]
INFO: [ view_end ] --START--
INFO: ShowPageTrace Behavior ::run [ RunTime:0.000513s ]
INFO: [ view_end ] --END-- [ RunTime:0.000560s ]

[ 2016-05-18T16:42:36+08:00 ] 0.0.0.0 /shop/
INFO: [ app_begin ] --START--
INFO: ReadHtmlCache Behavior ::run [ RunTime:0.000409s ]
INFO: [ app_begin ] --END-- [ RunTime:0.000483s ]
INFO: [ view_parse ] --START--
INFO: ParseTemplate Behavior ::run [ RunTime:0.004379s ]
INFO: [ view_parse ] --END-- [ RunTime:0.004446s ]
INFO: [ view_filter ] --START--
INFO: ContentReplace Behavior ::run [ RunTime:0.000316s ]
INFO: TokenBuild Behavior ::run [ RunTime:0.000311s ]
INFO: WriteHtmlCache Behavior ::run [ RunTime:0.000270s ]
INFO: ShowRuntime Behavior ::run [ RunTime:0.000354s ]
INFO: [ view_filter ] --END-- [ RunTime:0.001381s ]
INFO: [ view_end ] --START--
INFO: ShowPageTrace Behavior ::run [ RunTime:0.000444s ]
INFO: [ view_end ] --END-- [ RunTime:0.000490s ]

[ 2016-05-18T16:42:37+08:00 ] 0.0.0.0 /shop/
INFO: [ app_begin ] --START--
INFO: ReadHtmlCache Behavior ::run [ RunTime:0.000456s ]
INFO: [ app_begin ] --END-- [ RunTime:0.000540s ]
INFO: [ view_parse ] --START--
INFO: ParseTemplate Behavior ::run [ RunTime:0.004966s ]
INFO: [ view_parse ] --END-- [ RunTime:0.005048s ]
INFO: [ view_filter ] --START--
INFO: ContentReplace Behavior ::run [ RunTime:0.000334s ]
INFO: TokenBuild Behavior ::run [ RunTime:0.000323s ]
INFO: WriteHtmlCache Behavior ::run [ RunTime:0.000250s ]
INFO: ShowRuntime Behavior ::run [ RunTime:0.000350s ]
INFO: [ view_filter ] --END-- [ RunTime:0.001387s ]
INFO: [ view_end ] --START--
INFO: ShowPageTrace Behavior ::run [ RunTime:0.000493s ]
INFO: [ view_end ] --END-- [ RunTime:0.000543s ]

[ 2016-05-18T16:42:37+08:00 ] 0.0.0.0 /shop/
INFO: [ app_begin ] --START--
INFO: ReadHtmlCache Behavior ::run [ RunTime:0.000411s ]
INFO: [ app_begin ] --END-- [ RunTime:0.000481s ]
INFO: [ view_parse ] --START--
INFO: ParseTemplate Behavior ::run [ RunTime:0.004461s ]
INFO: [ view_parse ] --END-- [ RunTime:0.004529s ]
INFO: [ view_filter ] --START--
INFO: ContentReplace Behavior ::run [ RunTime:0.000315s ]
INFO: TokenBuild Behavior ::run [ RunTime:0.000319s ]
INFO: WriteHtmlCache Behavior ::run [ RunTime:0.000244s ]
INFO: ShowRuntime Behavior ::run [ RunTime:0.000352s ]
INFO: [ view_filter ] --END-- [ RunTime:0.001365s ]
INFO: [ view_end ] --START--
INFO: ShowPageTrace Behavior ::run [ RunTime:0.000500s ]
INFO: [ view_end ] --END-- [ RunTime:0.000551s ]

[ 2016-05-18T16:42:37+08:00 ] 0.0.0.0 /shop/
INFO: [ app_begin ] --START--
INFO: ReadHtmlCache Behavior ::run [ RunTime:0.000406s ]
INFO: [ app_begin ] --END-- [ RunTime:0.000482s ]
INFO: [ view_parse ] --START--
INFO: ParseTemplate Behavior ::run [ RunTime:0.004728s ]
INFO: [ view_parse ] --END-- [ RunTime:0.004811s ]
INFO: [ view_filter ] --START--
INFO: ContentReplace Behavior ::run [ RunTime:0.000337s ]
INFO: TokenBuild Behavior ::run [ RunTime:0.000315s ]
INFO: WriteHtmlCache Behavior ::run [ RunTime:0.000242s ]
INFO: ShowRuntime Behavior ::run [ RunTime:0.000353s ]
INFO: [ view_filter ] --END-- [ RunTime:0.001388s ]
INFO: [ view_end ] --START--
INFO: ShowPageTrace Behavior ::run [ RunTime:0.000448s ]
INFO: [ view_end ] --END-- [ RunTime:0.000492s ]

[ 2016-05-18T16:42:37+08:00 ] 0.0.0.0 /shop/
INFO: [ app_begin ] --START--
INFO: ReadHtmlCache Behavior ::run [ RunTime:0.000418s ]
INFO: [ app_begin ] --END-- [ RunTime:0.000494s ]
INFO: [ view_parse ] --START--
INFO: ParseTemplate Behavior ::run [ RunTime:0.004387s ]
INFO: [ view_parse ] --END-- [ RunTime:0.004455s ]
INFO: [ view_filter ] --START--
INFO: ContentReplace Behavior ::run [ RunTime:0.000304s ]
INFO: TokenBuild Behavior ::run [ RunTime:0.000303s ]
INFO: WriteHtmlCache Behavior ::run [ RunTime:0.000239s ]
INFO: ShowRuntime Behavior ::run [ RunTime:0.000345s ]
INFO: [ view_filter ] --END-- [ RunTime:0.001320s ]
INFO: [ view_end ] --START--
INFO: ShowPageTrace Behavior ::run [ RunTime:0.000475s ]
INFO: [ view_end ] --END-- [ RunTime:0.000536s ]

[ 2016-05-18T16:44:40+08:00 ] 0.0.0.0 /shop/
INFO: [ app_begin ] --START--
INFO: ReadHtmlCache Behavior ::run [ RunTime:0.000656s ]
INFO: [ app_begin ] --END-- [ RunTime:0.000766s ]
INFO: [ view_parse ] --START--
INFO: ParseTemplate Behavior ::run [ RunTime:0.005245s ]
INFO: [ view_parse ] --END-- [ RunTime:0.005322s ]
INFO: [ view_filter ] --START--
INFO: ContentReplace Behavior ::run [ RunTime:0.000431s ]
INFO: TokenBuild Behavior ::run [ RunTime:0.000422s ]
INFO: WriteHtmlCache Behavior ::run [ RunTime:0.000340s ]
INFO: ShowRuntime Behavior ::run [ RunTime:0.000454s ]
INFO: [ view_filter ] --END-- [ RunTime:0.001776s ]
INFO: [ view_end ] --START--
INFO: ShowPageTrace Behavior ::run [ RunTime:0.000535s ]
INFO: [ view_end ] --END-- [ RunTime:0.000592s ]

[ 2016-05-18T16:44:41+08:00 ] 0.0.0.0 /shop/
INFO: [ app_begin ] --START--
INFO: ReadHtmlCache Behavior ::run [ RunTime:0.000487s ]
INFO: [ app_begin ] --END-- [ RunTime:0.000600s ]
INFO: [ view_parse ] --START--
INFO: ParseTemplate Behavior ::run [ RunTime:0.006612s ]
INFO: [ view_parse ] --END-- [ RunTime:0.006704s ]
INFO: [ view_filter ] --START--
INFO: ContentReplace Behavior ::run [ RunTime:0.000360s ]
INFO: TokenBuild Behavior ::run [ RunTime:0.000383s ]
INFO: WriteHtmlCache Behavior ::run [ RunTime:0.000251s ]
INFO: ShowRuntime Behavior ::run [ RunTime:0.000432s ]
INFO: [ view_filter ] --END-- [ RunTime:0.001577s ]
INFO: [ view_end ] --START--
INFO: ShowPageTrace Behavior ::run [ RunTime:0.000451s ]
INFO: [ view_end ] --END-- [ RunTime:0.000495s ]

[ 2016-05-18T16:44:41+08:00 ] 0.0.0.0 /shop/
INFO: [ app_begin ] --START--
INFO: ReadHtmlCache Behavior ::run [ RunTime:0.000613s ]
INFO: [ app_begin ] --END-- [ RunTime:0.000717s ]
INFO: [ view_parse ] --START--
INFO: ParseTemplate Behavior ::run [ RunTime:0.006768s ]
INFO: [ view_parse ] --END-- [ RunTime:0.006880s ]
INFO: [ view_filter ] --START--
INFO: ContentReplace Behavior ::run [ RunTime:0.000705s ]
INFO: TokenBuild Behavior ::run [ RunTime:0.000483s ]
INFO: WriteHtmlCache Behavior ::run [ RunTime:0.000367s ]
INFO: ShowRuntime Behavior ::run [ RunTime:0.000377s ]
INFO: [ view_filter ] --END-- [ RunTime:0.002129s ]
INFO: [ view_end ] --START--
INFO: ShowPageTrace Behavior ::run [ RunTime:0.000454s ]
INFO: [ view_end ] --END-- [ RunTime:0.000499s ]

[ 2016-05-18T16:44:41+08:00 ] 0.0.0.0 /shop/
INFO: [ app_begin ] --START--
INFO: ReadHtmlCache Behavior ::run [ RunTime:0.000411s ]
INFO: [ app_begin ] --END-- [ RunTime:0.000489s ]
INFO: [ view_parse ] --START--
INFO: ParseTemplate Behavior ::run [ RunTime:0.004981s ]
INFO: [ view_parse ] --END-- [ RunTime:0.005058s ]
INFO: [ view_filter ] --START--
INFO: ContentReplace Behavior ::run [ RunTime:0.000343s ]
INFO: TokenBuild Behavior ::run [ RunTime:0.000317s ]
INFO: WriteHtmlCache Behavior ::run [ RunTime:0.000249s ]
INFO: ShowRuntime Behavior ::run [ RunTime:0.000361s ]
INFO: [ view_filter ] --END-- [ RunTime:0.001423s ]
INFO: [ view_end ] --START--
INFO: ShowPageTrace Behavior ::run [ RunTime:0.000447s ]
INFO: [ view_end ] --END-- [ RunTime:0.000490s ]

[ 2016-05-18T16:44:41+08:00 ] 0.0.0.0 /shop/
INFO: [ app_begin ] --START--
INFO: ReadHtmlCache Behavior ::run [ RunTime:0.000422s ]
INFO: [ app_begin ] --END-- [ RunTime:0.000499s ]
INFO: [ view_parse ] --START--
INFO: ParseTemplate Behavior ::run [ RunTime:0.004497s ]
INFO: [ view_parse ] --END-- [ RunTime:0.004564s ]
INFO: [ view_filter ] --START--
INFO: ContentReplace Behavior ::run [ RunTime:0.000318s ]
INFO: TokenBuild Behavior ::run [ RunTime:0.000314s ]
INFO: WriteHtmlCache Behavior ::run [ RunTime:0.000249s ]
INFO: ShowRuntime Behavior ::run [ RunTime:0.000356s ]
INFO: [ view_filter ] --END-- [ RunTime:0.001366s ]
INFO: [ view_end ] --START--
INFO: ShowPageTrace Behavior ::run [ RunTime:0.000446s ]
INFO: [ view_end ] --END-- [ RunTime:0.000491s ]

[ 2016-05-18T16:44:41+08:00 ] 0.0.0.0 /shop/
INFO: [ app_begin ] --START--
INFO: ReadHtmlCache Behavior ::run [ RunTime:0.000417s ]
INFO: [ app_begin ] --END-- [ RunTime:0.000488s ]
INFO: [ view_parse ] --START--
INFO: ParseTemplate Behavior ::run [ RunTime:0.004886s ]
INFO: [ view_parse ] --END-- [ RunTime:0.005090s ]
INFO: [ view_filter ] --START--
INFO: ContentReplace Behavior ::run [ RunTime:0.000572s ]
INFO: TokenBuild Behavior ::run [ RunTime:0.000395s ]
INFO: WriteHtmlCache Behavior ::run [ RunTime:0.000356s ]
INFO: ShowRuntime Behavior ::run [ RunTime:0.000368s ]
INFO: [ view_filter ] --END-- [ RunTime:0.001860s ]
INFO: [ view_end ] --START--
INFO: ShowPageTrace Behavior ::run [ RunTime:0.000443s ]
INFO: [ view_end ] --END-- [ RunTime:0.000495s ]

[ 2016-05-18T16:46:35+08:00 ] 0.0.0.0 /shop/
INFO: [ app_begin ] --START--
INFO: ReadHtmlCache Behavior ::run [ RunTime:0.000620s ]
INFO: [ app_begin ] --END-- [ RunTime:0.000697s ]
INFO: [ view_parse ] --START--
INFO: ParseTemplate Behavior ::run [ RunTime:0.005406s ]
INFO: [ view_parse ] --END-- [ RunTime:0.005489s ]
INFO: [ view_filter ] --START--
INFO: ContentReplace Behavior ::run [ RunTime:0.000456s ]
INFO: TokenBuild Behavior ::run [ RunTime:0.000449s ]
INFO: WriteHtmlCache Behavior ::run [ RunTime:0.000364s ]
INFO: ShowRuntime Behavior ::run [ RunTime:0.000443s ]
INFO: [ view_filter ] --END-- [ RunTime:0.001854s ]
INFO: [ view_end ] --START--
INFO: ShowPageTrace Behavior ::run [ RunTime:0.000528s ]
INFO: [ view_end ] --END-- [ RunTime:0.000574s ]

[ 2016-05-18T16:46:35+08:00 ] 0.0.0.0 /shop/
INFO: [ app_begin ] --START--
INFO: ReadHtmlCache Behavior ::run [ RunTime:0.000636s ]
INFO: [ app_begin ] --END-- [ RunTime:0.000747s ]
INFO: [ view_parse ] --START--
INFO: ParseTemplate Behavior ::run [ RunTime:0.007080s ]
INFO: [ view_parse ] --END-- [ RunTime:0.007192s ]
INFO: [ view_filter ] --START--
INFO: ContentReplace Behavior ::run [ RunTime:0.000335s ]
INFO: TokenBuild Behavior ::run [ RunTime:0.000359s ]
INFO: WriteHtmlCache Behavior ::run [ RunTime:0.000249s ]
INFO: ShowRuntime Behavior ::run [ RunTime:0.000357s ]
INFO: [ view_filter ] --END-- [ RunTime:0.001433s ]
INFO: [ view_end ] --START--
INFO: ShowPageTrace Behavior ::run [ RunTime:0.000446s ]
INFO: [ view_end ] --END-- [ RunTime:0.000493s ]

[ 2016-05-18T16:46:35+08:00 ] 0.0.0.0 /shop/
INFO: [ app_begin ] --START--
INFO: ReadHtmlCache Behavior ::run [ RunTime:0.000466s ]
INFO: [ app_begin ] --END-- [ RunTime:0.000542s ]
INFO: [ view_parse ] --START--
INFO: ParseTemplate Behavior ::run [ RunTime:0.004612s ]
INFO: [ view_parse ] --END-- [ RunTime:0.004691s ]
INFO: [ view_filter ] --START--
INFO: ContentReplace Behavior ::run [ RunTime:0.000318s ]
INFO: TokenBuild Behavior ::run [ RunTime:0.000332s ]
INFO: WriteHtmlCache Behavior ::run [ RunTime:0.000247s ]
INFO: ShowRuntime Behavior ::run [ RunTime:0.000351s ]
INFO: [ view_filter ] --END-- [ RunTime:0.001377s ]
INFO: [ view_end ] --START--
INFO: ShowPageTrace Behavior ::run [ RunTime:0.000440s ]
INFO: [ view_end ] --END-- [ RunTime:0.000486s ]

[ 2016-05-18T16:46:35+08:00 ] 0.0.0.0 /shop/
INFO: [ app_begin ] --START--
INFO: ReadHtmlCache Behavior ::run [ RunTime:0.000460s ]
INFO: [ app_begin ] --END-- [ RunTime:0.000539s ]
INFO: [ view_parse ] --START--
INFO: ParseTemplate Behavior ::run [ RunTime:0.004329s ]
INFO: [ view_parse ] --END-- [ RunTime:0.004395s ]
INFO: [ view_filter ] --START--
INFO: ContentReplace Behavior ::run [ RunTime:0.000301s ]
INFO: TokenBuild Behavior ::run [ RunTime:0.000306s ]
INFO: WriteHtmlCache Behavior ::run [ RunTime:0.000238s ]
INFO: ShowRuntime Behavior ::run [ RunTime:0.000344s ]
INFO: [ view_filter ] --END-- [ RunTime:0.001315s ]
INFO: [ view_end ] --START--
INFO: ShowPageTrace Behavior ::run [ RunTime:0.000432s ]
INFO: [ view_end ] --END-- [ RunTime:0.000476s ]

[ 2016-05-18T16:46:36+08:00 ] 0.0.0.0 /shop/
INFO: [ app_begin ] --START--
INFO: ReadHtmlCache Behavior ::run [ RunTime:0.000418s ]
INFO: [ app_begin ] --END-- [ RunTime:0.000493s ]
INFO: [ view_parse ] --START--
INFO: ParseTemplate Behavior ::run [ RunTime:0.004345s ]
INFO: [ view_parse ] --END-- [ RunTime:0.004416s ]
INFO: [ view_filter ] --START--
INFO: ContentReplace Behavior ::run [ RunTime:0.000320s ]
INFO: TokenBuild Behavior ::run [ RunTime:0.000311s ]
INFO: WriteHtmlCache Behavior ::run [ RunTime:0.000247s ]
INFO: ShowRuntime Behavior ::run [ RunTime:0.000345s ]
INFO: [ view_filter ] --END-- [ RunTime:0.001351s ]
INFO: [ view_end ] --START--
INFO: ShowPageTrace Behavior ::run [ RunTime:0.000449s ]
INFO: [ view_end ] --END-- [ RunTime:0.000493s ]

[ 2016-05-18T16:46:53+08:00 ] 0.0.0.0 /shop/
INFO: [ app_begin ] --START--
INFO: ReadHtmlCache Behavior ::run [ RunTime:0.000633s ]
INFO: [ app_begin ] --END-- [ RunTime:0.000704s ]
INFO: [ view_parse ] --START--
INFO: ParseTemplate Behavior ::run [ RunTime:0.005852s ]
INFO: [ view_parse ] --END-- [ RunTime:0.005931s ]
INFO: [ view_filter ] --START--
INFO: ContentReplace Behavior ::run [ RunTime:0.000419s ]
INFO: TokenBuild Behavior ::run [ RunTime:0.000410s ]
INFO: WriteHtmlCache Behavior ::run [ RunTime:0.000336s ]
INFO: ShowRuntime Behavior ::run [ RunTime:0.000447s ]
INFO: [ view_filter ] --END-- [ RunTime:0.001744s ]
INFO: [ view_end ] --START--
INFO: ShowPageTrace Behavior ::run [ RunTime:0.000535s ]
INFO: [ view_end ] --END-- [ RunTime:0.000580s ]

[ 2016-05-18T16:46:54+08:00 ] 0.0.0.0 /shop/
INFO: [ app_begin ] --START--
INFO: ReadHtmlCache Behavior ::run [ RunTime:0.000528s ]
INFO: [ app_begin ] --END-- [ RunTime:0.000623s ]
INFO: [ view_parse ] --START--
INFO: ParseTemplate Behavior ::run [ RunTime:0.004633s ]
INFO: [ view_parse ] --END-- [ RunTime:0.004721s ]
INFO: [ view_filter ] --START--
INFO: ContentReplace Behavior ::run [ RunTime:0.000313s ]
INFO: TokenBuild Behavior ::run [ RunTime:0.000313s ]
INFO: WriteHtmlCache Behavior ::run [ RunTime:0.000246s ]
INFO: ShowRuntime Behavior ::run [ RunTime:0.000351s ]
INFO: [ view_filter ] --END-- [ RunTime:0.001355s ]
INFO: [ view_end ] --START--
INFO: ShowPageTrace Behavior ::run [ RunTime:0.000439s ]
INFO: [ view_end ] --END-- [ RunTime:0.000483s ]

[ 2016-05-18T16:46:54+08:00 ] 0.0.0.0 /shop/
INFO: [ app_begin ] --START--
INFO: ReadHtmlCache Behavior ::run [ RunTime:0.000590s ]
INFO: [ app_begin ] --END-- [ RunTime:0.000683s ]
INFO: [ view_parse ] --START--
INFO: ParseTemplate Behavior ::run [ RunTime:0.004468s ]
INFO: [ view_parse ] --END-- [ RunTime:0.004539s ]
INFO: [ view_filter ] --START--
INFO: ContentReplace Behavior ::run [ RunTime:0.000316s ]
INFO: TokenBuild Behavior ::run [ RunTime:0.000315s ]
INFO: WriteHtmlCache Behavior ::run [ RunTime:0.000249s ]
INFO: ShowRuntime Behavior ::run [ RunTime:0.000351s ]
INFO: [ view_filter ] --END-- [ RunTime:0.001360s ]
INFO: [ view_end ] --START--
INFO: ShowPageTrace Behavior ::run [ RunTime:0.000444s ]
INFO: [ view_end ] --END-- [ RunTime:0.000489s ]

[ 2016-05-18T16:46:54+08:00 ] 0.0.0.0 /shop/
INFO: [ app_begin ] --START--
INFO: ReadHtmlCache Behavior ::run [ RunTime:0.000417s ]
INFO: [ app_begin ] --END-- [ RunTime:0.000491s ]
INFO: [ view_parse ] --START--
INFO: ParseTemplate Behavior ::run [ RunTime:0.004970s ]
INFO: [ view_parse ] --END-- [ RunTime:0.005053s ]
INFO: [ view_filter ] --START--
INFO: ContentReplace Behavior ::run [ RunTime:0.000327s ]
INFO: TokenBuild Behavior ::run [ RunTime:0.000320s ]
INFO: WriteHtmlCache Behavior ::run [ RunTime:0.000255s ]
INFO: ShowRuntime Behavior ::run [ RunTime:0.000353s ]
INFO: [ view_filter ] --END-- [ RunTime:0.001384s ]
INFO: [ view_end ] --START--
INFO: ShowPageTrace Behavior ::run [ RunTime:0.000445s ]
INFO: [ view_end ] --END-- [ RunTime:0.000490s ]

[ 2016-05-18T16:46:54+08:00 ] 0.0.0.0 /shop/
INFO: [ app_begin ] --START--
INFO: ReadHtmlCache Behavior ::run [ RunTime:0.000444s ]
INFO: [ app_begin ] --END-- [ RunTime:0.000528s ]
INFO: [ view_parse ] --START--
INFO: ParseTemplate Behavior ::run [ RunTime:0.004430s ]
INFO: [ view_parse ] --END-- [ RunTime:0.004511s ]
INFO: [ view_filter ] --START--
INFO: ContentReplace Behavior ::run [ RunTime:0.000309s ]
INFO: TokenBuild Behavior ::run [ RunTime:0.000313s ]
INFO: WriteHtmlCache Behavior ::run [ RunTime:0.000243s ]
INFO: ShowRuntime Behavior ::run [ RunTime:0.000349s ]
INFO: [ view_filter ] --END-- [ RunTime:0.001343s ]
INFO: [ view_end ] --START--
INFO: ShowPageTrace Behavior ::run [ RunTime:0.000438s ]
INFO: [ view_end ] --END-- [ RunTime:0.000483s ]

[ 2016-05-18T16:46:54+08:00 ] 0.0.0.0 /shop/
INFO: [ app_begin ] --START--
INFO: ReadHtmlCache Behavior ::run [ RunTime:0.000411s ]
INFO: [ app_begin ] --END-- [ RunTime:0.000483s ]
INFO: [ view_parse ] --START--
INFO: ParseTemplate Behavior ::run [ RunTime:0.004673s ]
INFO: [ view_parse ] --END-- [ RunTime:0.004773s ]
INFO: [ view_filter ] --START--
INFO: ContentReplace Behavior ::run [ RunTime:0.000395s ]
INFO: TokenBuild Behavior ::run [ RunTime:0.000330s ]
INFO: WriteHtmlCache Behavior ::run [ RunTime:0.000248s ]
INFO: ShowRuntime Behavior ::run [ RunTime:0.000353s ]
INFO: [ view_filter ] --END-- [ RunTime:0.001468s ]
INFO: [ view_end ] --START--
INFO: ShowPageTrace Behavior ::run [ RunTime:0.000457s ]
INFO: [ view_end ] --END-- [ RunTime:0.000503s ]

[ 2016-05-18T16:47:14+08:00 ] 0.0.0.0 /shop/
INFO: [ app_begin ] --START--
INFO: ReadHtmlCache Behavior ::run [ RunTime:0.000422s ]
INFO: [ app_begin ] --END-- [ RunTime:0.000496s ]
INFO: [ view_parse ] --START--
INFO: ParseTemplate Behavior ::run [ RunTime:0.004410s ]
INFO: [ view_parse ] --END-- [ RunTime:0.004480s ]
INFO: [ view_filter ] --START--
INFO: ContentReplace Behavior ::run [ RunTime:0.000315s ]
INFO: TokenBuild Behavior ::run [ RunTime:0.000308s ]
INFO: WriteHtmlCache Behavior ::run [ RunTime:0.000239s ]
INFO: ShowRuntime Behavior ::run [ RunTime:0.000348s ]
INFO: [ view_filter ] --END-- [ RunTime:0.001338s ]
INFO: [ view_end ] --START--
INFO: ShowPageTrace Behavior ::run [ RunTime:0.000438s ]
INFO: [ view_end ] --END-- [ RunTime:0.000482s ]

[ 2016-05-18T16:47:14+08:00 ] 0.0.0.0 /shop/
INFO: [ app_begin ] --START--
INFO: ReadHtmlCache Behavior ::run [ RunTime:0.000412s ]
INFO: [ app_begin ] --END-- [ RunTime:0.000488s ]
INFO: [ view_parse ] --START--
INFO: ParseTemplate Behavior ::run [ RunTime:0.004433s ]
INFO: [ view_parse ] --END-- [ RunTime:0.004515s ]
INFO: [ view_filter ] --START--
INFO: ContentReplace Behavior ::run [ RunTime:0.000322s ]
INFO: TokenBuild Behavior ::run [ RunTime:0.000312s ]
INFO: WriteHtmlCache Behavior ::run [ RunTime:0.000246s ]
INFO: ShowRuntime Behavior ::run [ RunTime:0.000357s ]
INFO: [ view_filter ] --END-- [ RunTime:0.001367s ]
INFO: [ view_end ] --START--
INFO: ShowPageTrace Behavior ::run [ RunTime:0.000466s ]
INFO: [ view_end ] --END-- [ RunTime:0.000513s ]

[ 2016-05-18T16:52:10+08:00 ] 0.0.0.0 /shop/
INFO: [ app_begin ] --START--
INFO: ReadHtmlCache Behavior ::run [ RunTime:0.000630s ]
INFO: [ app_begin ] --END-- [ RunTime:0.000707s ]
INFO: [ view_parse ] --START--
NOTIC: [8] Undefined variable: public C:\programs\phpstudy\WWW\shop\Runtime\Cache\aa29d93579c5cfaae80acb1b903e84de.php 第 6 行.
INFO: ParseTemplate Behavior ::run [ RunTime:0.006164s ]
INFO: [ view_parse ] --END-- [ RunTime:0.006223s ]
INFO: [ view_filter ] --START--
INFO: ContentReplace Behavior ::run [ RunTime:0.000486s ]
INFO: TokenBuild Behavior ::run [ RunTime:0.000418s ]
INFO: WriteHtmlCache Behavior ::run [ RunTime:0.000350s ]
INFO: ShowRuntime Behavior ::run [ RunTime:0.000468s ]
INFO: [ view_filter ] --END-- [ RunTime:0.001873s ]
INFO: [ view_end ] --START--
INFO: ShowPageTrace Behavior ::run [ RunTime:0.000537s ]
INFO: [ view_end ] --END-- [ RunTime:0.000584s ]

[ 2016-05-18T16:52:10+08:00 ] 0.0.0.0 /shop/
INFO: [ app_begin ] --START--
INFO: ReadHtmlCache Behavior ::run [ RunTime:0.000428s ]
INFO: [ app_begin ] --END-- [ RunTime:0.000507s ]
INFO: [ view_parse ] --START--
NOTIC: [8] Undefined variable: public C:\programs\phpstudy\WWW\shop\Runtime\Cache\aa29d93579c5cfaae80acb1b903e84de.php 第 6 行.
INFO: ParseTemplate Behavior ::run [ RunTime:0.004732s ]
INFO: [ view_parse ] --END-- [ RunTime:0.004784s ]
INFO: [ view_filter ] --START--
INFO: ContentReplace Behavior ::run [ RunTime:0.000318s ]
INFO: TokenBuild Behavior ::run [ RunTime:0.000320s ]
INFO: WriteHtmlCache Behavior ::run [ RunTime:0.000248s ]
INFO: ShowRuntime Behavior ::run [ RunTime:0.000357s ]
INFO: [ view_filter ] --END-- [ RunTime:0.001368s ]
INFO: [ view_end ] --START--
INFO: ShowPageTrace Behavior ::run [ RunTime:0.000442s ]
INFO: [ view_end ] --END-- [ RunTime:0.000492s ]

[ 2016-05-18T16:52:10+08:00 ] 0.0.0.0 /shop/
INFO: [ app_begin ] --START--
INFO: ReadHtmlCache Behavior ::run [ RunTime:0.000437s ]
INFO: [ app_begin ] --END-- [ RunTime:0.000516s ]
INFO: [ view_parse ] --START--
NOTIC: [8] Undefined variable: public C:\programs\phpstudy\WWW\shop\Runtime\Cache\aa29d93579c5cfaae80acb1b903e84de.php 第 6 行.
INFO: ParseTemplate Behavior ::run [ RunTime:0.004461s ]
INFO: [ view_parse ] --END-- [ RunTime:0.004515s ]
INFO: [ view_filter ] --START--
INFO: ContentReplace Behavior ::run [ RunTime:0.000323s ]
INFO: TokenBuild Behavior ::run [ RunTime:0.000325s ]
INFO: WriteHtmlCache Behavior ::run [ RunTime:0.000258s ]
INFO: ShowRuntime Behavior ::run [ RunTime:0.000384s ]
INFO: [ view_filter ] --END-- [ RunTime:0.001433s ]
INFO: [ view_end ] --START--
INFO: ShowPageTrace Behavior ::run [ RunTime:0.000684s ]
INFO: [ view_end ] --END-- [ RunTime:0.000756s ]

[ 2016-05-18T16:52:10+08:00 ] 0.0.0.0 /shop/
INFO: [ app_begin ] --START--
INFO: ReadHtmlCache Behavior ::run [ RunTime:0.000437s ]
INFO: [ app_begin ] --END-- [ RunTime:0.000515s ]
INFO: [ view_parse ] --START--
NOTIC: [8] Undefined variable: public C:\programs\phpstudy\WWW\shop\Runtime\Cache\aa29d93579c5cfaae80acb1b903e84de.php 第 6 行.
INFO: ParseTemplate Behavior ::run [ RunTime:0.004603s ]
INFO: [ view_parse ] --END-- [ RunTime:0.004658s ]
INFO: [ view_filter ] --START--
INFO: ContentReplace Behavior ::run [ RunTime:0.000318s ]
INFO: TokenBuild Behavior ::run [ RunTime:0.000314s ]
INFO: WriteHtmlCache Behavior ::run [ RunTime:0.000248s ]
INFO: ShowRuntime Behavior ::run [ RunTime:0.000356s ]
INFO: [ view_filter ] --END-- [ RunTime:0.001364s ]
INFO: [ view_end ] --START--
INFO: ShowPageTrace Behavior ::run [ RunTime:0.000467s ]
INFO: [ view_end ] --END-- [ RunTime:0.000511s ]

[ 2016-05-18T16:52:11+08:00 ] 0.0.0.0 /shop/
INFO: [ app_begin ] --START--
INFO: ReadHtmlCache Behavior ::run [ RunTime:0.000503s ]
INFO: [ app_begin ] --END-- [ RunTime:0.000603s ]
INFO: [ view_parse ] --START--
NOTIC: [8] Undefined variable: public C:\programs\phpstudy\WWW\shop\Runtime\Cache\aa29d93579c5cfaae80acb1b903e84de.php 第 6 行.
INFO: ParseTemplate Behavior ::run [ RunTime:0.004856s ]
INFO: [ view_parse ] --END-- [ RunTime:0.004921s ]
INFO: [ view_filter ] --START--
INFO: ContentReplace Behavior ::run [ RunTime:0.000330s ]
INFO: TokenBuild Behavior ::run [ RunTime:0.000325s ]
INFO: WriteHtmlCache Behavior ::run [ RunTime:0.000257s ]
INFO: ShowRuntime Behavior ::run [ RunTime:0.000380s ]
INFO: [ view_filter ] --END-- [ RunTime:0.001422s ]
INFO: [ view_end ] --START--
INFO: ShowPageTrace Behavior ::run [ RunTime:0.000465s ]
INFO: [ view_end ] --END-- [ RunTime:0.000510s ]

[ 2016-05-18T16:56:29+08:00 ] 0.0.0.0 /shop/
INFO: [ app_begin ] --START--
INFO: ReadHtmlCache Behavior ::run [ RunTime:0.000631s ]
INFO: [ app_begin ] --END-- [ RunTime:0.000708s ]
INFO: [ view_parse ] --START--
INFO: ParseTemplate Behavior ::run [ RunTime:0.005497s ]
INFO: [ view_parse ] --END-- [ RunTime:0.005578s ]
INFO: [ view_filter ] --START--
INFO: ContentReplace Behavior ::run [ RunTime:0.000422s ]
INFO: TokenBuild Behavior ::run [ RunTime:0.000409s ]
INFO: WriteHtmlCache Behavior ::run [ RunTime:0.000329s ]
INFO: ShowRuntime Behavior ::run [ RunTime:0.000436s ]
INFO: [ view_filter ] --END-- [ RunTime:0.001731s ]
INFO: [ view_end ] --START--
INFO: ShowPageTrace Behavior ::run [ RunTime:0.000524s ]
INFO: [ view_end ] --END-- [ RunTime:0.000570s ]

[ 2016-05-18T16:56:29+08:00 ] 0.0.0.0 /shop/
INFO: [ app_begin ] --START--
INFO: ReadHtmlCache Behavior ::run [ RunTime:0.000630s ]
INFO: [ app_begin ] --END-- [ RunTime:0.000748s ]
INFO: [ view_parse ] --START--
INFO: ParseTemplate Behavior ::run [ RunTime:0.004583s ]
INFO: [ view_parse ] --END-- [ RunTime:0.004695s ]
INFO: [ view_filter ] --START--
INFO: ContentReplace Behavior ::run [ RunTime:0.000323s ]
INFO: TokenBuild Behavior ::run [ RunTime:0.000326s ]
INFO: WriteHtmlCache Behavior ::run [ RunTime:0.000253s ]
INFO: ShowRuntime Behavior ::run [ RunTime:0.000347s ]
INFO: [ view_filter ] --END-- [ RunTime:0.001382s ]
INFO: [ view_end ] --START--
INFO: ShowPageTrace Behavior ::run [ RunTime:0.000467s ]
INFO: [ view_end ] --END-- [ RunTime:0.000512s ]

[ 2016-05-18T16:58:40+08:00 ] 0.0.0.0 /shop/
INFO: [ app_begin ] --START--
INFO: ReadHtmlCache Behavior ::run [ RunTime:0.000654s ]
INFO: [ app_begin ] --END-- [ RunTime:0.000735s ]
INFO: [ view_parse ] --START--
INFO: ParseTemplate Behavior ::run [ RunTime:0.005120s ]
INFO: [ view_parse ] --END-- [ RunTime:0.005198s ]
INFO: [ view_filter ] --START--
INFO: ContentReplace Behavior ::run [ RunTime:0.000488s ]
INFO: TokenBuild Behavior ::run [ RunTime:0.000442s ]
INFO: WriteHtmlCache Behavior ::run [ RunTime:0.000345s ]
INFO: ShowRuntime Behavior ::run [ RunTime:0.000465s ]
INFO: [ view_filter ] --END-- [ RunTime:0.001876s ]
INFO: [ view_end ] --START--
INFO: ShowPageTrace Behavior ::run [ RunTime:0.000644s ]
INFO: [ view_end ] --END-- [ RunTime:0.000700s ]

[ 2016-05-18T16:58:40+08:00 ] 0.0.0.0 /shop/
INFO: [ app_begin ] --START--
INFO: ReadHtmlCache Behavior ::run [ RunTime:0.000600s ]
INFO: [ app_begin ] --END-- [ RunTime:0.000671s ]
INFO: [ view_parse ] --START--
INFO: ParseTemplate Behavior ::run [ RunTime:0.005690s ]
INFO: [ view_parse ] --END-- [ RunTime:0.005770s ]
INFO: [ view_filter ] --START--
INFO: ContentReplace Behavior ::run [ RunTime:0.000426s ]
INFO: TokenBuild Behavior ::run [ RunTime:0.000425s ]
INFO: WriteHtmlCache Behavior ::run [ RunTime:0.000330s ]
INFO: ShowRuntime Behavior ::run [ RunTime:0.000436s ]
INFO: [ view_filter ] --END-- [ RunTime:0.001751s ]
INFO: [ view_end ] --START--
INFO: ShowPageTrace Behavior ::run [ RunTime:0.000522s ]
INFO: [ view_end ] --END-- [ RunTime:0.000567s ]

[ 2016-05-18T16:58:40+08:00 ] 0.0.0.0 /shop/
INFO: [ app_begin ] --START--
INFO: ReadHtmlCache Behavior ::run [ RunTime:0.000664s ]
INFO: [ app_begin ] --END-- [ RunTime:0.000743s ]
INFO: [ view_parse ] --START--
INFO: ParseTemplate Behavior ::run [ RunTime:0.005431s ]
INFO: [ view_parse ] --END-- [ RunTime:0.005513s ]
INFO: [ view_filter ] --START--
INFO: ContentReplace Behavior ::run [ RunTime:0.000409s ]
INFO: TokenBuild Behavior ::run [ RunTime:0.000399s ]
INFO: WriteHtmlCache Behavior ::run [ RunTime:0.000328s ]
INFO: ShowRuntime Behavior ::run [ RunTime:0.000437s ]
INFO: [ view_filter ] --END-- [ RunTime:0.001701s ]
INFO: [ view_end ] --START--
INFO: ShowPageTrace Behavior ::run [ RunTime:0.000543s ]
INFO: [ view_end ] --END-- [ RunTime:0.000592s ]

[ 2016-05-18T16:58:41+08:00 ] 0.0.0.0 /shop/
INFO: [ app_begin ] --START--
INFO: ReadHtmlCache Behavior ::run [ RunTime:0.000428s ]
INFO: [ app_begin ] --END-- [ RunTime:0.000521s ]
INFO: [ view_parse ] --START--
INFO: ParseTemplate Behavior ::run [ RunTime:0.005685s ]
INFO: [ view_parse ] --END-- [ RunTime:0.005804s ]
INFO: [ view_filter ] --START--
INFO: ContentReplace Behavior ::run [ RunTime:0.000330s ]
INFO: TokenBuild Behavior ::run [ RunTime:0.000314s ]
INFO: WriteHtmlCache Behavior ::run [ RunTime:0.000238s ]
INFO: ShowRuntime Behavior ::run [ RunTime:0.000344s ]
INFO: [ view_filter ] --END-- [ RunTime:0.001361s ]
INFO: [ view_end ] --START--
INFO: ShowPageTrace Behavior ::run [ RunTime:0.000440s ]
INFO: [ view_end ] --END-- [ RunTime:0.000487s ]

[ 2016-05-18T16:58:41+08:00 ] 0.0.0.0 /shop/
INFO: [ app_begin ] --START--
INFO: ReadHtmlCache Behavior ::run [ RunTime:0.000481s ]
INFO: [ app_begin ] --END-- [ RunTime:0.000574s ]
INFO: [ view_parse ] --START--
INFO: ParseTemplate Behavior ::run [ RunTime:0.004501s ]
INFO: [ view_parse ] --END-- [ RunTime:0.004577s ]
INFO: [ view_filter ] --START--
INFO: ContentReplace Behavior ::run [ RunTime:0.000384s ]
INFO: TokenBuild Behavior ::run [ RunTime:0.000323s ]
INFO: WriteHtmlCache Behavior ::run [ RunTime:0.000244s ]
INFO: ShowRuntime Behavior ::run [ RunTime:0.000354s ]
INFO: [ view_filter ] --END-- [ RunTime:0.001437s ]
INFO: [ view_end ] --START--
INFO: ShowPageTrace Behavior ::run [ RunTime:0.000439s ]
INFO: [ view_end ] --END-- [ RunTime:0.000484s ]

[ 2016-05-18T16:58:41+08:00 ] 0.0.0.0 /shop/
INFO: [ app_begin ] --START--
INFO: ReadHtmlCache Behavior ::run [ RunTime:0.000419s ]
INFO: [ app_begin ] --END-- [ RunTime:0.000496s ]
INFO: [ view_parse ] --START--
INFO: ParseTemplate Behavior ::run [ RunTime:0.004758s ]
INFO: [ view_parse ] --END-- [ RunTime:0.004836s ]
INFO: [ view_filter ] --START--
INFO: ContentReplace Behavior ::run [ RunTime:0.000316s ]
INFO: TokenBuild Behavior ::run [ RunTime:0.000312s ]
INFO: WriteHtmlCache Behavior ::run [ RunTime:0.000242s ]
INFO: ShowRuntime Behavior ::run [ RunTime:0.000347s ]
INFO: [ view_filter ] --END-- [ RunTime:0.001348s ]
INFO: [ view_end ] --START--
INFO: ShowPageTrace Behavior ::run [ RunTime:0.000436s ]
INFO: [ view_end ] --END-- [ RunTime:0.000482s ]

[ 2016-05-18T16:58:41+08:00 ] 0.0.0.0 /shop/
INFO: [ app_begin ] --START--
INFO: ReadHtmlCache Behavior ::run [ RunTime:0.000418s ]
INFO: [ app_begin ] --END-- [ RunTime:0.000493s ]
INFO: [ view_parse ] --START--
INFO: ParseTemplate Behavior ::run [ RunTime:0.004539s ]
INFO: [ view_parse ] --END-- [ RunTime:0.004607s ]
INFO: [ view_filter ] --START--
INFO: ContentReplace Behavior ::run [ RunTime:0.000313s ]
INFO: TokenBuild Behavior ::run [ RunTime:0.000309s ]
INFO: WriteHtmlCache Behavior ::run [ RunTime:0.000242s ]
INFO: ShowRuntime Behavior ::run [ RunTime:0.000347s ]
INFO: [ view_filter ] --END-- [ RunTime:0.001339s ]
INFO: [ view_end ] --START--
INFO: ShowPageTrace Behavior ::run [ RunTime:0.000438s ]
INFO: [ view_end ] --END-- [ RunTime:0.000482s ]

[ 2016-05-18T16:59:47+08:00 ] 0.0.0.0 /shop/
INFO: [ app_begin ] --START--
INFO: ReadHtmlCache Behavior ::run [ RunTime:0.000604s ]
INFO: [ app_begin ] --END-- [ RunTime:0.000680s ]
INFO: [ view_parse ] --START--
INFO: ParseTemplate Behavior ::run [ RunTime:0.005393s ]
INFO: [ view_parse ] --END-- [ RunTime:0.005473s ]
INFO: [ view_filter ] --START--
INFO: ContentReplace Behavior ::run [ RunTime:0.000474s ]
INFO: TokenBuild Behavior ::run [ RunTime:0.000404s ]
INFO: WriteHtmlCache Behavior ::run [ RunTime:0.000325s ]
INFO: ShowRuntime Behavior ::run [ RunTime:0.000433s ]
INFO: [ view_filter ] --END-- [ RunTime:0.001774s ]
INFO: [ view_end ] --START--
INFO: ShowPageTrace Behavior ::run [ RunTime:0.000529s ]
INFO: [ view_end ] --END-- [ RunTime:0.000583s ]

[ 2016-05-18T16:59:47+08:00 ] 0.0.0.0 /shop/
INFO: [ app_begin ] --START--
INFO: ReadHtmlCache Behavior ::run [ RunTime:0.000891s ]
INFO: [ app_begin ] --END-- [ RunTime:0.000996s ]
INFO: [ view_parse ] --START--
INFO: ParseTemplate Behavior ::run [ RunTime:0.007305s ]
INFO: [ view_parse ] --END-- [ RunTime:0.007415s ]
INFO: [ view_filter ] --START--
INFO: ContentReplace Behavior ::run [ RunTime:0.000597s ]
INFO: TokenBuild Behavior ::run [ RunTime:0.000590s ]
INFO: WriteHtmlCache Behavior ::run [ RunTime:0.000479s ]
INFO: ShowRuntime Behavior ::run [ RunTime:0.000679s ]
INFO: [ view_filter ] --END-- [ RunTime:0.002559s ]
INFO: [ view_end ] --START--
INFO: ShowPageTrace Behavior ::run [ RunTime:0.000638s ]
INFO: [ view_end ] --END-- [ RunTime:0.000703s ]

[ 2016-05-18T17:01:21+08:00 ] 0.0.0.0 /shop/
INFO: [ app_begin ] --START--
INFO: ReadHtmlCache Behavior ::run [ RunTime:0.000616s ]
INFO: [ app_begin ] --END-- [ RunTime:0.000695s ]
INFO: [ view_parse ] --START--
INFO: ParseTemplate Behavior ::run [ RunTime:0.005485s ]
INFO: [ view_parse ] --END-- [ RunTime:0.005568s ]
INFO: [ view_filter ] --START--
INFO: ContentReplace Behavior ::run [ RunTime:0.000432s ]
INFO: TokenBuild Behavior ::run [ RunTime:0.000402s ]
INFO: WriteHtmlCache Behavior ::run [ RunTime:0.000327s ]
INFO: ShowRuntime Behavior ::run [ RunTime:0.000440s ]
INFO: [ view_filter ] --END-- [ RunTime:0.001732s ]
INFO: [ view_end ] --START--
INFO: ShowPageTrace Behavior ::run [ RunTime:0.000523s ]
INFO: [ view_end ] --END-- [ RunTime:0.000569s ]

[ 2016-05-18T17:04:48+08:00 ] 0.0.0.0 /shop/
INFO: [ app_begin ] --START--
INFO: ReadHtmlCache Behavior ::run [ RunTime:0.001179s ]
INFO: [ app_begin ] --END-- [ RunTime:0.001377s ]
INFO: [ view_parse ] --START--
INFO: ParseTemplate Behavior ::run [ RunTime:0.007143s ]
INFO: [ view_parse ] --END-- [ RunTime:0.007258s ]
INFO: [ view_filter ] --START--
INFO: ContentReplace Behavior ::run [ RunTime:0.000438s ]
INFO: TokenBuild Behavior ::run [ RunTime:0.000401s ]
INFO: WriteHtmlCache Behavior ::run [ RunTime:0.000330s ]
INFO: ShowRuntime Behavior ::run [ RunTime:0.000437s ]
INFO: [ view_filter ] --END-- [ RunTime:0.001733s ]
INFO: [ view_end ] --START--
INFO: ShowPageTrace Behavior ::run [ RunTime:0.000519s ]
INFO: [ view_end ] --END-- [ RunTime:0.000564s ]

[ 2016-05-18T17:05:07+08:00 ] 0.0.0.0 /shop/
INFO: [ app_begin ] --START--
INFO: ReadHtmlCache Behavior ::run [ RunTime:0.000624s ]
INFO: [ app_begin ] --END-- [ RunTime:0.000707s ]
INFO: [ view_parse ] --START--
INFO: ParseTemplate Behavior ::run [ RunTime:0.005201s ]
INFO: [ view_parse ] --END-- [ RunTime:0.005305s ]
INFO: [ view_filter ] --START--
INFO: ContentReplace Behavior ::run [ RunTime:0.000400s ]
INFO: TokenBuild Behavior ::run [ RunTime:0.000395s ]
INFO: WriteHtmlCache Behavior ::run [ RunTime:0.000322s ]
INFO: ShowRuntime Behavior ::run [ RunTime:0.000441s ]
INFO: [ view_filter ] --END-- [ RunTime:0.001693s ]
INFO: [ view_end ] --START--
INFO: ShowPageTrace Behavior ::run [ RunTime:0.000519s ]
INFO: [ view_end ] --END-- [ RunTime:0.000567s ]

[ 2016-05-18T17:05:07+08:00 ] 0.0.0.0 /shop/
INFO: [ app_begin ] --START--
INFO: ReadHtmlCache Behavior ::run [ RunTime:0.000412s ]
INFO: [ app_begin ] --END-- [ RunTime:0.000485s ]
INFO: [ view_parse ] --START--
INFO: ParseTemplate Behavior ::run [ RunTime:0.006086s ]
INFO: [ view_parse ] --END-- [ RunTime:0.006166s ]
INFO: [ view_filter ] --START--
INFO: ContentReplace Behavior ::run [ RunTime:0.000336s ]
INFO: TokenBuild Behavior ::run [ RunTime:0.000315s ]
INFO: WriteHtmlCache Behavior ::run [ RunTime:0.000343s ]
INFO: ShowRuntime Behavior ::run [ RunTime:0.000417s ]
INFO: [ view_filter ] --END-- [ RunTime:0.001555s ]
INFO: [ view_end ] --START--
INFO: ShowPageTrace Behavior ::run [ RunTime:0.000493s ]
INFO: [ view_end ] --END-- [ RunTime:0.000571s ]

