[ 2016-07-21T09:35:25+08:00 ] 0.0.0.0 /shop/
INFO: [ app_begin ] --START--
INFO: ReadHtmlCache Behavior ::run [ RunTime:0.001614s ]
INFO: [ app_begin ] --END-- [ RunTime:0.002281s ]
SQL: SHOW COLUMNS FROM `user` [ RunTime:0.005892s ]
SQL: SELECT `user_status` FROM `user` WHERE ( `loginkey` = 'orseWv4iA8crbE52STgZX1i11ya4' ) LIMIT 1   [ RunTime:0.000394s ]
INFO: [ view_parse ] --START--
INFO: ParseTemplate Behavior ::run [ RunTime:0.011604s ]
INFO: [ view_parse ] --END-- [ RunTime:0.011714s ]
INFO: [ view_filter ] --START--
INFO: ContentReplace Behavior ::run [ RunTime:0.001004s ]
INFO: TokenBuild Behavior ::run [ RunTime:0.001184s ]
INFO: WriteHtmlCache Behavior ::run [ RunTime:0.000987s ]
INFO: ShowRuntime Behavior ::run [ RunTime:0.000978s ]
INFO: [ view_filter ] --END-- [ RunTime:0.004355s ]
INFO: [ view_end ] --START--
INFO: ShowPageTrace Behavior ::run [ RunTime:0.001107s ]
INFO: [ view_end ] --END-- [ RunTime:0.001157s ]

[ 2016-07-21T09:35:25+08:00 ] 0.0.0.0 /shop/Index/hotRecommend
INFO: [ route_check ] --START--
INFO: CheckRoute Behavior ::run [ RunTime:0.002381s ]
INFO: [ route_check ] --END-- [ RunTime:0.002460s ]
INFO: [ app_begin ] --START--
INFO: ReadHtmlCache Behavior ::run [ RunTime:0.000758s ]
INFO: [ app_begin ] --END-- [ RunTime:0.000805s ]
SQL: SHOW COLUMNS FROM `goods` [ RunTime:0.004241s ]
SQL: SELECT * FROM `goods` WHERE ( goods_status = 1 )  [ RunTime:0.000547s ]

