[ 2016-08-02T10:03:23+08:00 ] 0.0.0.0 /shop/
INFO: [ app_begin ] --START--
INFO: ReadHtmlCache Behavior ::run [ RunTime:0.001820s ]
INFO: [ app_begin ] --END-- [ RunTime:0.001964s ]
SQL: SHOW COLUMNS FROM `user` [ RunTime:0.005039s ]
SQL: SELECT `user_status` FROM `user` WHERE ( `loginkey` = 'orseWv4iA8crbE52STgZX1i11ya4' ) LIMIT 1   [ RunTime:0.000331s ]
INFO: [ view_parse ] --START--
INFO: ParseTemplate Behavior ::run [ RunTime:0.010103s ]
INFO: [ view_parse ] --END-- [ RunTime:0.010181s ]
INFO: [ view_filter ] --START--
INFO: ContentReplace Behavior ::run [ RunTime:0.000861s ]
INFO: TokenBuild Behavior ::run [ RunTime:0.000903s ]
INFO: WriteHtmlCache Behavior ::run [ RunTime:0.000910s ]
INFO: ShowRuntime Behavior ::run [ RunTime:0.000943s ]
INFO: [ view_filter ] --END-- [ RunTime:0.003752s ]
INFO: [ view_end ] --START--
INFO: ShowPageTrace Behavior ::run [ RunTime:0.001068s ]
INFO: [ view_end ] --END-- [ RunTime:0.001116s ]

[ 2016-08-02T10:03:23+08:00 ] 0.0.0.0 /shop/Index/hotRecommend
INFO: [ route_check ] --START--
INFO: CheckRoute Behavior ::run [ RunTime:0.001244s ]
INFO: [ route_check ] --END-- [ RunTime:0.001321s ]
INFO: [ app_begin ] --START--
INFO: ReadHtmlCache Behavior ::run [ RunTime:0.000589s ]
INFO: [ app_begin ] --END-- [ RunTime:0.000637s ]
SQL: SHOW COLUMNS FROM `goods` [ RunTime:0.005014s ]
SQL: SELECT * FROM `goods` WHERE ( goods_status = 1 )  [ RunTime:0.000535s ]

[ 2016-08-02T10:03:25+08:00 ] 0.0.0.0 /shop/Tpl/Public/js/maps/swiper.jquery.min.js.map
INFO: [ route_check ] --START--
INFO: CheckRoute Behavior ::run [ RunTime:0.001195s ]
INFO: [ route_check ] --END-- [ RunTime:0.001290s ]
INFO: [ app_begin ] --START--
INFO: ReadHtmlCache Behavior ::run [ RunTime:0.000586s ]
INFO: [ app_begin ] --END-- [ RunTime:0.000654s ]
ERR: 无法加载模块:Tpl

[ 2016-08-02T10:03:26+08:00 ] 0.0.0.0 /shop/Display/goodslist
INFO: [ route_check ] --START--
INFO: CheckRoute Behavior ::run [ RunTime:0.000561s ]
INFO: [ route_check ] --END-- [ RunTime:0.000637s ]
INFO: [ app_begin ] --START--
INFO: ReadHtmlCache Behavior ::run [ RunTime:0.000558s ]
INFO: [ app_begin ] --END-- [ RunTime:0.000608s ]
INFO: [ view_parse ] --START--
INFO: ParseTemplate Behavior ::run [ RunTime:0.009712s ]
INFO: [ view_parse ] --END-- [ RunTime:0.009787s ]
INFO: [ view_filter ] --START--
INFO: ContentReplace Behavior ::run [ RunTime:0.000560s ]
INFO: TokenBuild Behavior ::run [ RunTime:0.000490s ]
INFO: WriteHtmlCache Behavior ::run [ RunTime:0.000408s ]
INFO: ShowRuntime Behavior ::run [ RunTime:0.000518s ]
INFO: [ view_filter ] --END-- [ RunTime:0.002110s ]
INFO: [ view_end ] --START--
INFO: ShowPageTrace Behavior ::run [ RunTime:0.000617s ]
INFO: [ view_end ] --END-- [ RunTime:0.000668s ]

[ 2016-08-02T10:03:27+08:00 ] 0.0.0.0 /shop/Tpl/Public/js/maps/swiper.jquery.min.js.map
INFO: [ route_check ] --START--
INFO: CheckRoute Behavior ::run [ RunTime:0.001033s ]
INFO: [ route_check ] --END-- [ RunTime:0.001211s ]
INFO: [ app_begin ] --START--
INFO: ReadHtmlCache Behavior ::run [ RunTime:0.001031s ]
INFO: [ app_begin ] --END-- [ RunTime:0.001130s ]
ERR: 无法加载模块:Tpl

[ 2016-08-02T10:03:27+08:00 ] 0.0.0.0 /shop/Goods/getGoods
INFO: [ route_check ] --START--
INFO: CheckRoute Behavior ::run [ RunTime:0.001376s ]
INFO: [ route_check ] --END-- [ RunTime:0.001510s ]
INFO: [ app_begin ] --START--
INFO: ReadHtmlCache Behavior ::run [ RunTime:0.000673s ]
INFO: [ app_begin ] --END-- [ RunTime:0.000753s ]
SQL: SHOW COLUMNS FROM `assortment` [ RunTime:0.006022s ]
SQL: SELECT * FROM `assortment` ORDER BY goods_type LIMIT 1   [ RunTime:0.000234s ]
SQL: SHOW COLUMNS FROM `goods` [ RunTime:0.002610s ]
SQL: SELECT * FROM `goods` WHERE ( `goods_type` = 1 )  [ RunTime:0.000275s ]

[ 2016-08-02T10:03:27+08:00 ] 0.0.0.0 /shop/Goods/getGoodsType
INFO: [ route_check ] --START--
INFO: CheckRoute Behavior ::run [ RunTime:0.001169s ]
INFO: [ route_check ] --END-- [ RunTime:0.001322s ]
INFO: [ app_begin ] --START--
INFO: ReadHtmlCache Behavior ::run [ RunTime:0.000643s ]
INFO: [ app_begin ] --END-- [ RunTime:0.000721s ]
SQL: SHOW COLUMNS FROM `assortment` [ RunTime:0.002252s ]
SQL: SELECT * FROM `assortment` ORDER BY goods_type  [ RunTime:0.000178s ]

[ 2016-08-02T10:07:35+08:00 ] 0.0.0.0 /shop/Goods/getGoods
INFO: [ route_check ] --START--
INFO: CheckRoute Behavior ::run [ RunTime:0.001233s ]
INFO: [ route_check ] --END-- [ RunTime:0.001341s ]
INFO: [ app_begin ] --START--
INFO: ReadHtmlCache Behavior ::run [ RunTime:0.000961s ]
INFO: [ app_begin ] --END-- [ RunTime:0.001021s ]
SQL: SHOW COLUMNS FROM `goods` [ RunTime:0.002534s ]
SQL: SELECT * FROM `goods` WHERE ( `goods_type` = 2 )  [ RunTime:0.000240s ]

[ 2016-08-02T10:07:36+08:00 ] 0.0.0.0 /shop/Goods/getGoods
INFO: [ route_check ] --START--
INFO: CheckRoute Behavior ::run [ RunTime:0.001052s ]
INFO: [ route_check ] --END-- [ RunTime:0.001147s ]
INFO: [ app_begin ] --START--
INFO: ReadHtmlCache Behavior ::run [ RunTime:0.000739s ]
INFO: [ app_begin ] --END-- [ RunTime:0.000801s ]
SQL: SHOW COLUMNS FROM `goods` [ RunTime:0.005006s ]
SQL: SELECT * FROM `goods` WHERE ( `goods_type` = 3 )  [ RunTime:0.000330s ]

[ 2016-08-02T10:07:36+08:00 ] 0.0.0.0 /shop/Goods/getGoods
INFO: [ route_check ] --START--
INFO: CheckRoute Behavior ::run [ RunTime:0.000734s ]
INFO: [ route_check ] --END-- [ RunTime:0.000822s ]
INFO: [ app_begin ] --START--
INFO: ReadHtmlCache Behavior ::run [ RunTime:0.000737s ]
INFO: [ app_begin ] --END-- [ RunTime:0.000798s ]
SQL: SHOW COLUMNS FROM `goods` [ RunTime:0.004541s ]
SQL: SELECT * FROM `goods` WHERE ( `goods_type` = 4 )  [ RunTime:0.000238s ]

[ 2016-08-02T10:07:37+08:00 ] 0.0.0.0 /shop/Goods/getGoods
INFO: [ route_check ] --START--
INFO: CheckRoute Behavior ::run [ RunTime:0.000537s ]
INFO: [ route_check ] --END-- [ RunTime:0.000604s ]
INFO: [ app_begin ] --START--
INFO: ReadHtmlCache Behavior ::run [ RunTime:0.000541s ]
INFO: [ app_begin ] --END-- [ RunTime:0.000586s ]
SQL: SHOW COLUMNS FROM `goods` [ RunTime:0.002626s ]
SQL: SELECT * FROM `goods` WHERE ( `goods_type` = 2 )  [ RunTime:0.000253s ]

[ 2016-08-02T10:07:37+08:00 ] 0.0.0.0 /shop/Goods/getGoods
INFO: [ route_check ] --START--
INFO: CheckRoute Behavior ::run [ RunTime:0.000555s ]
INFO: [ route_check ] --END-- [ RunTime:0.000625s ]
INFO: [ app_begin ] --START--
INFO: ReadHtmlCache Behavior ::run [ RunTime:0.000586s ]
INFO: [ app_begin ] --END-- [ RunTime:0.000633s ]
SQL: SHOW COLUMNS FROM `goods` [ RunTime:0.004514s ]
SQL: SELECT * FROM `goods` WHERE ( `goods_type` = 1 )  [ RunTime:0.000275s ]

[ 2016-08-02T10:07:38+08:00 ] 0.0.0.0 /shop/Display/shoppingcart
INFO: [ route_check ] --START--
INFO: CheckRoute Behavior ::run [ RunTime:0.000637s ]
INFO: [ route_check ] --END-- [ RunTime:0.000715s ]
INFO: [ app_begin ] --START--
INFO: ReadHtmlCache Behavior ::run [ RunTime:0.000695s ]
INFO: [ app_begin ] --END-- [ RunTime:0.000756s ]
INFO: [ view_parse ] --START--
INFO: ParseTemplate Behavior ::run [ RunTime:0.007981s ]
INFO: [ view_parse ] --END-- [ RunTime:0.008045s ]
INFO: [ view_filter ] --START--
INFO: ContentReplace Behavior ::run [ RunTime:0.000518s ]
INFO: TokenBuild Behavior ::run [ RunTime:0.000472s ]
INFO: WriteHtmlCache Behavior ::run [ RunTime:0.000393s ]
INFO: ShowRuntime Behavior ::run [ RunTime:0.000573s ]
INFO: [ view_filter ] --END-- [ RunTime:0.002088s ]
INFO: [ view_end ] --START--
INFO: ShowPageTrace Behavior ::run [ RunTime:0.000608s ]
INFO: [ view_end ] --END-- [ RunTime:0.000662s ]

[ 2016-08-02T10:07:39+08:00 ] 0.0.0.0 /shop/Tpl/Public/js/maps/swiper.jquery.min.js.map
INFO: [ route_check ] --START--
INFO: CheckRoute Behavior ::run [ RunTime:0.000670s ]
INFO: [ route_check ] --END-- [ RunTime:0.000759s ]
INFO: [ app_begin ] --START--
INFO: ReadHtmlCache Behavior ::run [ RunTime:0.000623s ]
INFO: [ app_begin ] --END-- [ RunTime:0.000684s ]
ERR: 无法加载模块:Tpl

[ 2016-08-02T10:07:39+08:00 ] 0.0.0.0 /shop/ShoppingCart/getShoppingcart
INFO: [ route_check ] --START--
INFO: CheckRoute Behavior ::run [ RunTime:0.000898s ]
INFO: [ route_check ] --END-- [ RunTime:0.000977s ]
INFO: [ app_begin ] --START--
INFO: ReadHtmlCache Behavior ::run [ RunTime:0.000622s ]
INFO: [ app_begin ] --END-- [ RunTime:0.000678s ]
SQL: SHOW COLUMNS FROM `shoppingcart` [ RunTime:0.005736s ]
SQL: SELECT * FROM `shoppingcart` WHERE ( `loginkey` = 'orseWv4iA8crbE52STgZX1i11ya4' )  [ RunTime:0.000325s ]
SQL: SHOW COLUMNS FROM `goods` [ RunTime:0.002657s ]
SQL: SELECT `goods_price` FROM `goods` WHERE ( `goods_id` = '2015010705782248' ) LIMIT 1   [ RunTime:0.000279s ]
SQL: SELECT `goods_pic` FROM `goods` WHERE ( `goods_id` = '2015010705782248' ) LIMIT 1   [ RunTime:0.000179s ]
SQL: SELECT `goods_name` FROM `goods` WHERE ( `goods_id` = '2015010705782248' ) LIMIT 1   [ RunTime:0.000162s ]
SQL: SELECT * FROM `shoppingcart` WHERE ( `loginkey` = 'orseWv4iA8crbE52STgZX1i11ya4' )  [ RunTime:0.000175s ]
SQL: SELECT * FROM `goods` WHERE ( `goods_id` = '2015010705782248' )  [ RunTime:0.000151s ]

[ 2016-08-02T10:07:41+08:00 ] 0.0.0.0 /shop/Display/personal.Tpl
INFO: [ route_check ] --START--
INFO: CheckRoute Behavior ::run [ RunTime:0.000567s ]
INFO: [ route_check ] --END-- [ RunTime:0.000643s ]
INFO: [ app_begin ] --START--
INFO: ReadHtmlCache Behavior ::run [ RunTime:0.000600s ]
INFO: [ app_begin ] --END-- [ RunTime:0.000655s ]
INFO: [ view_parse ] --START--
INFO: ParseTemplate Behavior ::run [ RunTime:0.009066s ]
INFO: [ view_parse ] --END-- [ RunTime:0.009139s ]
INFO: [ view_filter ] --START--
INFO: ContentReplace Behavior ::run [ RunTime:0.000480s ]
INFO: TokenBuild Behavior ::run [ RunTime:0.000479s ]
INFO: WriteHtmlCache Behavior ::run [ RunTime:0.000402s ]
INFO: ShowRuntime Behavior ::run [ RunTime:0.000510s ]
INFO: [ view_filter ] --END-- [ RunTime:0.002005s ]
INFO: [ view_end ] --START--
INFO: ShowPageTrace Behavior ::run [ RunTime:0.000603s ]
INFO: [ view_end ] --END-- [ RunTime:0.000648s ]

[ 2016-08-02T10:07:41+08:00 ] 0.0.0.0 /shop/Tpl/Public/js/maps/swiper.jquery.min.js.map
INFO: [ route_check ] --START--
INFO: CheckRoute Behavior ::run [ RunTime:0.001818s ]
INFO: [ route_check ] --END-- [ RunTime:0.002102s ]
INFO: [ app_begin ] --START--
INFO: ReadHtmlCache Behavior ::run [ RunTime:0.000813s ]
INFO: [ app_begin ] --END-- [ RunTime:0.000906s ]
ERR: 无法加载模块:Tpl

[ 2016-08-02T10:07:41+08:00 ] 0.0.0.0 /shop/Personal/userMessage
INFO: [ route_check ] --START--
INFO: CheckRoute Behavior ::run [ RunTime:0.000761s ]
INFO: [ route_check ] --END-- [ RunTime:0.000835s ]
INFO: [ app_begin ] --START--
INFO: ReadHtmlCache Behavior ::run [ RunTime:0.000637s ]
INFO: [ app_begin ] --END-- [ RunTime:0.000685s ]
SQL: SHOW COLUMNS FROM `user` [ RunTime:0.003884s ]
SQL: SELECT * FROM `user` WHERE ( `loginkey` = 'orseWv4iA8crbE52STgZX1i11ya4' )  [ RunTime:0.000238s ]

[ 2016-08-02T10:07:42+08:00 ] 0.0.0.0 /shop/Display/myaddress?status=undefined
INFO: [ route_check ] --START--
INFO: CheckRoute Behavior ::run [ RunTime:0.000777s ]
INFO: [ route_check ] --END-- [ RunTime:0.000862s ]
INFO: [ app_begin ] --START--
INFO: ReadHtmlCache Behavior ::run [ RunTime:0.000604s ]
INFO: [ app_begin ] --END-- [ RunTime:0.000664s ]
INFO: [ view_parse ] --START--
INFO: ParseTemplate Behavior ::run [ RunTime:0.007721s ]
INFO: [ view_parse ] --END-- [ RunTime:0.007802s ]
INFO: [ view_filter ] --START--
INFO: ContentReplace Behavior ::run [ RunTime:0.000546s ]
INFO: TokenBuild Behavior ::run [ RunTime:0.000514s ]
INFO: WriteHtmlCache Behavior ::run [ RunTime:0.000399s ]
INFO: ShowRuntime Behavior ::run [ RunTime:0.000518s ]
INFO: [ view_filter ] --END-- [ RunTime:0.002119s ]
INFO: [ view_end ] --START--
INFO: ShowPageTrace Behavior ::run [ RunTime:0.000603s ]
INFO: [ view_end ] --END-- [ RunTime:0.000651s ]

[ 2016-08-02T10:07:43+08:00 ] 0.0.0.0 /shop/Personal/getMyAddress
INFO: [ route_check ] --START--
INFO: CheckRoute Behavior ::run [ RunTime:0.000916s ]
INFO: [ route_check ] --END-- [ RunTime:0.001089s ]
INFO: [ app_begin ] --START--
INFO: ReadHtmlCache Behavior ::run [ RunTime:0.000629s ]
INFO: [ app_begin ] --END-- [ RunTime:0.000677s ]
SQL: SHOW COLUMNS FROM `address` [ RunTime:0.004325s ]
SQL: SELECT * FROM `address` WHERE ( `loginkey` = 'orseWv4iA8crbE52STgZX1i11ya4' )  [ RunTime:0.000405s ]

[ 2016-08-02T10:07:43+08:00 ] 0.0.0.0 /shop/Tpl/Public/js/maps/swiper.jquery.min.js.map
INFO: [ route_check ] --START--
INFO: CheckRoute Behavior ::run [ RunTime:0.000912s ]
INFO: [ route_check ] --END-- [ RunTime:0.001000s ]
INFO: [ app_begin ] --START--
INFO: ReadHtmlCache Behavior ::run [ RunTime:0.001055s ]
INFO: [ app_begin ] --END-- [ RunTime:0.001183s ]
ERR: 无法加载模块:Tpl

[ 2016-08-02T10:07:44+08:00 ] 0.0.0.0 /shop/Display/personal
INFO: [ route_check ] --START--
INFO: CheckRoute Behavior ::run [ RunTime:0.000721s ]
INFO: [ route_check ] --END-- [ RunTime:0.000793s ]
INFO: [ app_begin ] --START--
INFO: ReadHtmlCache Behavior ::run [ RunTime:0.000544s ]
INFO: [ app_begin ] --END-- [ RunTime:0.000592s ]
INFO: [ view_parse ] --START--
INFO: ParseTemplate Behavior ::run [ RunTime:0.007040s ]
INFO: [ view_parse ] --END-- [ RunTime:0.007109s ]
INFO: [ view_filter ] --START--
INFO: ContentReplace Behavior ::run [ RunTime:0.000508s ]
INFO: TokenBuild Behavior ::run [ RunTime:0.000470s ]
INFO: WriteHtmlCache Behavior ::run [ RunTime:0.000396s ]
INFO: ShowRuntime Behavior ::run [ RunTime:0.000509s ]
INFO: [ view_filter ] --END-- [ RunTime:0.002020s ]
INFO: [ view_end ] --START--
INFO: ShowPageTrace Behavior ::run [ RunTime:0.000594s ]
INFO: [ view_end ] --END-- [ RunTime:0.000640s ]

[ 2016-08-02T10:07:44+08:00 ] 0.0.0.0 /shop/Tpl/Public/js/maps/swiper.jquery.min.js.map
INFO: [ route_check ] --START--
INFO: CheckRoute Behavior ::run [ RunTime:0.001165s ]
INFO: [ route_check ] --END-- [ RunTime:0.001294s ]
INFO: [ app_begin ] --START--
INFO: ReadHtmlCache Behavior ::run [ RunTime:0.001228s ]
INFO: [ app_begin ] --END-- [ RunTime:0.001321s ]
ERR: 无法加载模块:Tpl

[ 2016-08-02T10:07:44+08:00 ] 0.0.0.0 /shop/Personal/userMessage
INFO: [ route_check ] --START--
INFO: CheckRoute Behavior ::run [ RunTime:0.000832s ]
INFO: [ route_check ] --END-- [ RunTime:0.000943s ]
INFO: [ app_begin ] --START--
INFO: ReadHtmlCache Behavior ::run [ RunTime:0.000536s ]
INFO: [ app_begin ] --END-- [ RunTime:0.000587s ]
SQL: SHOW COLUMNS FROM `user` [ RunTime:0.002661s ]
SQL: SELECT * FROM `user` WHERE ( `loginkey` = 'orseWv4iA8crbE52STgZX1i11ya4' )  [ RunTime:0.000256s ]

[ 2016-08-02T10:07:45+08:00 ] 0.0.0.0 /shop/Display/myorder?status=0
INFO: [ route_check ] --START--
INFO: CheckRoute Behavior ::run [ RunTime:0.000750s ]
INFO: [ route_check ] --END-- [ RunTime:0.000842s ]
INFO: [ app_begin ] --START--
INFO: ReadHtmlCache Behavior ::run [ RunTime:0.000514s ]
INFO: [ app_begin ] --END-- [ RunTime:0.000577s ]
INFO: [ view_parse ] --START--
INFO: ParseTemplate Behavior ::run [ RunTime:0.008331s ]
INFO: [ view_parse ] --END-- [ RunTime:0.008415s ]
INFO: [ view_filter ] --START--
INFO: ContentReplace Behavior ::run [ RunTime:0.000558s ]
INFO: TokenBuild Behavior ::run [ RunTime:0.000522s ]
INFO: WriteHtmlCache Behavior ::run [ RunTime:0.000428s ]
INFO: ShowRuntime Behavior ::run [ RunTime:0.000572s ]
INFO: [ view_filter ] --END-- [ RunTime:0.002248s ]
INFO: [ view_end ] --START--
INFO: ShowPageTrace Behavior ::run [ RunTime:0.000680s ]
INFO: [ view_end ] --END-- [ RunTime:0.000742s ]

[ 2016-08-02T10:07:45+08:00 ] 0.0.0.0 /shop/Personal/getMyOrder
INFO: [ route_check ] --START--
INFO: CheckRoute Behavior ::run [ RunTime:0.000553s ]
INFO: [ route_check ] --END-- [ RunTime:0.000629s ]
INFO: [ app_begin ] --START--
INFO: ReadHtmlCache Behavior ::run [ RunTime:0.000397s ]
INFO: [ app_begin ] --END-- [ RunTime:0.000442s ]
SQL: SHOW COLUMNS FROM `order` [ RunTime:0.006851s ]
SQL: SELECT * FROM `order` WHERE ( `loginkey` = 'orseWv4iA8crbE52STgZX1i11ya4' ) AND ( `order_status` <= 2 ) GROUP BY order_id  [ RunTime:0.000848s ]

[ 2016-08-02T10:07:45+08:00 ] 0.0.0.0 /shop/Tpl/Public/js/maps/swiper.jquery.min.js.map
INFO: [ route_check ] --START--
INFO: CheckRoute Behavior ::run [ RunTime:0.000588s ]
INFO: [ route_check ] --END-- [ RunTime:0.000687s ]
INFO: [ app_begin ] --START--
INFO: ReadHtmlCache Behavior ::run [ RunTime:0.000415s ]
INFO: [ app_begin ] --END-- [ RunTime:0.000464s ]
ERR: 无法加载模块:Tpl

[ 2016-08-02T10:07:48+08:00 ] 0.0.0.0 /shop/Display/personal
INFO: [ route_check ] --START--
INFO: CheckRoute Behavior ::run [ RunTime:0.000550s ]
INFO: [ route_check ] --END-- [ RunTime:0.000625s ]
INFO: [ app_begin ] --START--
INFO: ReadHtmlCache Behavior ::run [ RunTime:0.000389s ]
INFO: [ app_begin ] --END-- [ RunTime:0.000438s ]
INFO: [ view_parse ] --START--
INFO: ParseTemplate Behavior ::run [ RunTime:0.005448s ]
INFO: [ view_parse ] --END-- [ RunTime:0.005508s ]
INFO: [ view_filter ] --START--
INFO: ContentReplace Behavior ::run [ RunTime:0.000337s ]
INFO: TokenBuild Behavior ::run [ RunTime:0.000305s ]
INFO: WriteHtmlCache Behavior ::run [ RunTime:0.000232s ]
INFO: ShowRuntime Behavior ::run [ RunTime:0.000350s ]
INFO: [ view_filter ] --END-- [ RunTime:0.001350s ]
INFO: [ view_end ] --START--
INFO: ShowPageTrace Behavior ::run [ RunTime:0.000425s ]
INFO: [ view_end ] --END-- [ RunTime:0.000471s ]

[ 2016-08-02T10:07:48+08:00 ] 0.0.0.0 /shop/Tpl/Public/js/maps/swiper.jquery.min.js.map
INFO: [ route_check ] --START--
INFO: CheckRoute Behavior ::run [ RunTime:0.000583s ]
INFO: [ route_check ] --END-- [ RunTime:0.000663s ]
INFO: [ app_begin ] --START--
INFO: ReadHtmlCache Behavior ::run [ RunTime:0.000409s ]
INFO: [ app_begin ] --END-- [ RunTime:0.000458s ]
ERR: 无法加载模块:Tpl

[ 2016-08-02T10:07:48+08:00 ] 0.0.0.0 /shop/Personal/userMessage
INFO: [ route_check ] --START--
INFO: CheckRoute Behavior ::run [ RunTime:0.000756s ]
INFO: [ route_check ] --END-- [ RunTime:0.000838s ]
INFO: [ app_begin ] --START--
INFO: ReadHtmlCache Behavior ::run [ RunTime:0.000576s ]
INFO: [ app_begin ] --END-- [ RunTime:0.000630s ]
SQL: SHOW COLUMNS FROM `user` [ RunTime:0.005924s ]
SQL: SELECT * FROM `user` WHERE ( `loginkey` = 'orseWv4iA8crbE52STgZX1i11ya4' )  [ RunTime:0.000273s ]

[ 2016-08-02T10:07:49+08:00 ] 0.0.0.0 /shop/Display/mycoupon?status=undefined
INFO: [ route_check ] --START--
INFO: CheckRoute Behavior ::run [ RunTime:0.000970s ]
INFO: [ route_check ] --END-- [ RunTime:0.001066s ]
INFO: [ app_begin ] --START--
INFO: ReadHtmlCache Behavior ::run [ RunTime:0.000739s ]
INFO: [ app_begin ] --END-- [ RunTime:0.000803s ]
INFO: [ view_parse ] --START--
INFO: ParseTemplate Behavior ::run [ RunTime:0.008973s ]
INFO: [ view_parse ] --END-- [ RunTime:0.009058s ]
INFO: [ view_filter ] --START--
INFO: ContentReplace Behavior ::run [ RunTime:0.000504s ]
INFO: TokenBuild Behavior ::run [ RunTime:0.000468s ]
INFO: WriteHtmlCache Behavior ::run [ RunTime:0.000396s ]
INFO: ShowRuntime Behavior ::run [ RunTime:0.000506s ]
INFO: [ view_filter ] --END-- [ RunTime:0.002007s ]
INFO: [ view_end ] --START--
INFO: ShowPageTrace Behavior ::run [ RunTime:0.000595s ]
INFO: [ view_end ] --END-- [ RunTime:0.000641s ]

[ 2016-08-02T10:07:49+08:00 ] 0.0.0.0 /shop/Personal/getMyCoupon
INFO: [ route_check ] --START--
INFO: CheckRoute Behavior ::run [ RunTime:0.000736s ]
INFO: [ route_check ] --END-- [ RunTime:0.000812s ]
INFO: [ app_begin ] --START--
INFO: ReadHtmlCache Behavior ::run [ RunTime:0.000560s ]
INFO: [ app_begin ] --END-- [ RunTime:0.000606s ]
SQL: SHOW COLUMNS FROM `mycoupon` [ RunTime:0.004829s ]
SQL: SELECT * FROM `mycoupon` WHERE ( `loginkey` = 'orseWv4iA8crbE52STgZX1i11ya4' )  [ RunTime:0.000338s ]
SQL: SHOW COLUMNS FROM `coupon` [ RunTime:0.004570s ]
SQL: SELECT * FROM `coupon` WHERE ( `coupon_id` = '201606070003' )  [ RunTime:0.000309s ]

[ 2016-08-02T10:07:49+08:00 ] 0.0.0.0 /shop/Tpl/Public/js/maps/swiper.jquery.min.js.map
INFO: [ route_check ] --START--
INFO: CheckRoute Behavior ::run [ RunTime:0.001316s ]
INFO: [ route_check ] --END-- [ RunTime:0.001469s ]
INFO: [ app_begin ] --START--
INFO: ReadHtmlCache Behavior ::run [ RunTime:0.001004s ]
INFO: [ app_begin ] --END-- [ RunTime:0.001116s ]
ERR: 无法加载模块:Tpl

[ 2016-08-02T10:07:51+08:00 ] 0.0.0.0 /shop/Tpl/Public/js/maps/swiper.jquery.min.js.map
INFO: [ route_check ] --START--
INFO: CheckRoute Behavior ::run [ RunTime:0.001390s ]
INFO: [ route_check ] --END-- [ RunTime:0.001531s ]
INFO: [ app_begin ] --START--
INFO: ReadHtmlCache Behavior ::run [ RunTime:0.000664s ]
INFO: [ app_begin ] --END-- [ RunTime:0.000727s ]
ERR: 无法加载模块:Tpl

[ 2016-08-02T10:07:51+08:00 ] 0.0.0.0 /shop/Personal/userMessage
INFO: [ route_check ] --START--
INFO: CheckRoute Behavior ::run [ RunTime:0.000710s ]
INFO: [ route_check ] --END-- [ RunTime:0.000813s ]
INFO: [ app_begin ] --START--
INFO: ReadHtmlCache Behavior ::run [ RunTime:0.000424s ]
INFO: [ app_begin ] --END-- [ RunTime:0.000469s ]
SQL: SHOW COLUMNS FROM `user` [ RunTime:0.005544s ]
SQL: SELECT * FROM `user` WHERE ( `loginkey` = 'orseWv4iA8crbE52STgZX1i11ya4' )  [ RunTime:0.000301s ]

[ 2016-08-02T10:07:53+08:00 ] 0.0.0.0 /shop/Personal/getMyOrder
INFO: [ route_check ] --START--
INFO: CheckRoute Behavior ::run [ RunTime:0.000565s ]
INFO: [ route_check ] --END-- [ RunTime:0.000642s ]
INFO: [ app_begin ] --START--
INFO: ReadHtmlCache Behavior ::run [ RunTime:0.000399s ]
INFO: [ app_begin ] --END-- [ RunTime:0.000443s ]
SQL: SHOW COLUMNS FROM `order` [ RunTime:0.004113s ]
SQL: SELECT * FROM `order` WHERE ( `loginkey` = 'orseWv4iA8crbE52STgZX1i11ya4' ) AND ( `order_status` <= 2 ) GROUP BY order_id  [ RunTime:0.000512s ]

[ 2016-08-02T10:07:53+08:00 ] 0.0.0.0 /shop/Tpl/Public/js/maps/swiper.jquery.min.js.map
INFO: [ route_check ] --START--
INFO: CheckRoute Behavior ::run [ RunTime:0.001076s ]
INFO: [ route_check ] --END-- [ RunTime:0.001289s ]
INFO: [ app_begin ] --START--
INFO: ReadHtmlCache Behavior ::run [ RunTime:0.000449s ]
INFO: [ app_begin ] --END-- [ RunTime:0.000531s ]
ERR: 无法加载模块:Tpl

[ 2016-08-02T10:07:54+08:00 ] 0.0.0.0 /shop/Display/personal
INFO: [ route_check ] --START--
INFO: CheckRoute Behavior ::run [ RunTime:0.000551s ]
INFO: [ route_check ] --END-- [ RunTime:0.000647s ]
INFO: [ app_begin ] --START--
INFO: ReadHtmlCache Behavior ::run [ RunTime:0.000436s ]
INFO: [ app_begin ] --END-- [ RunTime:0.000492s ]
INFO: [ view_parse ] --START--
INFO: ParseTemplate Behavior ::run [ RunTime:0.005384s ]
INFO: [ view_parse ] --END-- [ RunTime:0.005469s ]
INFO: [ view_filter ] --START--
INFO: ContentReplace Behavior ::run [ RunTime:0.000497s ]
INFO: TokenBuild Behavior ::run [ RunTime:0.000519s ]
INFO: WriteHtmlCache Behavior ::run [ RunTime:0.000370s ]
INFO: ShowRuntime Behavior ::run [ RunTime:0.000530s ]
INFO: [ view_filter ] --END-- [ RunTime:0.002130s ]
INFO: [ view_end ] --START--
INFO: ShowPageTrace Behavior ::run [ RunTime:0.000655s ]
INFO: [ view_end ] --END-- [ RunTime:0.000728s ]

[ 2016-08-02T10:07:55+08:00 ] 0.0.0.0 /shop/Tpl/Public/js/maps/swiper.jquery.min.js.map
INFO: [ route_check ] --START--
INFO: CheckRoute Behavior ::run [ RunTime:0.000568s ]
INFO: [ route_check ] --END-- [ RunTime:0.000653s ]
INFO: [ app_begin ] --START--
INFO: ReadHtmlCache Behavior ::run [ RunTime:0.000567s ]
INFO: [ app_begin ] --END-- [ RunTime:0.000652s ]
ERR: 无法加载模块:Tpl

[ 2016-08-02T10:07:55+08:00 ] 0.0.0.0 /shop/Personal/userMessage
INFO: [ route_check ] --START--
INFO: CheckRoute Behavior ::run [ RunTime:0.000882s ]
INFO: [ route_check ] --END-- [ RunTime:0.001008s ]
INFO: [ app_begin ] --START--
INFO: ReadHtmlCache Behavior ::run [ RunTime:0.000627s ]
INFO: [ app_begin ] --END-- [ RunTime:0.000681s ]
SQL: SHOW COLUMNS FROM `user` [ RunTime:0.004787s ]
SQL: SELECT * FROM `user` WHERE ( `loginkey` = 'orseWv4iA8crbE52STgZX1i11ya4' )  [ RunTime:0.000274s ]

[ 2016-08-02T10:07:55+08:00 ] 0.0.0.0 /shop/Display/goodslist
INFO: [ route_check ] --START--
INFO: CheckRoute Behavior ::run [ RunTime:0.000952s ]
INFO: [ route_check ] --END-- [ RunTime:0.001041s ]
INFO: [ app_begin ] --START--
INFO: ReadHtmlCache Behavior ::run [ RunTime:0.000737s ]
INFO: [ app_begin ] --END-- [ RunTime:0.000804s ]
INFO: [ view_parse ] --START--
INFO: ParseTemplate Behavior ::run [ RunTime:0.009495s ]
INFO: [ view_parse ] --END-- [ RunTime:0.009572s ]
INFO: [ view_filter ] --START--
INFO: ContentReplace Behavior ::run [ RunTime:0.000527s ]
INFO: TokenBuild Behavior ::run [ RunTime:0.000472s ]
INFO: WriteHtmlCache Behavior ::run [ RunTime:0.000394s ]
INFO: ShowRuntime Behavior ::run [ RunTime:0.000512s ]
INFO: [ view_filter ] --END-- [ RunTime:0.002034s ]
INFO: [ view_end ] --START--
INFO: ShowPageTrace Behavior ::run [ RunTime:0.000737s ]
INFO: [ view_end ] --END-- [ RunTime:0.000792s ]

[ 2016-08-02T10:07:55+08:00 ] 0.0.0.0 /shop/Tpl/Public/js/maps/swiper.jquery.min.js.map
INFO: [ route_check ] --START--
INFO: CheckRoute Behavior ::run [ RunTime:0.001075s ]
INFO: [ route_check ] --END-- [ RunTime:0.001163s ]
INFO: [ app_begin ] --START--
INFO: ReadHtmlCache Behavior ::run [ RunTime:0.000690s ]
INFO: [ app_begin ] --END-- [ RunTime:0.000756s ]
ERR: 无法加载模块:Tpl

[ 2016-08-02T10:07:56+08:00 ] 0.0.0.0 /shop/Goods/getGoodsType
INFO: [ route_check ] --START--
INFO: CheckRoute Behavior ::run [ RunTime:0.000569s ]
INFO: [ route_check ] --END-- [ RunTime:0.000656s ]
INFO: [ app_begin ] --START--
INFO: ReadHtmlCache Behavior ::run [ RunTime:0.000407s ]
INFO: [ app_begin ] --END-- [ RunTime:0.000455s ]
SQL: SHOW COLUMNS FROM `assortment` [ RunTime:0.005068s ]
SQL: SELECT * FROM `assortment` ORDER BY goods_type  [ RunTime:0.000544s ]

[ 2016-08-02T10:07:56+08:00 ] 0.0.0.0 /shop/Goods/getGoods
INFO: [ route_check ] --START--
INFO: CheckRoute Behavior ::run [ RunTime:0.000566s ]
INFO: [ route_check ] --END-- [ RunTime:0.000639s ]
INFO: [ app_begin ] --START--
INFO: ReadHtmlCache Behavior ::run [ RunTime:0.000573s ]
INFO: [ app_begin ] --END-- [ RunTime:0.000620s ]
SQL: SHOW COLUMNS FROM `assortment` [ RunTime:0.002627s ]
SQL: SELECT * FROM `assortment` ORDER BY goods_type LIMIT 1   [ RunTime:0.000211s ]
SQL: SHOW COLUMNS FROM `goods` [ RunTime:0.003953s ]
SQL: SELECT * FROM `goods` WHERE ( `goods_type` = 1 )  [ RunTime:0.000373s ]

