[ 2016-06-27T14:11:26+08:00 ] 0.0.0.0 /shop/
INFO: [ app_begin ] --START--
INFO: ReadHtmlCache Behavior ::run [ RunTime:0.002084s ]
INFO: [ app_begin ] --END-- [ RunTime:0.003448s ]
SQL: SHOW COLUMNS FROM `user` [ RunTime:0.005354s ]
SQL: SELECT `user_status` FROM `user` WHERE ( `loginkey` = 'orseWv4iA8crbE52STgZX1i11ya4' ) LIMIT 1   [ RunTime:0.000451s ]
INFO: [ view_parse ] --START--
INFO: ParseTemplate Behavior ::run [ RunTime:0.010487s ]
INFO: [ view_parse ] --END-- [ RunTime:0.010582s ]
INFO: [ view_filter ] --START--
INFO: ContentReplace Behavior ::run [ RunTime:0.000619s ]
INFO: TokenBuild Behavior ::run [ RunTime:0.000625s ]
INFO: WriteHtmlCache Behavior ::run [ RunTime:0.000560s ]
INFO: ShowRuntime Behavior ::run [ RunTime:0.000670s ]
INFO: [ view_filter ] --END-- [ RunTime:0.002618s ]
INFO: [ view_end ] --START--
INFO: ShowPageTrace Behavior ::run [ RunTime:0.000848s ]
INFO: [ view_end ] --END-- [ RunTime:0.000903s ]

[ 2016-06-27T14:11:26+08:00 ] 0.0.0.0 /shop/Index/hotRecommend
INFO: [ route_check ] --START--
INFO: CheckRoute Behavior ::run [ RunTime:0.001241s ]
INFO: [ route_check ] --END-- [ RunTime:0.001367s ]
INFO: [ app_begin ] --START--
INFO: ReadHtmlCache Behavior ::run [ RunTime:0.000652s ]
INFO: [ app_begin ] --END-- [ RunTime:0.000727s ]
SQL: SHOW COLUMNS FROM `goods` [ RunTime:0.004920s ]
SQL: SELECT * FROM `goods` WHERE ( goods_status = 1 )  [ RunTime:0.000622s ]

[ 2016-06-27T14:11:29+08:00 ] 0.0.0.0 /shop/Tpl/Public/js/maps/swiper.jquery.min.js.map
INFO: [ route_check ] --START--
INFO: CheckRoute Behavior ::run [ RunTime:0.000605s ]
INFO: [ route_check ] --END-- [ RunTime:0.000684s ]
INFO: [ app_begin ] --START--
INFO: ReadHtmlCache Behavior ::run [ RunTime:0.000398s ]
INFO: [ app_begin ] --END-- [ RunTime:0.000446s ]
ERR: 无法加载模块:Tpl

[ 2016-06-27T14:12:26+08:00 ] 0.0.0.0 /shop/
INFO: [ app_begin ] --START--
INFO: ReadHtmlCache Behavior ::run [ RunTime:0.000550s ]
INFO: [ app_begin ] --END-- [ RunTime:0.000646s ]
SQL: SHOW COLUMNS FROM `user` [ RunTime:0.003445s ]
SQL: SELECT `user_status` FROM `user` WHERE ( `loginkey` = 'orseWv4iA8crbE52STgZX1i11ya4' ) LIMIT 1   [ RunTime:0.000282s ]
INFO: [ view_parse ] --START--
INFO: ParseTemplate Behavior ::run [ RunTime:0.008969s ]
INFO: [ view_parse ] --END-- [ RunTime:0.009070s ]
INFO: [ view_filter ] --START--
INFO: ContentReplace Behavior ::run [ RunTime:0.000582s ]
INFO: TokenBuild Behavior ::run [ RunTime:0.000635s ]
INFO: WriteHtmlCache Behavior ::run [ RunTime:0.000427s ]
INFO: ShowRuntime Behavior ::run [ RunTime:0.000593s ]
INFO: [ view_filter ] --END-- [ RunTime:0.002404s ]
INFO: [ view_end ] --START--
INFO: ShowPageTrace Behavior ::run [ RunTime:0.000739s ]
INFO: [ view_end ] --END-- [ RunTime:0.000802s ]

[ 2016-06-27T14:12:26+08:00 ] 0.0.0.0 /shop/Index/hotRecommend
INFO: [ route_check ] --START--
INFO: CheckRoute Behavior ::run [ RunTime:0.000824s ]
INFO: [ route_check ] --END-- [ RunTime:0.000917s ]
INFO: [ app_begin ] --START--
INFO: ReadHtmlCache Behavior ::run [ RunTime:0.000487s ]
INFO: [ app_begin ] --END-- [ RunTime:0.000543s ]
SQL: SHOW COLUMNS FROM `goods` [ RunTime:0.003022s ]
SQL: SELECT * FROM `goods` WHERE ( goods_status = 1 )  [ RunTime:0.000302s ]

[ 2016-06-27T14:12:28+08:00 ] 0.0.0.0 /shop/Tpl/Public/js/maps/swiper.jquery.min.js.map
INFO: [ route_check ] --START--
INFO: CheckRoute Behavior ::run [ RunTime:0.000652s ]
INFO: [ route_check ] --END-- [ RunTime:0.000729s ]
INFO: [ app_begin ] --START--
INFO: ReadHtmlCache Behavior ::run [ RunTime:0.000426s ]
INFO: [ app_begin ] --END-- [ RunTime:0.000484s ]
ERR: 无法加载模块:Tpl

