[ 2016-07-26T19:03:16+08:00 ] 0.0.0.0 /shop/
INFO: [ app_begin ] --START--
INFO: ReadHtmlCache Behavior ::run [ RunTime:0.001815s ]
INFO: [ app_begin ] --END-- [ RunTime:0.002297s ]
SQL: SHOW COLUMNS FROM `user` [ RunTime:0.006711s ]
SQL: SELECT `user_status` FROM `user` WHERE ( `loginkey` = 'orseWv4iA8crbE52STgZX1i11ya4' ) LIMIT 1   [ RunTime:0.000995s ]
INFO: [ view_parse ] --START--
INFO: ParseTemplate Behavior ::run [ RunTime:0.010897s ]
INFO: [ view_parse ] --END-- [ RunTime:0.010988s ]
INFO: [ view_filter ] --START--
INFO: ContentReplace Behavior ::run [ RunTime:0.000929s ]
INFO: TokenBuild Behavior ::run [ RunTime:0.000913s ]
INFO: WriteHtmlCache Behavior ::run [ RunTime:0.000795s ]
INFO: ShowRuntime Behavior ::run [ RunTime:0.000987s ]
INFO: [ view_filter ] --END-- [ RunTime:0.003763s ]
INFO: [ view_end ] --START--
INFO: ShowPageTrace Behavior ::run [ RunTime:0.001166s ]
INFO: [ view_end ] --END-- [ RunTime:0.001218s ]

[ 2016-07-26T19:03:16+08:00 ] 0.0.0.0 /shop/Index/hotRecommend
INFO: [ route_check ] --START--
INFO: CheckRoute Behavior ::run [ RunTime:0.020797s ]
INFO: [ route_check ] --END-- [ RunTime:0.020940s ]
INFO: [ app_begin ] --START--
INFO: ReadHtmlCache Behavior ::run [ RunTime:0.000683s ]
INFO: [ app_begin ] --END-- [ RunTime:0.000745s ]
SQL: SHOW COLUMNS FROM `goods` [ RunTime:0.006263s ]
SQL: SELECT * FROM `goods` WHERE ( goods_status = 1 )  [ RunTime:0.000778s ]

