[ 2016-07-04T13:33:20+08:00 ] 0.0.0.0 /shop/
INFO: [ app_begin ] --START--
INFO: ReadHtmlCache Behavior ::run [ RunTime:0.001266s ]
INFO: [ app_begin ] --END-- [ RunTime:0.001895s ]
SQL: SHOW COLUMNS FROM `user` [ RunTime:0.005776s ]
SQL: SELECT `user_status` FROM `user` WHERE ( `loginkey` = 'orseWv4iA8crbE52STgZX1i11ya4' ) LIMIT 1   [ RunTime:0.000833s ]
INFO: [ view_parse ] --START--
INFO: ParseTemplate Behavior ::run [ RunTime:0.010053s ]
INFO: [ view_parse ] --END-- [ RunTime:0.010145s ]
INFO: [ view_filter ] --START--
INFO: ContentReplace Behavior ::run [ RunTime:0.000736s ]
INFO: TokenBuild Behavior ::run [ RunTime:0.000693s ]
INFO: WriteHtmlCache Behavior ::run [ RunTime:0.000607s ]
INFO: ShowRuntime Behavior ::run [ RunTime:0.000716s ]
INFO: [ view_filter ] --END-- [ RunTime:0.002887s ]
INFO: [ view_end ] --START--
INFO: ShowPageTrace Behavior ::run [ RunTime:0.000849s ]
INFO: [ view_end ] --END-- [ RunTime:0.000896s ]

[ 2016-07-04T13:33:20+08:00 ] 0.0.0.0 /shop/Index/hotRecommend
INFO: [ route_check ] --START--
INFO: CheckRoute Behavior ::run [ RunTime:0.001156s ]
INFO: [ route_check ] --END-- [ RunTime:0.001241s ]
INFO: [ app_begin ] --START--
INFO: ReadHtmlCache Behavior ::run [ RunTime:0.000544s ]
INFO: [ app_begin ] --END-- [ RunTime:0.000594s ]
SQL: SHOW COLUMNS FROM `goods` [ RunTime:0.006112s ]
SQL: SELECT * FROM `goods` WHERE ( goods_status = 1 )  [ RunTime:0.000587s ]

[ 2016-07-04T13:33:22+08:00 ] 0.0.0.0 /shop/Tpl/Public/js/maps/swiper.jquery.min.js.map
INFO: [ route_check ] --START--
INFO: CheckRoute Behavior ::run [ RunTime:0.000830s ]
INFO: [ route_check ] --END-- [ RunTime:0.000908s ]
INFO: [ app_begin ] --START--
INFO: ReadHtmlCache Behavior ::run [ RunTime:0.000543s ]
INFO: [ app_begin ] --END-- [ RunTime:0.000602s ]
ERR: 无法加载模块:Tpl

[ 2016-07-04T13:33:24+08:00 ] 0.0.0.0 /shop/Display/goodslist
INFO: [ route_check ] --START--
INFO: CheckRoute Behavior ::run [ RunTime:0.000800s ]
INFO: [ route_check ] --END-- [ RunTime:0.000937s ]
INFO: [ app_begin ] --START--
INFO: ReadHtmlCache Behavior ::run [ RunTime:0.000468s ]
INFO: [ app_begin ] --END-- [ RunTime:0.000523s ]
INFO: [ view_parse ] --START--
INFO: ParseTemplate Behavior ::run [ RunTime:0.008075s ]
INFO: [ view_parse ] --END-- [ RunTime:0.008206s ]
INFO: [ view_filter ] --START--
INFO: ContentReplace Behavior ::run [ RunTime:0.001003s ]
INFO: TokenBuild Behavior ::run [ RunTime:0.000639s ]
INFO: WriteHtmlCache Behavior ::run [ RunTime:0.000384s ]
INFO: ShowRuntime Behavior ::run [ RunTime:0.000497s ]
INFO: [ view_filter ] --END-- [ RunTime:0.002765s ]
INFO: [ view_end ] --START--
INFO: ShowPageTrace Behavior ::run [ RunTime:0.000571s ]
INFO: [ view_end ] --END-- [ RunTime:0.000621s ]

[ 2016-07-04T13:33:25+08:00 ] 0.0.0.0 /shop/Tpl/Public/js/maps/swiper.jquery.min.js.map
INFO: [ route_check ] --START--
INFO: CheckRoute Behavior ::run [ RunTime:0.000607s ]
INFO: [ route_check ] --END-- [ RunTime:0.000689s ]
INFO: [ app_begin ] --START--
INFO: ReadHtmlCache Behavior ::run [ RunTime:0.000428s ]
INFO: [ app_begin ] --END-- [ RunTime:0.000480s ]
ERR: 无法加载模块:Tpl

[ 2016-07-04T13:33:25+08:00 ] 0.0.0.0 /shop/Goods/getGoodsType
INFO: [ route_check ] --START--
INFO: CheckRoute Behavior ::run [ RunTime:0.000596s ]
INFO: [ route_check ] --END-- [ RunTime:0.000691s ]
INFO: [ app_begin ] --START--
INFO: ReadHtmlCache Behavior ::run [ RunTime:0.000600s ]
INFO: [ app_begin ] --END-- [ RunTime:0.000675s ]
SQL: SHOW COLUMNS FROM `assortment` [ RunTime:0.006642s ]
SQL: SELECT * FROM `assortment` ORDER BY goods_type  [ RunTime:0.000454s ]

[ 2016-07-04T13:33:25+08:00 ] 0.0.0.0 /shop/Goods/getGoods
INFO: [ route_check ] --START--
INFO: CheckRoute Behavior ::run [ RunTime:0.000924s ]
INFO: [ route_check ] --END-- [ RunTime:0.001015s ]
INFO: [ app_begin ] --START--
INFO: ReadHtmlCache Behavior ::run [ RunTime:0.000533s ]
INFO: [ app_begin ] --END-- [ RunTime:0.000588s ]
SQL: SHOW COLUMNS FROM `assortment` [ RunTime:0.003552s ]
SQL: SELECT * FROM `assortment` ORDER BY goods_type LIMIT 1   [ RunTime:0.000201s ]
SQL: SHOW COLUMNS FROM `goods` [ RunTime:0.002994s ]
SQL: SELECT * FROM `goods` WHERE ( `goods_type` = 1 )  [ RunTime:0.000284s ]

[ 2016-07-04T13:33:26+08:00 ] 0.0.0.0 /shop/Goods/getGoods
INFO: [ route_check ] --START--
INFO: CheckRoute Behavior ::run [ RunTime:0.000986s ]
INFO: [ route_check ] --END-- [ RunTime:0.001099s ]
INFO: [ app_begin ] --START--
INFO: ReadHtmlCache Behavior ::run [ RunTime:0.000863s ]
INFO: [ app_begin ] --END-- [ RunTime:0.000941s ]
SQL: SHOW COLUMNS FROM `goods` [ RunTime:0.002896s ]
SQL: SELECT * FROM `goods` WHERE ( `goods_type` = 3 )  [ RunTime:0.000250s ]

[ 2016-07-04T13:33:28+08:00 ] 0.0.0.0 /shop/Display/shoppingcart
INFO: [ route_check ] --START--
INFO: CheckRoute Behavior ::run [ RunTime:0.001035s ]
INFO: [ route_check ] --END-- [ RunTime:0.001206s ]
INFO: [ app_begin ] --START--
INFO: ReadHtmlCache Behavior ::run [ RunTime:0.000556s ]
INFO: [ app_begin ] --END-- [ RunTime:0.000615s ]
INFO: [ view_parse ] --START--
INFO: ParseTemplate Behavior ::run [ RunTime:0.008138s ]
INFO: [ view_parse ] --END-- [ RunTime:0.008374s ]
INFO: [ view_filter ] --START--
INFO: ContentReplace Behavior ::run [ RunTime:0.000769s ]
INFO: TokenBuild Behavior ::run [ RunTime:0.000455s ]
INFO: WriteHtmlCache Behavior ::run [ RunTime:0.000360s ]
INFO: ShowRuntime Behavior ::run [ RunTime:0.000471s ]
INFO: [ view_filter ] --END-- [ RunTime:0.002219s ]
INFO: [ view_end ] --START--
INFO: ShowPageTrace Behavior ::run [ RunTime:0.000574s ]
INFO: [ view_end ] --END-- [ RunTime:0.000630s ]

[ 2016-07-04T13:33:28+08:00 ] 0.0.0.0 /shop/Tpl/Public/js/maps/swiper.jquery.min.js.map
INFO: [ route_check ] --START--
INFO: CheckRoute Behavior ::run [ RunTime:0.000618s ]
INFO: [ route_check ] --END-- [ RunTime:0.000723s ]
INFO: [ app_begin ] --START--
INFO: ReadHtmlCache Behavior ::run [ RunTime:0.000442s ]
INFO: [ app_begin ] --END-- [ RunTime:0.000494s ]
ERR: 无法加载模块:Tpl

[ 2016-07-04T13:33:28+08:00 ] 0.0.0.0 /shop/ShoppingCart/getShoppingcart
INFO: [ route_check ] --START--
INFO: CheckRoute Behavior ::run [ RunTime:0.001078s ]
INFO: [ route_check ] --END-- [ RunTime:0.001197s ]
INFO: [ app_begin ] --START--
INFO: ReadHtmlCache Behavior ::run [ RunTime:0.000500s ]
INFO: [ app_begin ] --END-- [ RunTime:0.000565s ]
SQL: SHOW COLUMNS FROM `shoppingcart` [ RunTime:0.005390s ]
SQL: SELECT * FROM `shoppingcart` WHERE ( `loginkey` = 'orseWv4iA8crbE52STgZX1i11ya4' )  [ RunTime:0.000579s ]
NOTIC: [2] Invalid argument supplied for foreach() C:\programs\phpstudy\WWW\shop\Lib\Action\ShoppingCartAction.class.php 第 19 行.
SQL: SELECT * FROM `shoppingcart` WHERE ( `loginkey` = 'orseWv4iA8crbE52STgZX1i11ya4' )  [ RunTime:0.000211s ]
NOTIC: [2] Invalid argument supplied for foreach() C:\programs\phpstudy\WWW\shop\Lib\Action\ShoppingCartAction.class.php 第 114 行.

[ 2016-07-04T13:33:29+08:00 ] 0.0.0.0 /shop/Display/personal.Tpl
INFO: [ route_check ] --START--
INFO: CheckRoute Behavior ::run [ RunTime:0.000750s ]
INFO: [ route_check ] --END-- [ RunTime:0.000851s ]
INFO: [ app_begin ] --START--
INFO: ReadHtmlCache Behavior ::run [ RunTime:0.000540s ]
INFO: [ app_begin ] --END-- [ RunTime:0.000604s ]
INFO: [ view_parse ] --START--
INFO: ParseTemplate Behavior ::run [ RunTime:0.008865s ]
INFO: [ view_parse ] --END-- [ RunTime:0.008957s ]
INFO: [ view_filter ] --START--
INFO: ContentReplace Behavior ::run [ RunTime:0.000497s ]
INFO: TokenBuild Behavior ::run [ RunTime:0.000442s ]
INFO: WriteHtmlCache Behavior ::run [ RunTime:0.000340s ]
INFO: ShowRuntime Behavior ::run [ RunTime:0.000516s ]
INFO: [ view_filter ] --END-- [ RunTime:0.001964s ]
INFO: [ view_end ] --START--
INFO: ShowPageTrace Behavior ::run [ RunTime:0.000600s ]
INFO: [ view_end ] --END-- [ RunTime:0.000660s ]

[ 2016-07-04T13:33:29+08:00 ] 0.0.0.0 /shop/Tpl/Public/js/maps/swiper.jquery.min.js.map
INFO: [ route_check ] --START--
INFO: CheckRoute Behavior ::run [ RunTime:0.000626s ]
INFO: [ route_check ] --END-- [ RunTime:0.000714s ]
INFO: [ app_begin ] --START--
INFO: ReadHtmlCache Behavior ::run [ RunTime:0.000457s ]
INFO: [ app_begin ] --END-- [ RunTime:0.000510s ]
ERR: 无法加载模块:Tpl

[ 2016-07-04T13:33:29+08:00 ] 0.0.0.0 /shop/Personal/userMessage
INFO: [ route_check ] --START--
INFO: CheckRoute Behavior ::run [ RunTime:0.000576s ]
INFO: [ route_check ] --END-- [ RunTime:0.000650s ]
INFO: [ app_begin ] --START--
INFO: ReadHtmlCache Behavior ::run [ RunTime:0.000415s ]
INFO: [ app_begin ] --END-- [ RunTime:0.000461s ]
SQL: SHOW COLUMNS FROM `user` [ RunTime:0.004543s ]
SQL: SELECT * FROM `user` WHERE ( `loginkey` = 'orseWv4iA8crbE52STgZX1i11ya4' )  [ RunTime:0.000285s ]

[ 2016-07-04T13:33:37+08:00 ] 0.0.0.0 /shop/Display/shoppingcart
INFO: [ route_check ] --START--
INFO: CheckRoute Behavior ::run [ RunTime:0.001217s ]
INFO: [ route_check ] --END-- [ RunTime:0.001389s ]
INFO: [ app_begin ] --START--
INFO: ReadHtmlCache Behavior ::run [ RunTime:0.000815s ]
INFO: [ app_begin ] --END-- [ RunTime:0.000910s ]
INFO: [ view_parse ] --START--
INFO: ParseTemplate Behavior ::run [ RunTime:0.009356s ]
INFO: [ view_parse ] --END-- [ RunTime:0.009455s ]
INFO: [ view_filter ] --START--
INFO: ContentReplace Behavior ::run [ RunTime:0.000528s ]
INFO: TokenBuild Behavior ::run [ RunTime:0.000434s ]
INFO: WriteHtmlCache Behavior ::run [ RunTime:0.000336s ]
INFO: ShowRuntime Behavior ::run [ RunTime:0.000483s ]
INFO: [ view_filter ] --END-- [ RunTime:0.001955s ]
INFO: [ view_end ] --START--
INFO: ShowPageTrace Behavior ::run [ RunTime:0.000608s ]
INFO: [ view_end ] --END-- [ RunTime:0.000675s ]

[ 2016-07-04T13:33:37+08:00 ] 0.0.0.0 /shop/Tpl/Public/js/maps/swiper.jquery.min.js.map
INFO: [ route_check ] --START--
INFO: CheckRoute Behavior ::run [ RunTime:0.000622s ]
INFO: [ route_check ] --END-- [ RunTime:0.000698s ]
INFO: [ app_begin ] --START--
INFO: ReadHtmlCache Behavior ::run [ RunTime:0.000426s ]
INFO: [ app_begin ] --END-- [ RunTime:0.000475s ]
ERR: 无法加载模块:Tpl

[ 2016-07-04T13:33:37+08:00 ] 0.0.0.0 /shop/ShoppingCart/getShoppingcart
INFO: [ route_check ] --START--
INFO: CheckRoute Behavior ::run [ RunTime:0.000632s ]
INFO: [ route_check ] --END-- [ RunTime:0.000719s ]
INFO: [ app_begin ] --START--
INFO: ReadHtmlCache Behavior ::run [ RunTime:0.000449s ]
INFO: [ app_begin ] --END-- [ RunTime:0.000501s ]
SQL: SHOW COLUMNS FROM `shoppingcart` [ RunTime:0.003565s ]
SQL: SELECT * FROM `shoppingcart` WHERE ( `loginkey` = 'orseWv4iA8crbE52STgZX1i11ya4' )  [ RunTime:0.000237s ]
NOTIC: [2] Invalid argument supplied for foreach() C:\programs\phpstudy\WWW\shop\Lib\Action\ShoppingCartAction.class.php 第 19 行.
SQL: SELECT * FROM `shoppingcart` WHERE ( `loginkey` = 'orseWv4iA8crbE52STgZX1i11ya4' )  [ RunTime:0.000165s ]
NOTIC: [2] Invalid argument supplied for foreach() C:\programs\phpstudy\WWW\shop\Lib\Action\ShoppingCartAction.class.php 第 114 行.

[ 2016-07-04T13:33:37+08:00 ] 0.0.0.0 /shop/Display/goodslist
INFO: [ route_check ] --START--
INFO: CheckRoute Behavior ::run [ RunTime:0.000765s ]
INFO: [ route_check ] --END-- [ RunTime:0.000869s ]
INFO: [ app_begin ] --START--
INFO: ReadHtmlCache Behavior ::run [ RunTime:0.000553s ]
INFO: [ app_begin ] --END-- [ RunTime:0.000618s ]
INFO: [ view_parse ] --START--
INFO: ParseTemplate Behavior ::run [ RunTime:0.009681s ]
INFO: [ view_parse ] --END-- [ RunTime:0.009770s ]
INFO: [ view_filter ] --START--
INFO: ContentReplace Behavior ::run [ RunTime:0.000630s ]
INFO: TokenBuild Behavior ::run [ RunTime:0.000556s ]
INFO: WriteHtmlCache Behavior ::run [ RunTime:0.000455s ]
INFO: ShowRuntime Behavior ::run [ RunTime:0.000607s ]
INFO: [ view_filter ] --END-- [ RunTime:0.002435s ]
INFO: [ view_end ] --START--
INFO: ShowPageTrace Behavior ::run [ RunTime:0.000731s ]
INFO: [ view_end ] --END-- [ RunTime:0.000797s ]

[ 2016-07-04T13:33:38+08:00 ] 0.0.0.0 /shop/Tpl/Public/js/maps/swiper.jquery.min.js.map
INFO: [ route_check ] --START--
INFO: CheckRoute Behavior ::run [ RunTime:0.000900s ]
INFO: [ route_check ] --END-- [ RunTime:0.001016s ]
INFO: [ app_begin ] --START--
INFO: ReadHtmlCache Behavior ::run [ RunTime:0.000640s ]
INFO: [ app_begin ] --END-- [ RunTime:0.000721s ]
ERR: 无法加载模块:Tpl

[ 2016-07-04T13:33:38+08:00 ] 0.0.0.0 /shop/Goods/getGoodsType
INFO: [ route_check ] --START--
INFO: CheckRoute Behavior ::run [ RunTime:0.000778s ]
INFO: [ route_check ] --END-- [ RunTime:0.000931s ]
INFO: [ app_begin ] --START--
INFO: ReadHtmlCache Behavior ::run [ RunTime:0.000418s ]
INFO: [ app_begin ] --END-- [ RunTime:0.000463s ]
SQL: SHOW COLUMNS FROM `assortment` [ RunTime:0.005554s ]
SQL: SELECT * FROM `assortment` ORDER BY goods_type  [ RunTime:0.000224s ]

[ 2016-07-04T13:33:38+08:00 ] 0.0.0.0 /shop/Goods/getGoods
INFO: [ route_check ] --START--
INFO: CheckRoute Behavior ::run [ RunTime:0.000859s ]
INFO: [ route_check ] --END-- [ RunTime:0.000984s ]
INFO: [ app_begin ] --START--
INFO: ReadHtmlCache Behavior ::run [ RunTime:0.000853s ]
INFO: [ app_begin ] --END-- [ RunTime:0.000934s ]
SQL: SHOW COLUMNS FROM `assortment` [ RunTime:0.003318s ]
SQL: SELECT * FROM `assortment` ORDER BY goods_type LIMIT 1   [ RunTime:0.000199s ]
SQL: SHOW COLUMNS FROM `goods` [ RunTime:0.003674s ]
SQL: SELECT * FROM `goods` WHERE ( `goods_type` = 1 )  [ RunTime:0.000293s ]

[ 2016-07-04T13:33:38+08:00 ] 0.0.0.0 /shop/Display/index
INFO: [ route_check ] --START--
INFO: CheckRoute Behavior ::run [ RunTime:0.000767s ]
INFO: [ route_check ] --END-- [ RunTime:0.000864s ]
INFO: [ app_begin ] --START--
INFO: ReadHtmlCache Behavior ::run [ RunTime:0.000569s ]
INFO: [ app_begin ] --END-- [ RunTime:0.000641s ]
INFO: [ view_parse ] --START--
INFO: ParseTemplate Behavior ::run [ RunTime:0.007972s ]
INFO: [ view_parse ] --END-- [ RunTime:0.008060s ]
INFO: [ view_filter ] --START--
INFO: ContentReplace Behavior ::run [ RunTime:0.000440s ]
INFO: TokenBuild Behavior ::run [ RunTime:0.000335s ]
INFO: WriteHtmlCache Behavior ::run [ RunTime:0.000261s ]
INFO: ShowRuntime Behavior ::run [ RunTime:0.000367s ]
INFO: [ view_filter ] --END-- [ RunTime:0.001538s ]
INFO: [ view_end ] --START--
INFO: ShowPageTrace Behavior ::run [ RunTime:0.000464s ]
INFO: [ view_end ] --END-- [ RunTime:0.000510s ]

[ 2016-07-04T13:33:38+08:00 ] 0.0.0.0 /shop/Tpl/Public/js/maps/swiper.jquery.min.js.map
INFO: [ route_check ] --START--
INFO: CheckRoute Behavior ::run [ RunTime:0.000889s ]
INFO: [ route_check ] --END-- [ RunTime:0.001005s ]
INFO: [ app_begin ] --START--
INFO: ReadHtmlCache Behavior ::run [ RunTime:0.000678s ]
INFO: [ app_begin ] --END-- [ RunTime:0.000767s ]
ERR: 无法加载模块:Tpl

[ 2016-07-04T13:33:38+08:00 ] 0.0.0.0 /shop/Index/hotRecommend
INFO: [ route_check ] --START--
INFO: CheckRoute Behavior ::run [ RunTime:0.000585s ]
INFO: [ route_check ] --END-- [ RunTime:0.000660s ]
INFO: [ app_begin ] --START--
INFO: ReadHtmlCache Behavior ::run [ RunTime:0.000420s ]
INFO: [ app_begin ] --END-- [ RunTime:0.000468s ]
SQL: SHOW COLUMNS FROM `goods` [ RunTime:0.004635s ]
SQL: SELECT * FROM `goods` WHERE ( goods_status = 1 )  [ RunTime:0.000299s ]

[ 2016-07-04T13:33:39+08:00 ] 0.0.0.0 /shop/Display/seckill
INFO: [ route_check ] --START--
INFO: CheckRoute Behavior ::run [ RunTime:0.000808s ]
INFO: [ route_check ] --END-- [ RunTime:0.000914s ]
INFO: [ app_begin ] --START--
INFO: ReadHtmlCache Behavior ::run [ RunTime:0.000567s ]
INFO: [ app_begin ] --END-- [ RunTime:0.000635s ]
INFO: [ view_parse ] --START--
INFO: ParseTemplate Behavior ::run [ RunTime:0.008710s ]
INFO: [ view_parse ] --END-- [ RunTime:0.008820s ]
INFO: [ view_filter ] --START--
INFO: ContentReplace Behavior ::run [ RunTime:0.000564s ]
INFO: TokenBuild Behavior ::run [ RunTime:0.000567s ]
INFO: WriteHtmlCache Behavior ::run [ RunTime:0.000465s ]
INFO: ShowRuntime Behavior ::run [ RunTime:0.000665s ]
INFO: [ view_filter ] --END-- [ RunTime:0.002484s ]
INFO: [ view_end ] --START--
INFO: ShowPageTrace Behavior ::run [ RunTime:0.000629s ]
INFO: [ view_end ] --END-- [ RunTime:0.000692s ]

[ 2016-07-04T13:33:40+08:00 ] 0.0.0.0 /shop/Tpl/Public/js/maps/swiper.jquery.min.js.map
INFO: [ route_check ] --START--
INFO: CheckRoute Behavior ::run [ RunTime:0.000641s ]
INFO: [ route_check ] --END-- [ RunTime:0.000734s ]
INFO: [ app_begin ] --START--
INFO: ReadHtmlCache Behavior ::run [ RunTime:0.000738s ]
INFO: [ app_begin ] --END-- [ RunTime:0.000804s ]
ERR: 无法加载模块:Tpl

[ 2016-07-04T13:33:41+08:00 ] 0.0.0.0 /shop/Tpl/Public/js/maps/swiper.jquery.min.js.map
INFO: [ route_check ] --START--
INFO: CheckRoute Behavior ::run [ RunTime:0.000648s ]
INFO: [ route_check ] --END-- [ RunTime:0.000729s ]
INFO: [ app_begin ] --START--
INFO: ReadHtmlCache Behavior ::run [ RunTime:0.000525s ]
INFO: [ app_begin ] --END-- [ RunTime:0.000578s ]
ERR: 无法加载模块:Tpl

[ 2016-07-04T13:33:41+08:00 ] 0.0.0.0 /shop/Index/hotRecommend
INFO: [ route_check ] --START--
INFO: CheckRoute Behavior ::run [ RunTime:0.000582s ]
INFO: [ route_check ] --END-- [ RunTime:0.000664s ]
INFO: [ app_begin ] --START--
INFO: ReadHtmlCache Behavior ::run [ RunTime:0.000425s ]
INFO: [ app_begin ] --END-- [ RunTime:0.000470s ]
SQL: SHOW COLUMNS FROM `goods` [ RunTime:0.003142s ]
SQL: SELECT * FROM `goods` WHERE ( goods_status = 1 )  [ RunTime:0.000307s ]

[ 2016-07-04T13:33:42+08:00 ] 0.0.0.0 /shop/Display/coupon
INFO: [ route_check ] --START--
INFO: CheckRoute Behavior ::run [ RunTime:0.000770s ]
INFO: [ route_check ] --END-- [ RunTime:0.000873s ]
INFO: [ app_begin ] --START--
INFO: ReadHtmlCache Behavior ::run [ RunTime:0.000549s ]
INFO: [ app_begin ] --END-- [ RunTime:0.000615s ]
INFO: [ view_parse ] --START--
INFO: ParseTemplate Behavior ::run [ RunTime:0.007707s ]
INFO: [ view_parse ] --END-- [ RunTime:0.007796s ]
INFO: [ view_filter ] --START--
INFO: ContentReplace Behavior ::run [ RunTime:0.000452s ]
INFO: TokenBuild Behavior ::run [ RunTime:0.000433s ]
INFO: WriteHtmlCache Behavior ::run [ RunTime:0.000346s ]
INFO: ShowRuntime Behavior ::run [ RunTime:0.000489s ]
INFO: [ view_filter ] --END-- [ RunTime:0.001889s ]
INFO: [ view_end ] --START--
INFO: ShowPageTrace Behavior ::run [ RunTime:0.000599s ]
INFO: [ view_end ] --END-- [ RunTime:0.000658s ]

[ 2016-07-04T13:33:42+08:00 ] 0.0.0.0 /shop/Index/getCoupon
INFO: [ route_check ] --START--
INFO: CheckRoute Behavior ::run [ RunTime:0.000570s ]
INFO: [ route_check ] --END-- [ RunTime:0.000644s ]
INFO: [ app_begin ] --START--
INFO: ReadHtmlCache Behavior ::run [ RunTime:0.000649s ]
INFO: [ app_begin ] --END-- [ RunTime:0.000713s ]
SQL: SHOW COLUMNS FROM `coupon` [ RunTime:0.004143s ]
SQL: SELECT * FROM `coupon`  [ RunTime:0.000257s ]
SQL: SHOW COLUMNS FROM `mycoupon` [ RunTime:0.004051s ]
SQL: SELECT * FROM `mycoupon` WHERE ( `loginkey` = 'orseWv4iA8crbE52STgZX1i11ya4' ) AND ( `coupon_id` = '201606070001' )  [ RunTime:0.000509s ]
SQL: SELECT * FROM `mycoupon` WHERE ( `loginkey` = 'orseWv4iA8crbE52STgZX1i11ya4' ) AND ( `coupon_id` = '201606070002' )  [ RunTime:0.000775s ]
SQL: SELECT * FROM `mycoupon` WHERE ( `loginkey` = 'orseWv4iA8crbE52STgZX1i11ya4' ) AND ( `coupon_id` = '201606070003' )  [ RunTime:0.000337s ]

[ 2016-07-04T13:33:42+08:00 ] 0.0.0.0 /shop/Tpl/Public/js/maps/swiper.jquery.min.js.map
INFO: [ route_check ] --START--
INFO: CheckRoute Behavior ::run [ RunTime:0.001089s ]
INFO: [ route_check ] --END-- [ RunTime:0.001281s ]
INFO: [ app_begin ] --START--
INFO: ReadHtmlCache Behavior ::run [ RunTime:0.000907s ]
INFO: [ app_begin ] --END-- [ RunTime:0.001020s ]
ERR: 无法加载模块:Tpl

[ 2016-07-04T13:33:44+08:00 ] 0.0.0.0 /shop/Tpl/Public/js/maps/swiper.jquery.min.js.map
INFO: [ route_check ] --START--
INFO: CheckRoute Behavior ::run [ RunTime:0.000634s ]
INFO: [ route_check ] --END-- [ RunTime:0.000732s ]
INFO: [ app_begin ] --START--
INFO: ReadHtmlCache Behavior ::run [ RunTime:0.000462s ]
INFO: [ app_begin ] --END-- [ RunTime:0.000517s ]
ERR: 无法加载模块:Tpl

[ 2016-07-04T13:33:44+08:00 ] 0.0.0.0 /shop/Index/hotRecommend
INFO: [ route_check ] --START--
INFO: CheckRoute Behavior ::run [ RunTime:0.000657s ]
INFO: [ route_check ] --END-- [ RunTime:0.000800s ]
INFO: [ app_begin ] --START--
INFO: ReadHtmlCache Behavior ::run [ RunTime:0.000842s ]
INFO: [ app_begin ] --END-- [ RunTime:0.000943s ]
SQL: SHOW COLUMNS FROM `goods` [ RunTime:0.004925s ]
SQL: SELECT * FROM `goods` WHERE ( goods_status = 1 )  [ RunTime:0.000325s ]

[ 2016-07-04T13:33:45+08:00 ] 0.0.0.0 /shop/Display/personal.Tpl
INFO: [ route_check ] --START--
INFO: CheckRoute Behavior ::run [ RunTime:0.001071s ]
INFO: [ route_check ] --END-- [ RunTime:0.001212s ]
INFO: [ app_begin ] --START--
INFO: ReadHtmlCache Behavior ::run [ RunTime:0.000780s ]
INFO: [ app_begin ] --END-- [ RunTime:0.000866s ]
INFO: [ view_parse ] --START--
INFO: ParseTemplate Behavior ::run [ RunTime:0.008446s ]
INFO: [ view_parse ] --END-- [ RunTime:0.008626s ]
INFO: [ view_filter ] --START--
INFO: ContentReplace Behavior ::run [ RunTime:0.000874s ]
INFO: TokenBuild Behavior ::run [ RunTime:0.000511s ]
INFO: WriteHtmlCache Behavior ::run [ RunTime:0.000375s ]
INFO: ShowRuntime Behavior ::run [ RunTime:0.000495s ]
INFO: [ view_filter ] --END-- [ RunTime:0.002478s ]
INFO: [ view_end ] --START--
INFO: ShowPageTrace Behavior ::run [ RunTime:0.000601s ]
INFO: [ view_end ] --END-- [ RunTime:0.000671s ]

[ 2016-07-04T13:33:46+08:00 ] 0.0.0.0 /shop/Tpl/Public/js/maps/swiper.jquery.min.js.map
INFO: [ route_check ] --START--
INFO: CheckRoute Behavior ::run [ RunTime:0.000964s ]
INFO: [ route_check ] --END-- [ RunTime:0.001084s ]
INFO: [ app_begin ] --START--
INFO: ReadHtmlCache Behavior ::run [ RunTime:0.000799s ]
INFO: [ app_begin ] --END-- [ RunTime:0.000938s ]
ERR: 无法加载模块:Tpl

[ 2016-07-04T13:33:46+08:00 ] 0.0.0.0 /shop/Personal/userMessage
INFO: [ route_check ] --START--
INFO: CheckRoute Behavior ::run [ RunTime:0.000858s ]
INFO: [ route_check ] --END-- [ RunTime:0.000948s ]
INFO: [ app_begin ] --START--
INFO: ReadHtmlCache Behavior ::run [ RunTime:0.000623s ]
INFO: [ app_begin ] --END-- [ RunTime:0.000691s ]
SQL: SHOW COLUMNS FROM `user` [ RunTime:0.003580s ]
SQL: SELECT * FROM `user` WHERE ( `loginkey` = 'orseWv4iA8crbE52STgZX1i11ya4' )  [ RunTime:0.000223s ]

[ 2016-07-04T13:33:49+08:00 ] 0.0.0.0 /shop/Display/mycoupon?status=undefined
INFO: [ route_check ] --START--
INFO: CheckRoute Behavior ::run [ RunTime:0.000949s ]
INFO: [ route_check ] --END-- [ RunTime:0.001072s ]
INFO: [ app_begin ] --START--
INFO: ReadHtmlCache Behavior ::run [ RunTime:0.000440s ]
INFO: [ app_begin ] --END-- [ RunTime:0.000493s ]
INFO: [ view_parse ] --START--
INFO: ParseTemplate Behavior ::run [ RunTime:0.006429s ]
INFO: [ view_parse ] --END-- [ RunTime:0.006537s ]
INFO: [ view_filter ] --START--
INFO: ContentReplace Behavior ::run [ RunTime:0.000429s ]
INFO: TokenBuild Behavior ::run [ RunTime:0.000447s ]
INFO: WriteHtmlCache Behavior ::run [ RunTime:0.000480s ]
INFO: ShowRuntime Behavior ::run [ RunTime:0.000524s ]
INFO: [ view_filter ] --END-- [ RunTime:0.002067s ]
INFO: [ view_end ] --START--
INFO: ShowPageTrace Behavior ::run [ RunTime:0.000546s ]
INFO: [ view_end ] --END-- [ RunTime:0.000595s ]

[ 2016-07-04T13:33:49+08:00 ] 0.0.0.0 /shop/Personal/getMyCoupon
INFO: [ route_check ] --START--
INFO: CheckRoute Behavior ::run [ RunTime:0.000586s ]
INFO: [ route_check ] --END-- [ RunTime:0.000666s ]
INFO: [ app_begin ] --START--
INFO: ReadHtmlCache Behavior ::run [ RunTime:0.000449s ]
INFO: [ app_begin ] --END-- [ RunTime:0.000493s ]
SQL: SHOW COLUMNS FROM `mycoupon` [ RunTime:0.004192s ]
SQL: SELECT * FROM `mycoupon` WHERE ( `loginkey` = 'orseWv4iA8crbE52STgZX1i11ya4' )  [ RunTime:0.000323s ]
SQL: SHOW COLUMNS FROM `coupon` [ RunTime:0.003776s ]
SQL: SELECT * FROM `coupon` WHERE ( `coupon_id` = '201606070002' )  [ RunTime:0.000411s ]
SQL: SELECT * FROM `coupon` WHERE ( `coupon_id` = '201606070003' )  [ RunTime:0.000260s ]
SQL: SELECT * FROM `coupon` WHERE ( `coupon_id` = '201606070001' )  [ RunTime:0.000197s ]

[ 2016-07-04T13:33:49+08:00 ] 0.0.0.0 /shop/Tpl/Public/js/maps/swiper.jquery.min.js.map
INFO: [ route_check ] --START--
INFO: CheckRoute Behavior ::run [ RunTime:0.000608s ]
INFO: [ route_check ] --END-- [ RunTime:0.000693s ]
INFO: [ app_begin ] --START--
INFO: ReadHtmlCache Behavior ::run [ RunTime:0.000460s ]
INFO: [ app_begin ] --END-- [ RunTime:0.000528s ]
ERR: 无法加载模块:Tpl

[ 2016-07-04T13:34:15+08:00 ] 0.0.0.0 /shop/Display/mycoupon?status=undefined
INFO: [ route_check ] --START--
INFO: CheckRoute Behavior ::run [ RunTime:0.000729s ]
INFO: [ route_check ] --END-- [ RunTime:0.000833s ]
INFO: [ app_begin ] --START--
INFO: ReadHtmlCache Behavior ::run [ RunTime:0.000635s ]
INFO: [ app_begin ] --END-- [ RunTime:0.000721s ]
INFO: [ view_parse ] --START--
INFO: ParseTemplate Behavior ::run [ RunTime:0.005112s ]
INFO: [ view_parse ] --END-- [ RunTime:0.005181s ]
INFO: [ view_filter ] --START--
INFO: ContentReplace Behavior ::run [ RunTime:0.000355s ]
INFO: TokenBuild Behavior ::run [ RunTime:0.000447s ]
INFO: WriteHtmlCache Behavior ::run [ RunTime:0.000261s ]
INFO: ShowRuntime Behavior ::run [ RunTime:0.000361s ]
INFO: [ view_filter ] --END-- [ RunTime:0.001583s ]
INFO: [ view_end ] --START--
INFO: ShowPageTrace Behavior ::run [ RunTime:0.000449s ]
INFO: [ view_end ] --END-- [ RunTime:0.000494s ]

[ 2016-07-04T13:34:15+08:00 ] 0.0.0.0 /shop/Personal/getMyCoupon
INFO: [ route_check ] --START--
INFO: CheckRoute Behavior ::run [ RunTime:0.000582s ]
INFO: [ route_check ] --END-- [ RunTime:0.000659s ]
INFO: [ app_begin ] --START--
INFO: ReadHtmlCache Behavior ::run [ RunTime:0.000417s ]
INFO: [ app_begin ] --END-- [ RunTime:0.000464s ]
SQL: SHOW COLUMNS FROM `mycoupon` [ RunTime:0.002874s ]
SQL: SELECT * FROM `mycoupon` WHERE ( `loginkey` = 'orseWv4iA8crbE52STgZX1i11ya4' )  [ RunTime:0.000229s ]
NOTIC: [2] Invalid argument supplied for foreach() C:\programs\phpstudy\WWW\shop\Lib\Action\PersonalAction.class.php 第 54 行.

[ 2016-07-04T13:34:16+08:00 ] 0.0.0.0 /shop/Tpl/Public/js/maps/swiper.jquery.min.js.map
INFO: [ route_check ] --START--
INFO: CheckRoute Behavior ::run [ RunTime:0.000635s ]
INFO: [ route_check ] --END-- [ RunTime:0.000725s ]
INFO: [ app_begin ] --START--
INFO: ReadHtmlCache Behavior ::run [ RunTime:0.000552s ]
INFO: [ app_begin ] --END-- [ RunTime:0.000618s ]
ERR: 无法加载模块:Tpl

[ 2016-07-04T13:34:17+08:00 ] 0.0.0.0 /shop/Tpl/Public/js/maps/swiper.jquery.min.js.map
INFO: [ route_check ] --START--
INFO: CheckRoute Behavior ::run [ RunTime:0.000594s ]
INFO: [ route_check ] --END-- [ RunTime:0.000677s ]
INFO: [ app_begin ] --START--
INFO: ReadHtmlCache Behavior ::run [ RunTime:0.000410s ]
INFO: [ app_begin ] --END-- [ RunTime:0.000461s ]
ERR: 无法加载模块:Tpl

[ 2016-07-04T13:34:17+08:00 ] 0.0.0.0 /shop/Personal/userMessage
INFO: [ route_check ] --START--
INFO: CheckRoute Behavior ::run [ RunTime:0.000842s ]
INFO: [ route_check ] --END-- [ RunTime:0.000941s ]
INFO: [ app_begin ] --START--
INFO: ReadHtmlCache Behavior ::run [ RunTime:0.000487s ]
INFO: [ app_begin ] --END-- [ RunTime:0.000541s ]
SQL: SHOW COLUMNS FROM `user` [ RunTime:0.004789s ]
SQL: SELECT * FROM `user` WHERE ( `loginkey` = 'orseWv4iA8crbE52STgZX1i11ya4' )  [ RunTime:0.000221s ]

[ 2016-07-04T13:34:18+08:00 ] 0.0.0.0 /shop/Display/index
INFO: [ route_check ] --START--
INFO: CheckRoute Behavior ::run [ RunTime:0.001080s ]
INFO: [ route_check ] --END-- [ RunTime:0.001221s ]
INFO: [ app_begin ] --START--
INFO: ReadHtmlCache Behavior ::run [ RunTime:0.000560s ]
INFO: [ app_begin ] --END-- [ RunTime:0.000632s ]
INFO: [ view_parse ] --START--
INFO: ParseTemplate Behavior ::run [ RunTime:0.006480s ]
INFO: [ view_parse ] --END-- [ RunTime:0.006572s ]
INFO: [ view_filter ] --START--
INFO: ContentReplace Behavior ::run [ RunTime:0.000424s ]
INFO: TokenBuild Behavior ::run [ RunTime:0.000315s ]
INFO: WriteHtmlCache Behavior ::run [ RunTime:0.000238s ]
INFO: ShowRuntime Behavior ::run [ RunTime:0.000352s ]
INFO: [ view_filter ] --END-- [ RunTime:0.001458s ]
INFO: [ view_end ] --START--
INFO: ShowPageTrace Behavior ::run [ RunTime:0.000446s ]
INFO: [ view_end ] --END-- [ RunTime:0.000492s ]

[ 2016-07-04T13:34:18+08:00 ] 0.0.0.0 /shop/Tpl/Public/js/maps/swiper.jquery.min.js.map
INFO: [ route_check ] --START--
INFO: CheckRoute Behavior ::run [ RunTime:0.000814s ]
INFO: [ route_check ] --END-- [ RunTime:0.000898s ]
INFO: [ app_begin ] --START--
INFO: ReadHtmlCache Behavior ::run [ RunTime:0.000416s ]
INFO: [ app_begin ] --END-- [ RunTime:0.000468s ]
ERR: 无法加载模块:Tpl

[ 2016-07-04T13:34:18+08:00 ] 0.0.0.0 /shop/Index/hotRecommend
INFO: [ route_check ] --START--
INFO: CheckRoute Behavior ::run [ RunTime:0.000584s ]
INFO: [ route_check ] --END-- [ RunTime:0.000658s ]
INFO: [ app_begin ] --START--
INFO: ReadHtmlCache Behavior ::run [ RunTime:0.000409s ]
INFO: [ app_begin ] --END-- [ RunTime:0.000457s ]
SQL: SHOW COLUMNS FROM `goods` [ RunTime:0.003058s ]
SQL: SELECT * FROM `goods` WHERE ( goods_status = 1 )  [ RunTime:0.000287s ]

[ 2016-07-04T13:34:19+08:00 ] 0.0.0.0 /shop/Display/coupon
INFO: [ route_check ] --START--
INFO: CheckRoute Behavior ::run [ RunTime:0.000793s ]
INFO: [ route_check ] --END-- [ RunTime:0.000921s ]
INFO: [ app_begin ] --START--
INFO: ReadHtmlCache Behavior ::run [ RunTime:0.000667s ]
INFO: [ app_begin ] --END-- [ RunTime:0.000775s ]
INFO: [ view_parse ] --START--
INFO: ParseTemplate Behavior ::run [ RunTime:0.006990s ]
INFO: [ view_parse ] --END-- [ RunTime:0.007213s ]
INFO: [ view_filter ] --START--
INFO: ContentReplace Behavior ::run [ RunTime:0.000822s ]
INFO: TokenBuild Behavior ::run [ RunTime:0.000438s ]
INFO: WriteHtmlCache Behavior ::run [ RunTime:0.000331s ]
INFO: ShowRuntime Behavior ::run [ RunTime:0.000516s ]
INFO: [ view_filter ] --END-- [ RunTime:0.002355s ]
INFO: [ view_end ] --START--
INFO: ShowPageTrace Behavior ::run [ RunTime:0.000604s ]
INFO: [ view_end ] --END-- [ RunTime:0.000667s ]

[ 2016-07-04T13:34:19+08:00 ] 0.0.0.0 /shop/Index/getCoupon
INFO: [ route_check ] --START--
INFO: CheckRoute Behavior ::run [ RunTime:0.001307s ]
INFO: [ route_check ] --END-- [ RunTime:0.001549s ]
INFO: [ app_begin ] --START--
INFO: ReadHtmlCache Behavior ::run [ RunTime:0.000454s ]
INFO: [ app_begin ] --END-- [ RunTime:0.000506s ]
SQL: SHOW COLUMNS FROM `coupon` [ RunTime:0.003320s ]
SQL: SELECT * FROM `coupon`  [ RunTime:0.000223s ]
SQL: SHOW COLUMNS FROM `mycoupon` [ RunTime:0.002606s ]
SQL: SELECT * FROM `mycoupon` WHERE ( `loginkey` = 'orseWv4iA8crbE52STgZX1i11ya4' ) AND ( `coupon_id` = '201606070001' )  [ RunTime:0.000545s ]
SQL: SELECT * FROM `mycoupon` WHERE ( `loginkey` = 'orseWv4iA8crbE52STgZX1i11ya4' ) AND ( `coupon_id` = '201606070002' )  [ RunTime:0.000192s ]
SQL: SELECT * FROM `mycoupon` WHERE ( `loginkey` = 'orseWv4iA8crbE52STgZX1i11ya4' ) AND ( `coupon_id` = '201606070003' )  [ RunTime:0.000195s ]

[ 2016-07-04T13:34:19+08:00 ] 0.0.0.0 /shop/Tpl/Public/js/maps/swiper.jquery.min.js.map
INFO: [ route_check ] --START--
INFO: CheckRoute Behavior ::run [ RunTime:0.000620s ]
INFO: [ route_check ] --END-- [ RunTime:0.000706s ]
INFO: [ app_begin ] --START--
INFO: ReadHtmlCache Behavior ::run [ RunTime:0.000604s ]
INFO: [ app_begin ] --END-- [ RunTime:0.000683s ]
ERR: 无法加载模块:Tpl

[ 2016-07-04T13:34:25+08:00 ] 0.0.0.0 /shop/Index/addCoupon
INFO: [ route_check ] --START--
INFO: CheckRoute Behavior ::run [ RunTime:0.000745s ]
INFO: [ route_check ] --END-- [ RunTime:0.000841s ]
INFO: [ app_begin ] --START--
INFO: ReadHtmlCache Behavior ::run [ RunTime:0.000539s ]
INFO: [ app_begin ] --END-- [ RunTime:0.000599s ]
SQL: SHOW COLUMNS FROM `mycoupon` [ RunTime:0.003256s ]
SQL: INSERT INTO `mycoupon` (`coupon_id`,`loginkey`) VALUES ('201606070003','orseWv4iA8crbE52STgZX1i11ya4') [ RunTime:0.000292s ]

[ 2016-07-04T13:34:27+08:00 ] 0.0.0.0 /shop/Display/coupon
INFO: [ route_check ] --START--
INFO: CheckRoute Behavior ::run [ RunTime:0.000792s ]
INFO: [ route_check ] --END-- [ RunTime:0.000915s ]
INFO: [ app_begin ] --START--
INFO: ReadHtmlCache Behavior ::run [ RunTime:0.000548s ]
INFO: [ app_begin ] --END-- [ RunTime:0.000618s ]
INFO: [ view_parse ] --START--
INFO: ParseTemplate Behavior ::run [ RunTime:0.007808s ]
INFO: [ view_parse ] --END-- [ RunTime:0.007917s ]
INFO: [ view_filter ] --START--
INFO: ContentReplace Behavior ::run [ RunTime:0.000428s ]
INFO: TokenBuild Behavior ::run [ RunTime:0.000370s ]
INFO: WriteHtmlCache Behavior ::run [ RunTime:0.000247s ]
INFO: ShowRuntime Behavior ::run [ RunTime:0.000368s ]
INFO: [ view_filter ] --END-- [ RunTime:0.001560s ]
INFO: [ view_end ] --START--
INFO: ShowPageTrace Behavior ::run [ RunTime:0.000445s ]
INFO: [ view_end ] --END-- [ RunTime:0.000491s ]

[ 2016-07-04T13:34:28+08:00 ] 0.0.0.0 /shop/Index/getCoupon
INFO: [ route_check ] --START--
INFO: CheckRoute Behavior ::run [ RunTime:0.000600s ]
INFO: [ route_check ] --END-- [ RunTime:0.000746s ]
INFO: [ app_begin ] --START--
INFO: ReadHtmlCache Behavior ::run [ RunTime:0.000452s ]
INFO: [ app_begin ] --END-- [ RunTime:0.000500s ]
SQL: SHOW COLUMNS FROM `coupon` [ RunTime:0.002780s ]
SQL: SELECT * FROM `coupon`  [ RunTime:0.000213s ]
SQL: SHOW COLUMNS FROM `mycoupon` [ RunTime:0.002752s ]
SQL: SELECT * FROM `mycoupon` WHERE ( `loginkey` = 'orseWv4iA8crbE52STgZX1i11ya4' ) AND ( `coupon_id` = '201606070001' )  [ RunTime:0.000594s ]
SQL: SELECT * FROM `mycoupon` WHERE ( `loginkey` = 'orseWv4iA8crbE52STgZX1i11ya4' ) AND ( `coupon_id` = '201606070002' )  [ RunTime:0.000188s ]
SQL: SELECT * FROM `mycoupon` WHERE ( `loginkey` = 'orseWv4iA8crbE52STgZX1i11ya4' ) AND ( `coupon_id` = '201606070003' )  [ RunTime:0.000194s ]

[ 2016-07-04T13:34:28+08:00 ] 0.0.0.0 /shop/Tpl/Public/js/maps/swiper.jquery.min.js.map
INFO: [ route_check ] --START--
INFO: CheckRoute Behavior ::run [ RunTime:0.000677s ]
INFO: [ route_check ] --END-- [ RunTime:0.000788s ]
INFO: [ app_begin ] --START--
INFO: ReadHtmlCache Behavior ::run [ RunTime:0.000702s ]
INFO: [ app_begin ] --END-- [ RunTime:0.000785s ]
ERR: 无法加载模块:Tpl

[ 2016-07-04T13:34:28+08:00 ] 0.0.0.0 /shop/Display/index
INFO: [ route_check ] --START--
INFO: CheckRoute Behavior ::run [ RunTime:0.000582s ]
INFO: [ route_check ] --END-- [ RunTime:0.000667s ]
INFO: [ app_begin ] --START--
INFO: ReadHtmlCache Behavior ::run [ RunTime:0.000555s ]
INFO: [ app_begin ] --END-- [ RunTime:0.000617s ]
INFO: [ view_parse ] --START--
INFO: ParseTemplate Behavior ::run [ RunTime:0.005668s ]
INFO: [ view_parse ] --END-- [ RunTime:0.005735s ]
INFO: [ view_filter ] --START--
INFO: ContentReplace Behavior ::run [ RunTime:0.000331s ]
INFO: TokenBuild Behavior ::run [ RunTime:0.000311s ]
INFO: WriteHtmlCache Behavior ::run [ RunTime:0.000240s ]
INFO: ShowRuntime Behavior ::run [ RunTime:0.000353s ]
INFO: [ view_filter ] --END-- [ RunTime:0.001359s ]
INFO: [ view_end ] --START--
INFO: ShowPageTrace Behavior ::run [ RunTime:0.000443s ]
INFO: [ view_end ] --END-- [ RunTime:0.000487s ]

[ 2016-07-04T13:34:29+08:00 ] 0.0.0.0 /shop/Tpl/Public/js/maps/swiper.jquery.min.js.map
INFO: [ route_check ] --START--
INFO: CheckRoute Behavior ::run [ RunTime:0.000911s ]
INFO: [ route_check ] --END-- [ RunTime:0.001031s ]
INFO: [ app_begin ] --START--
INFO: ReadHtmlCache Behavior ::run [ RunTime:0.000644s ]
INFO: [ app_begin ] --END-- [ RunTime:0.000726s ]
ERR: 无法加载模块:Tpl

[ 2016-07-04T13:34:29+08:00 ] 0.0.0.0 /shop/Index/hotRecommend
INFO: [ route_check ] --START--
INFO: CheckRoute Behavior ::run [ RunTime:0.000863s ]
INFO: [ route_check ] --END-- [ RunTime:0.001038s ]
INFO: [ app_begin ] --START--
INFO: ReadHtmlCache Behavior ::run [ RunTime:0.000635s ]
INFO: [ app_begin ] --END-- [ RunTime:0.000711s ]
SQL: SHOW COLUMNS FROM `goods` [ RunTime:0.003794s ]
SQL: SELECT * FROM `goods` WHERE ( goods_status = 1 )  [ RunTime:0.000327s ]

[ 2016-07-04T13:34:30+08:00 ] 0.0.0.0 /shop/Display/coupon
INFO: [ route_check ] --START--
INFO: CheckRoute Behavior ::run [ RunTime:0.000751s ]
INFO: [ route_check ] --END-- [ RunTime:0.000863s ]
INFO: [ app_begin ] --START--
INFO: ReadHtmlCache Behavior ::run [ RunTime:0.000622s ]
INFO: [ app_begin ] --END-- [ RunTime:0.000697s ]
INFO: [ view_parse ] --START--
INFO: ParseTemplate Behavior ::run [ RunTime:0.007599s ]
INFO: [ view_parse ] --END-- [ RunTime:0.007694s ]
INFO: [ view_filter ] --START--
INFO: ContentReplace Behavior ::run [ RunTime:0.000447s ]
INFO: TokenBuild Behavior ::run [ RunTime:0.000425s ]
INFO: WriteHtmlCache Behavior ::run [ RunTime:0.000322s ]
INFO: ShowRuntime Behavior ::run [ RunTime:0.000525s ]
INFO: [ view_filter ] --END-- [ RunTime:0.001903s ]
INFO: [ view_end ] --START--
INFO: ShowPageTrace Behavior ::run [ RunTime:0.000610s ]
INFO: [ view_end ] --END-- [ RunTime:0.000677s ]

[ 2016-07-04T13:34:30+08:00 ] 0.0.0.0 /shop/Index/getCoupon
INFO: [ route_check ] --START--
INFO: CheckRoute Behavior ::run [ RunTime:0.000565s ]
INFO: [ route_check ] --END-- [ RunTime:0.000640s ]
INFO: [ app_begin ] --START--
INFO: ReadHtmlCache Behavior ::run [ RunTime:0.000412s ]
INFO: [ app_begin ] --END-- [ RunTime:0.000458s ]
SQL: SHOW COLUMNS FROM `coupon` [ RunTime:0.004637s ]
SQL: SELECT * FROM `coupon`  [ RunTime:0.000485s ]
SQL: SHOW COLUMNS FROM `mycoupon` [ RunTime:0.004111s ]
SQL: SELECT * FROM `mycoupon` WHERE ( `loginkey` = 'orseWv4iA8crbE52STgZX1i11ya4' ) AND ( `coupon_id` = '201606070001' )  [ RunTime:0.000231s ]
SQL: SELECT * FROM `mycoupon` WHERE ( `loginkey` = 'orseWv4iA8crbE52STgZX1i11ya4' ) AND ( `coupon_id` = '201606070002' )  [ RunTime:0.000163s ]
SQL: SELECT * FROM `mycoupon` WHERE ( `loginkey` = 'orseWv4iA8crbE52STgZX1i11ya4' ) AND ( `coupon_id` = '201606070003' )  [ RunTime:0.000162s ]

[ 2016-07-04T13:34:30+08:00 ] 0.0.0.0 /shop/Tpl/Public/js/maps/swiper.jquery.min.js.map
INFO: [ route_check ] --START--
INFO: CheckRoute Behavior ::run [ RunTime:0.000584s ]
INFO: [ route_check ] --END-- [ RunTime:0.000667s ]
INFO: [ app_begin ] --START--
INFO: ReadHtmlCache Behavior ::run [ RunTime:0.000427s ]
INFO: [ app_begin ] --END-- [ RunTime:0.000479s ]
ERR: 无法加载模块:Tpl

[ 2016-07-04T13:34:31+08:00 ] 0.0.0.0 /shop/Display/index
INFO: [ route_check ] --START--
INFO: CheckRoute Behavior ::run [ RunTime:0.000915s ]
INFO: [ route_check ] --END-- [ RunTime:0.001036s ]
INFO: [ app_begin ] --START--
INFO: ReadHtmlCache Behavior ::run [ RunTime:0.000663s ]
INFO: [ app_begin ] --END-- [ RunTime:0.000753s ]
INFO: [ view_parse ] --START--
INFO: ParseTemplate Behavior ::run [ RunTime:0.007828s ]
INFO: [ view_parse ] --END-- [ RunTime:0.007920s ]
INFO: [ view_filter ] --START--
INFO: ContentReplace Behavior ::run [ RunTime:0.000466s ]
INFO: TokenBuild Behavior ::run [ RunTime:0.000464s ]
INFO: WriteHtmlCache Behavior ::run [ RunTime:0.000403s ]
INFO: ShowRuntime Behavior ::run [ RunTime:0.000497s ]
INFO: [ view_filter ] --END-- [ RunTime:0.002012s ]
INFO: [ view_end ] --START--
INFO: ShowPageTrace Behavior ::run [ RunTime:0.000592s ]
INFO: [ view_end ] --END-- [ RunTime:0.000652s ]

[ 2016-07-04T13:34:31+08:00 ] 0.0.0.0 /shop/Tpl/Public/js/maps/swiper.jquery.min.js.map
INFO: [ route_check ] --START--
INFO: CheckRoute Behavior ::run [ RunTime:0.000589s ]
INFO: [ route_check ] --END-- [ RunTime:0.000677s ]
INFO: [ app_begin ] --START--
INFO: ReadHtmlCache Behavior ::run [ RunTime:0.000408s ]
INFO: [ app_begin ] --END-- [ RunTime:0.000457s ]
ERR: 无法加载模块:Tpl

[ 2016-07-04T13:34:31+08:00 ] 0.0.0.0 /shop/Index/hotRecommend
INFO: [ route_check ] --START--
INFO: CheckRoute Behavior ::run [ RunTime:0.000907s ]
INFO: [ route_check ] --END-- [ RunTime:0.001027s ]
INFO: [ app_begin ] --START--
INFO: ReadHtmlCache Behavior ::run [ RunTime:0.000555s ]
INFO: [ app_begin ] --END-- [ RunTime:0.000624s ]
SQL: SHOW COLUMNS FROM `goods` [ RunTime:0.005245s ]
SQL: SELECT * FROM `goods` WHERE ( goods_status = 1 )  [ RunTime:0.000416s ]

[ 2016-07-04T13:34:32+08:00 ] 0.0.0.0 /shop/Display/storemessage
INFO: [ route_check ] --START--
INFO: CheckRoute Behavior ::run [ RunTime:0.000792s ]
INFO: [ route_check ] --END-- [ RunTime:0.000896s ]
INFO: [ app_begin ] --START--
INFO: ReadHtmlCache Behavior ::run [ RunTime:0.000572s ]
INFO: [ app_begin ] --END-- [ RunTime:0.000649s ]
INFO: [ view_parse ] --START--
INFO: ParseTemplate Behavior ::run [ RunTime:0.009096s ]
INFO: [ view_parse ] --END-- [ RunTime:0.009199s ]
INFO: [ view_filter ] --START--
INFO: ContentReplace Behavior ::run [ RunTime:0.000430s ]
INFO: TokenBuild Behavior ::run [ RunTime:0.000418s ]
INFO: WriteHtmlCache Behavior ::run [ RunTime:0.000321s ]
INFO: ShowRuntime Behavior ::run [ RunTime:0.000685s ]
INFO: [ view_filter ] --END-- [ RunTime:0.002045s ]
INFO: [ view_end ] --START--
INFO: ShowPageTrace Behavior ::run [ RunTime:0.000614s ]
INFO: [ view_end ] --END-- [ RunTime:0.000677s ]

[ 2016-07-04T13:34:32+08:00 ] 0.0.0.0 /shop/Tpl/Public/js/maps/swiper.jquery.min.js.map
INFO: [ route_check ] --START--
INFO: CheckRoute Behavior ::run [ RunTime:0.000769s ]
INFO: [ route_check ] --END-- [ RunTime:0.000893s ]
INFO: [ app_begin ] --START--
INFO: ReadHtmlCache Behavior ::run [ RunTime:0.000435s ]
INFO: [ app_begin ] --END-- [ RunTime:0.000490s ]
ERR: 无法加载模块:Tpl

[ 2016-07-04T13:34:34+08:00 ] 0.0.0.0 /shop/Tpl/Public/js/maps/swiper.jquery.min.js.map
INFO: [ route_check ] --START--
INFO: CheckRoute Behavior ::run [ RunTime:0.000638s ]
INFO: [ route_check ] --END-- [ RunTime:0.000727s ]
INFO: [ app_begin ] --START--
INFO: ReadHtmlCache Behavior ::run [ RunTime:0.000593s ]
INFO: [ app_begin ] --END-- [ RunTime:0.000662s ]
ERR: 无法加载模块:Tpl

[ 2016-07-04T13:34:34+08:00 ] 0.0.0.0 /shop/Index/hotRecommend
INFO: [ route_check ] --START--
INFO: CheckRoute Behavior ::run [ RunTime:0.000576s ]
INFO: [ route_check ] --END-- [ RunTime:0.000658s ]
INFO: [ app_begin ] --START--
INFO: ReadHtmlCache Behavior ::run [ RunTime:0.000429s ]
INFO: [ app_begin ] --END-- [ RunTime:0.000488s ]
SQL: SHOW COLUMNS FROM `goods` [ RunTime:0.006616s ]
SQL: SELECT * FROM `goods` WHERE ( goods_status = 1 )  [ RunTime:0.000313s ]

[ 2016-07-04T13:34:36+08:00 ] 0.0.0.0 /shop/Display/goodsDetail?goods_id=2015010808785737
INFO: [ route_check ] --START--
INFO: CheckRoute Behavior ::run [ RunTime:0.000872s ]
INFO: [ route_check ] --END-- [ RunTime:0.000993s ]
INFO: [ app_begin ] --START--
INFO: ReadHtmlCache Behavior ::run [ RunTime:0.000891s ]
INFO: [ app_begin ] --END-- [ RunTime:0.001045s ]
INFO: [ view_parse ] --START--
INFO: ParseTemplate Behavior ::run [ RunTime:0.010759s ]
INFO: [ view_parse ] --END-- [ RunTime:0.010848s ]
INFO: [ view_filter ] --START--
INFO: ContentReplace Behavior ::run [ RunTime:0.000363s ]
INFO: TokenBuild Behavior ::run [ RunTime:0.000315s ]
INFO: WriteHtmlCache Behavior ::run [ RunTime:0.000257s ]
INFO: ShowRuntime Behavior ::run [ RunTime:0.000359s ]
INFO: [ view_filter ] --END-- [ RunTime:0.001433s ]
INFO: [ view_end ] --START--
INFO: ShowPageTrace Behavior ::run [ RunTime:0.000443s ]
INFO: [ view_end ] --END-- [ RunTime:0.000490s ]

[ 2016-07-04T13:34:36+08:00 ] 0.0.0.0 /shop/Tpl/Public/js/maps/swiper.jquery.min.js.map
INFO: [ route_check ] --START--
INFO: CheckRoute Behavior ::run [ RunTime:0.000631s ]
INFO: [ route_check ] --END-- [ RunTime:0.000714s ]
INFO: [ app_begin ] --START--
INFO: ReadHtmlCache Behavior ::run [ RunTime:0.000419s ]
INFO: [ app_begin ] --END-- [ RunTime:0.000469s ]
ERR: 无法加载模块:Tpl

[ 2016-07-04T13:34:36+08:00 ] 0.0.0.0 /shop/Goods/goodsDetail
INFO: [ route_check ] --START--
INFO: CheckRoute Behavior ::run [ RunTime:0.000761s ]
INFO: [ route_check ] --END-- [ RunTime:0.000874s ]
INFO: [ app_begin ] --START--
INFO: ReadHtmlCache Behavior ::run [ RunTime:0.000423s ]
INFO: [ app_begin ] --END-- [ RunTime:0.000470s ]
SQL: SHOW COLUMNS FROM `goods` [ RunTime:0.004061s ]
SQL: SELECT * FROM `goods` WHERE ( `goods_id` = '2015010808785737' )  [ RunTime:0.000794s ]
SQL: SHOW COLUMNS FROM `favorite` [ RunTime:0.004541s ]
SQL: SELECT * FROM `favorite` WHERE ( `goods_id` = '2015010808785737' ) AND ( `loginkey` = 'orseWv4iA8crbE52STgZX1i11ya4' ) LIMIT 1   [ RunTime:0.000418s ]

[ 2016-07-04T13:34:38+08:00 ] 0.0.0.0 /shop/Display/shoppingcart
INFO: [ route_check ] --START--
INFO: CheckRoute Behavior ::run [ RunTime:0.000753s ]
INFO: [ route_check ] --END-- [ RunTime:0.000855s ]
INFO: [ app_begin ] --START--
INFO: ReadHtmlCache Behavior ::run [ RunTime:0.000539s ]
INFO: [ app_begin ] --END-- [ RunTime:0.000606s ]
INFO: [ view_parse ] --START--
INFO: ParseTemplate Behavior ::run [ RunTime:0.009564s ]
INFO: [ view_parse ] --END-- [ RunTime:0.009658s ]
INFO: [ view_filter ] --START--
INFO: ContentReplace Behavior ::run [ RunTime:0.000388s ]
INFO: TokenBuild Behavior ::run [ RunTime:0.000330s ]
INFO: WriteHtmlCache Behavior ::run [ RunTime:0.000272s ]
INFO: ShowRuntime Behavior ::run [ RunTime:0.000406s ]
INFO: [ view_filter ] --END-- [ RunTime:0.001539s ]
INFO: [ view_end ] --START--
INFO: ShowPageTrace Behavior ::run [ RunTime:0.000695s ]
INFO: [ view_end ] --END-- [ RunTime:0.000762s ]

[ 2016-07-04T13:34:39+08:00 ] 0.0.0.0 /shop/Tpl/Public/js/maps/swiper.jquery.min.js.map
INFO: [ route_check ] --START--
INFO: CheckRoute Behavior ::run [ RunTime:0.001115s ]
INFO: [ route_check ] --END-- [ RunTime:0.001268s ]
INFO: [ app_begin ] --START--
INFO: ReadHtmlCache Behavior ::run [ RunTime:0.000659s ]
INFO: [ app_begin ] --END-- [ RunTime:0.000742s ]
ERR: 无法加载模块:Tpl

[ 2016-07-04T13:34:39+08:00 ] 0.0.0.0 /shop/ShoppingCart/getShoppingcart
INFO: [ route_check ] --START--
INFO: CheckRoute Behavior ::run [ RunTime:0.000577s ]
INFO: [ route_check ] --END-- [ RunTime:0.000660s ]
INFO: [ app_begin ] --START--
INFO: ReadHtmlCache Behavior ::run [ RunTime:0.000427s ]
INFO: [ app_begin ] --END-- [ RunTime:0.000474s ]
SQL: SHOW COLUMNS FROM `shoppingcart` [ RunTime:0.005121s ]
SQL: SELECT * FROM `shoppingcart` WHERE ( `loginkey` = 'orseWv4iA8crbE52STgZX1i11ya4' )  [ RunTime:0.000244s ]
NOTIC: [2] Invalid argument supplied for foreach() C:\programs\phpstudy\WWW\shop\Lib\Action\ShoppingCartAction.class.php 第 19 行.
SQL: SELECT * FROM `shoppingcart` WHERE ( `loginkey` = 'orseWv4iA8crbE52STgZX1i11ya4' )  [ RunTime:0.000237s ]
NOTIC: [2] Invalid argument supplied for foreach() C:\programs\phpstudy\WWW\shop\Lib\Action\ShoppingCartAction.class.php 第 114 行.

[ 2016-07-04T13:34:40+08:00 ] 0.0.0.0 /shop/Display/personal.Tpl
INFO: [ route_check ] --START--
INFO: CheckRoute Behavior ::run [ RunTime:0.000896s ]
INFO: [ route_check ] --END-- [ RunTime:0.001029s ]
INFO: [ app_begin ] --START--
INFO: ReadHtmlCache Behavior ::run [ RunTime:0.000551s ]
INFO: [ app_begin ] --END-- [ RunTime:0.000673s ]
INFO: [ view_parse ] --START--
INFO: ParseTemplate Behavior ::run [ RunTime:0.009751s ]
INFO: [ view_parse ] --END-- [ RunTime:0.009879s ]
INFO: [ view_filter ] --START--
INFO: ContentReplace Behavior ::run [ RunTime:0.000405s ]
INFO: TokenBuild Behavior ::run [ RunTime:0.000346s ]
INFO: WriteHtmlCache Behavior ::run [ RunTime:0.000286s ]
INFO: ShowRuntime Behavior ::run [ RunTime:0.000470s ]
INFO: [ view_filter ] --END-- [ RunTime:0.001652s ]
INFO: [ view_end ] --START--
INFO: ShowPageTrace Behavior ::run [ RunTime:0.000464s ]
INFO: [ view_end ] --END-- [ RunTime:0.000511s ]

[ 2016-07-04T13:34:41+08:00 ] 0.0.0.0 /shop/Tpl/Public/js/maps/swiper.jquery.min.js.map
INFO: [ route_check ] --START--
INFO: CheckRoute Behavior ::run [ RunTime:0.000926s ]
INFO: [ route_check ] --END-- [ RunTime:0.001154s ]
INFO: [ app_begin ] --START--
INFO: ReadHtmlCache Behavior ::run [ RunTime:0.000592s ]
INFO: [ app_begin ] --END-- [ RunTime:0.000688s ]
ERR: 无法加载模块:Tpl

[ 2016-07-04T13:34:41+08:00 ] 0.0.0.0 /shop/Personal/userMessage
INFO: [ route_check ] --START--
INFO: CheckRoute Behavior ::run [ RunTime:0.000583s ]
INFO: [ route_check ] --END-- [ RunTime:0.000672s ]
INFO: [ app_begin ] --START--
INFO: ReadHtmlCache Behavior ::run [ RunTime:0.000445s ]
INFO: [ app_begin ] --END-- [ RunTime:0.000490s ]
SQL: SHOW COLUMNS FROM `user` [ RunTime:0.003124s ]
SQL: SELECT * FROM `user` WHERE ( `loginkey` = 'orseWv4iA8crbE52STgZX1i11ya4' )  [ RunTime:0.000205s ]

[ 2016-07-04T13:34:43+08:00 ] 0.0.0.0 /shop/Display/myorder?status=0
INFO: [ route_check ] --START--
INFO: CheckRoute Behavior ::run [ RunTime:0.001036s ]
INFO: [ route_check ] --END-- [ RunTime:0.001185s ]
INFO: [ app_begin ] --START--
INFO: ReadHtmlCache Behavior ::run [ RunTime:0.000574s ]
INFO: [ app_begin ] --END-- [ RunTime:0.000648s ]
INFO: [ view_parse ] --START--
INFO: ParseTemplate Behavior ::run [ RunTime:0.007644s ]
INFO: [ view_parse ] --END-- [ RunTime:0.007764s ]
INFO: [ view_filter ] --START--
INFO: ContentReplace Behavior ::run [ RunTime:0.000351s ]
INFO: TokenBuild Behavior ::run [ RunTime:0.000317s ]
INFO: WriteHtmlCache Behavior ::run [ RunTime:0.000247s ]
INFO: ShowRuntime Behavior ::run [ RunTime:0.000355s ]
INFO: [ view_filter ] --END-- [ RunTime:0.001400s ]
INFO: [ view_end ] --START--
INFO: ShowPageTrace Behavior ::run [ RunTime:0.000434s ]
INFO: [ view_end ] --END-- [ RunTime:0.000479s ]

[ 2016-07-04T13:34:43+08:00 ] 0.0.0.0 /shop/Personal/getMyOrder
INFO: [ route_check ] --START--
INFO: CheckRoute Behavior ::run [ RunTime:0.000567s ]
INFO: [ route_check ] --END-- [ RunTime:0.000642s ]
INFO: [ app_begin ] --START--
INFO: ReadHtmlCache Behavior ::run [ RunTime:0.000486s ]
INFO: [ app_begin ] --END-- [ RunTime:0.000547s ]
SQL: SHOW COLUMNS FROM `order` [ RunTime:0.003783s ]
SQL: SELECT * FROM `order` WHERE ( `loginkey` = 'orseWv4iA8crbE52STgZX1i11ya4' ) AND ( `order_status` <= 2 ) GROUP BY order_id  [ RunTime:0.000781s ]

[ 2016-07-04T13:34:43+08:00 ] 0.0.0.0 /shop/Tpl/Public/js/maps/swiper.jquery.min.js.map
INFO: [ route_check ] --START--
INFO: CheckRoute Behavior ::run [ RunTime:0.000987s ]
INFO: [ route_check ] --END-- [ RunTime:0.001126s ]
INFO: [ app_begin ] --START--
INFO: ReadHtmlCache Behavior ::run [ RunTime:0.000736s ]
INFO: [ app_begin ] --END-- [ RunTime:0.000825s ]
ERR: 无法加载模块:Tpl

[ 2016-07-04T13:34:44+08:00 ] 0.0.0.0 /shop/Display/orderdetail?order_id=1606281702016039
INFO: [ route_check ] --START--
INFO: CheckRoute Behavior ::run [ RunTime:0.000768s ]
INFO: [ route_check ] --END-- [ RunTime:0.000867s ]
INFO: [ app_begin ] --START--
INFO: ReadHtmlCache Behavior ::run [ RunTime:0.000569s ]
INFO: [ app_begin ] --END-- [ RunTime:0.000643s ]
INFO: [ view_parse ] --START--
INFO: ParseTemplate Behavior ::run [ RunTime:0.008119s ]
INFO: [ view_parse ] --END-- [ RunTime:0.008271s ]
INFO: [ view_filter ] --START--
INFO: ContentReplace Behavior ::run [ RunTime:0.000442s ]
INFO: TokenBuild Behavior ::run [ RunTime:0.000413s ]
INFO: WriteHtmlCache Behavior ::run [ RunTime:0.000323s ]
INFO: ShowRuntime Behavior ::run [ RunTime:0.000465s ]
INFO: [ view_filter ] --END-- [ RunTime:0.001821s ]
INFO: [ view_end ] --START--
INFO: ShowPageTrace Behavior ::run [ RunTime:0.000581s ]
INFO: [ view_end ] --END-- [ RunTime:0.000640s ]

[ 2016-07-04T13:34:44+08:00 ] 0.0.0.0 /shop/Order/getOrderDetail
INFO: [ route_check ] --START--
INFO: CheckRoute Behavior ::run [ RunTime:0.000581s ]
INFO: [ route_check ] --END-- [ RunTime:0.000657s ]
INFO: [ app_begin ] --START--
INFO: ReadHtmlCache Behavior ::run [ RunTime:0.000477s ]
INFO: [ app_begin ] --END-- [ RunTime:0.000535s ]
SQL: SHOW COLUMNS FROM `order` [ RunTime:0.003567s ]
SQL: SELECT * FROM `order` WHERE ( `order_id` = '1606281702016039' )  [ RunTime:0.000277s ]
SQL: SHOW COLUMNS FROM `goods` [ RunTime:0.002686s ]
SQL: SELECT `goods_pic` FROM `goods` WHERE ( `goods_id` = '2015010808785737' ) LIMIT 1   [ RunTime:0.000183s ]
SQL: SELECT `goods_price` FROM `goods` WHERE ( `goods_id` = '2015010808785737' ) LIMIT 1   [ RunTime:0.000194s ]

[ 2016-07-04T13:34:45+08:00 ] 0.0.0.0 /shop/Tpl/Public/js/maps/swiper.jquery.min.js.map
INFO: [ route_check ] --START--
INFO: CheckRoute Behavior ::run [ RunTime:0.000864s ]
INFO: [ route_check ] --END-- [ RunTime:0.001004s ]
INFO: [ app_begin ] --START--
INFO: ReadHtmlCache Behavior ::run [ RunTime:0.001074s ]
INFO: [ app_begin ] --END-- [ RunTime:0.001243s ]
ERR: 无法加载模块:Tpl

[ 2016-07-04T13:34:46+08:00 ] 0.0.0.0 /shop/Personal/getMyOrder
INFO: [ route_check ] --START--
INFO: CheckRoute Behavior ::run [ RunTime:0.000572s ]
INFO: [ route_check ] --END-- [ RunTime:0.000648s ]
INFO: [ app_begin ] --START--
INFO: ReadHtmlCache Behavior ::run [ RunTime:0.000413s ]
INFO: [ app_begin ] --END-- [ RunTime:0.000458s ]
SQL: SHOW COLUMNS FROM `order` [ RunTime:0.002991s ]
SQL: SELECT * FROM `order` WHERE ( `loginkey` = 'orseWv4iA8crbE52STgZX1i11ya4' ) AND ( `order_status` <= 2 ) GROUP BY order_id  [ RunTime:0.000392s ]

[ 2016-07-04T13:34:46+08:00 ] 0.0.0.0 /shop/Tpl/Public/js/maps/swiper.jquery.min.js.map
INFO: [ route_check ] --START--
INFO: CheckRoute Behavior ::run [ RunTime:0.000682s ]
INFO: [ route_check ] --END-- [ RunTime:0.000783s ]
INFO: [ app_begin ] --START--
INFO: ReadHtmlCache Behavior ::run [ RunTime:0.000724s ]
INFO: [ app_begin ] --END-- [ RunTime:0.000847s ]
ERR: 无法加载模块:Tpl

[ 2016-07-04T13:34:47+08:00 ] 0.0.0.0 /shop/Tpl/Public/js/maps/swiper.jquery.min.js.map
INFO: [ route_check ] --START--
INFO: CheckRoute Behavior ::run [ RunTime:0.000695s ]
INFO: [ route_check ] --END-- [ RunTime:0.000792s ]
INFO: [ app_begin ] --START--
INFO: ReadHtmlCache Behavior ::run [ RunTime:0.000422s ]
INFO: [ app_begin ] --END-- [ RunTime:0.000473s ]
ERR: 无法加载模块:Tpl

[ 2016-07-04T13:34:47+08:00 ] 0.0.0.0 /shop/Personal/userMessage
INFO: [ route_check ] --START--
INFO: CheckRoute Behavior ::run [ RunTime:0.000843s ]
INFO: [ route_check ] --END-- [ RunTime:0.000940s ]
INFO: [ app_begin ] --START--
INFO: ReadHtmlCache Behavior ::run [ RunTime:0.000453s ]
INFO: [ app_begin ] --END-- [ RunTime:0.000562s ]
SQL: SHOW COLUMNS FROM `user` [ RunTime:0.004694s ]
SQL: SELECT * FROM `user` WHERE ( `loginkey` = 'orseWv4iA8crbE52STgZX1i11ya4' )  [ RunTime:0.000234s ]

[ 2016-07-04T23:44:53+08:00 ] 0.0.0.0 /shop/
INFO: [ app_begin ] --START--
INFO: ReadHtmlCache Behavior ::run [ RunTime:0.001208s ]
INFO: [ app_begin ] --END-- [ RunTime:0.002167s ]
SQL: SHOW COLUMNS FROM `user` [ RunTime:0.005055s ]
SQL: SELECT `user_status` FROM `user` WHERE ( `loginkey` = 'orseWv4iA8crbE52STgZX1i11ya4' ) LIMIT 1   [ RunTime:0.000360s ]
INFO: [ view_parse ] --START--
INFO: ParseTemplate Behavior ::run [ RunTime:0.010683s ]
INFO: [ view_parse ] --END-- [ RunTime:0.010767s ]
INFO: [ view_filter ] --START--
INFO: ContentReplace Behavior ::run [ RunTime:0.000803s ]
INFO: TokenBuild Behavior ::run [ RunTime:0.000763s ]
INFO: WriteHtmlCache Behavior ::run [ RunTime:0.000704s ]
INFO: ShowRuntime Behavior ::run [ RunTime:0.000856s ]
INFO: [ view_filter ] --END-- [ RunTime:0.003266s ]
INFO: [ view_end ] --START--
INFO: ShowPageTrace Behavior ::run [ RunTime:0.000887s ]
INFO: [ view_end ] --END-- [ RunTime:0.000939s ]

[ 2016-07-04T23:44:53+08:00 ] 0.0.0.0 /shop/Index/hotRecommend
INFO: [ route_check ] --START--
INFO: CheckRoute Behavior ::run [ RunTime:0.001042s ]
INFO: [ route_check ] --END-- [ RunTime:0.001135s ]
INFO: [ app_begin ] --START--
INFO: ReadHtmlCache Behavior ::run [ RunTime:0.000475s ]
INFO: [ app_begin ] --END-- [ RunTime:0.000525s ]
SQL: SHOW COLUMNS FROM `goods` [ RunTime:0.004680s ]
SQL: SELECT * FROM `goods` WHERE ( goods_status = 1 )  [ RunTime:0.001173s ]

